[0.024s] Invoking command in '/home/bgr/bgr_ws/build/topic_tools_interfaces': CMAKE_PREFIX_PATH=${CMAKE_PREFIX_PATH}:/home/bgr/bgr_ws/install/mogi_trajectory_server:/home/bgr/bgr_ws/install/bme_ros2_navigation_py:/opt/ros/jazzy DEBUGINFOD_URLS=https://debuginfod.ubuntu.com /usr/bin/cmake --build /home/bgr/bgr_ws/build/topic_tools_interfaces -- -j16 -l16
[0.182s] [  1%] Built target topic_tools_interfaces__rosidl_generator_type_description
[0.182s] [  1%] Built target ament_cmake_python_copy_topic_tools_interfaces
[0.182s] [  1%] Built target topic_tools_interfaces__cpp
[0.182s] [ 26%] Built target topic_tools_interfaces__rosidl_generator_c
[0.182s] [ 81%] Built target topic_tools_interfaces__rosidl_typesupport_introspection_c
[0.183s] [ 81%] Built target topic_tools_interfaces__rosidl_typesupport_cpp
[0.183s] [ 84%] Built target topic_tools_interfaces__rosidl_typesupport_fastrtps_c
[0.183s] [ 84%] Built target topic_tools_interfaces__rosidl_typesupport_introspection_cpp
[0.183s] [ 84%] Built target topic_tools_interfaces__rosidl_typesupport_fastrtps_cpp
[0.183s] [ 84%] Built target topic_tools_interfaces__rosidl_typesupport_c
[0.183s] [ 84%] Built target topic_tools_interfaces
[0.183s] [ 85%] Built target topic_tools_interfaces__py
[0.197s] [ 94%] Built target topic_tools_interfaces__rosidl_generator_py
[0.220s] [100%] Built target topic_tools_interfaces_s__rosidl_typesupport_introspection_c
[0.220s] [100%] Built target topic_tools_interfaces_s__rosidl_typesupport_c
[0.220s] [100%] Built target topic_tools_interfaces_s__rosidl_typesupport_fastrtps_c
[0.242s] running egg_info
[0.254s] writing topic_tools_interfaces.egg-info/PKG-INFO
[0.254s] writing dependency_links to topic_tools_interfaces.egg-info/dependency_links.txt
[0.254s] writing top-level names to topic_tools_interfaces.egg-info/top_level.txt
[0.291s] reading manifest file 'topic_tools_interfaces.egg-info/SOURCES.txt'
[0.291s] writing manifest file 'topic_tools_interfaces.egg-info/SOURCES.txt'
[0.318s] [100%] Built target ament_cmake_python_build_topic_tools_interfaces_egg
[0.361s] Invoked command in '/home/bgr/bgr_ws/build/topic_tools_interfaces' returned '0': CMAKE_PREFIX_PATH=${CMAKE_PREFIX_PATH}:/home/bgr/bgr_ws/install/mogi_trajectory_server:/home/bgr/bgr_ws/install/bme_ros2_navigation_py:/opt/ros/jazzy DEBUGINFOD_URLS=https://debuginfod.ubuntu.com /usr/bin/cmake --build /home/bgr/bgr_ws/build/topic_tools_interfaces -- -j16 -l16
[0.362s] Invoking command in '/home/bgr/bgr_ws/build/topic_tools_interfaces': CMAKE_PREFIX_PATH=${CMAKE_PREFIX_PATH}:/home/bgr/bgr_ws/install/mogi_trajectory_server:/home/bgr/bgr_ws/install/bme_ros2_navigation_py:/opt/ros/jazzy DEBUGINFOD_URLS=https://debuginfod.ubuntu.com /usr/bin/cmake --install /home/bgr/bgr_ws/build/topic_tools_interfaces
[0.371s] -- Install configuration: ""
[0.371s] -- Up-to-date: /home/bgr/bgr_ws/install/topic_tools_interfaces/share/ament_index/resource_index/rosidl_interfaces/topic_tools_interfaces
[0.371s] -- Up-to-date: /home/bgr/bgr_ws/install/topic_tools_interfaces/share/topic_tools_interfaces/srv/DemuxAdd.json
[0.371s] -- Up-to-date: /home/bgr/bgr_ws/install/topic_tools_interfaces/share/topic_tools_interfaces/srv/DemuxDelete.json
[0.371s] -- Up-to-date: /home/bgr/bgr_ws/install/topic_tools_interfaces/share/topic_tools_interfaces/srv/DemuxList.json
[0.371s] -- Up-to-date: /home/bgr/bgr_ws/install/topic_tools_interfaces/share/topic_tools_interfaces/srv/DemuxSelect.json
[0.371s] -- Up-to-date: /home/bgr/bgr_ws/install/topic_tools_interfaces/share/topic_tools_interfaces/srv/MuxAdd.json
[0.371s] -- Up-to-date: /home/bgr/bgr_ws/install/topic_tools_interfaces/share/topic_tools_interfaces/srv/MuxDelete.json
[0.371s] -- Up-to-date: /home/bgr/bgr_ws/install/topic_tools_interfaces/share/topic_tools_interfaces/srv/MuxList.json
[0.371s] -- Up-to-date: /home/bgr/bgr_ws/install/topic_tools_interfaces/share/topic_tools_interfaces/srv/MuxSelect.json
[0.372s] -- Up-to-date: /home/bgr/bgr_ws/install/topic_tools_interfaces/include/topic_tools_interfaces/topic_tools_interfaces
[0.372s] -- Up-to-date: /home/bgr/bgr_ws/install/topic_tools_interfaces/include/topic_tools_interfaces/topic_tools_interfaces/msg
[0.372s] -- Up-to-date: /home/bgr/bgr_ws/install/topic_tools_interfaces/include/topic_tools_interfaces/topic_tools_interfaces/msg/rosidl_generator_c__visibility_control.h
[0.372s] -- Up-to-date: /home/bgr/bgr_ws/install/topic_tools_interfaces/include/topic_tools_interfaces/topic_tools_interfaces/srv
[0.372s] -- Up-to-date: /home/bgr/bgr_ws/install/topic_tools_interfaces/include/topic_tools_interfaces/topic_tools_interfaces/srv/demux_select.h
[0.372s] -- Up-to-date: /home/bgr/bgr_ws/install/topic_tools_interfaces/include/topic_tools_interfaces/topic_tools_interfaces/srv/demux_delete.h
[0.372s] -- Up-to-date: /home/bgr/bgr_ws/install/topic_tools_interfaces/include/topic_tools_interfaces/topic_tools_interfaces/srv/mux_select.h
[0.372s] -- Up-to-date: /home/bgr/bgr_ws/install/topic_tools_interfaces/include/topic_tools_interfaces/topic_tools_interfaces/srv/demux_list.h
[0.372s] -- Up-to-date: /home/bgr/bgr_ws/install/topic_tools_interfaces/include/topic_tools_interfaces/topic_tools_interfaces/srv/mux_add.h
[0.372s] -- Up-to-date: /home/bgr/bgr_ws/install/topic_tools_interfaces/include/topic_tools_interfaces/topic_tools_interfaces/srv/mux_list.h
[0.372s] -- Up-to-date: /home/bgr/bgr_ws/install/topic_tools_interfaces/include/topic_tools_interfaces/topic_tools_interfaces/srv/detail
[0.372s] -- Up-to-date: /home/bgr/bgr_ws/install/topic_tools_interfaces/include/topic_tools_interfaces/topic_tools_interfaces/srv/detail/mux_delete__functions.h
[0.372s] -- Up-to-date: /home/bgr/bgr_ws/install/topic_tools_interfaces/include/topic_tools_interfaces/topic_tools_interfaces/srv/detail/mux_select__functions.h
[0.372s] -- Up-to-date: /home/bgr/bgr_ws/install/topic_tools_interfaces/include/topic_tools_interfaces/topic_tools_interfaces/srv/detail/mux_add__type_support.c
[0.372s] -- Up-to-date: /home/bgr/bgr_ws/install/topic_tools_interfaces/include/topic_tools_interfaces/topic_tools_interfaces/srv/detail/demux_list__type_support.h
[0.372s] -- Up-to-date: /home/bgr/bgr_ws/install/topic_tools_interfaces/include/topic_tools_interfaces/topic_tools_interfaces/srv/detail/demux_add__description.c
[0.372s] -- Up-to-date: /home/bgr/bgr_ws/install/topic_tools_interfaces/include/topic_tools_interfaces/topic_tools_interfaces/srv/detail/demux_list__struct.h
[0.372s] -- Up-to-date: /home/bgr/bgr_ws/install/topic_tools_interfaces/include/topic_tools_interfaces/topic_tools_interfaces/srv/detail/mux_delete__description.c
[0.373s] -- Up-to-date: /home/bgr/bgr_ws/install/topic_tools_interfaces/include/topic_tools_interfaces/topic_tools_interfaces/srv/detail/mux_delete__type_support.c
[0.373s] -- Up-to-date: /home/bgr/bgr_ws/install/topic_tools_interfaces/include/topic_tools_interfaces/topic_tools_interfaces/srv/detail/mux_add__struct.h
[0.373s] -- Up-to-date: /home/bgr/bgr_ws/install/topic_tools_interfaces/include/topic_tools_interfaces/topic_tools_interfaces/srv/detail/demux_delete__struct.h
[0.373s] -- Up-to-date: /home/bgr/bgr_ws/install/topic_tools_interfaces/include/topic_tools_interfaces/topic_tools_interfaces/srv/detail/demux_select__functions.h
[0.373s] -- Up-to-date: /home/bgr/bgr_ws/install/topic_tools_interfaces/include/topic_tools_interfaces/topic_tools_interfaces/srv/detail/demux_delete__description.c
[0.373s] -- Up-to-date: /home/bgr/bgr_ws/install/topic_tools_interfaces/include/topic_tools_interfaces/topic_tools_interfaces/srv/detail/demux_delete__functions.h
[0.373s] -- Up-to-date: /home/bgr/bgr_ws/install/topic_tools_interfaces/include/topic_tools_interfaces/topic_tools_interfaces/srv/detail/mux_add__functions.c
[0.373s] -- Up-to-date: /home/bgr/bgr_ws/install/topic_tools_interfaces/include/topic_tools_interfaces/topic_tools_interfaces/srv/detail/mux_select__type_support.c
[0.374s] -- Up-to-date: /home/bgr/bgr_ws/install/topic_tools_interfaces/include/topic_tools_interfaces/topic_tools_interfaces/srv/detail/mux_select__functions.c
[0.374s] -- Up-to-date: /home/bgr/bgr_ws/install/topic_tools_interfaces/include/topic_tools_interfaces/topic_tools_interfaces/srv/detail/demux_delete__type_support.c
[0.374s] -- Up-to-date: /home/bgr/bgr_ws/install/topic_tools_interfaces/include/topic_tools_interfaces/topic_tools_interfaces/srv/detail/mux_list__struct.h
[0.374s] -- Up-to-date: /home/bgr/bgr_ws/install/topic_tools_interfaces/include/topic_tools_interfaces/topic_tools_interfaces/srv/detail/demux_delete__type_support.h
[0.375s] -- Up-to-date: /home/bgr/bgr_ws/install/topic_tools_interfaces/include/topic_tools_interfaces/topic_tools_interfaces/srv/detail/mux_select__description.c
[0.375s] -- Up-to-date: /home/bgr/bgr_ws/install/topic_tools_interfaces/include/topic_tools_interfaces/topic_tools_interfaces/srv/detail/demux_list__type_support.c
[0.375s] -- Up-to-date: /home/bgr/bgr_ws/install/topic_tools_interfaces/include/topic_tools_interfaces/topic_tools_interfaces/srv/detail/demux_select__functions.c
[0.375s] -- Up-to-date: /home/bgr/bgr_ws/install/topic_tools_interfaces/include/topic_tools_interfaces/topic_tools_interfaces/srv/detail/mux_list__type_support.c
[0.375s] -- Up-to-date: /home/bgr/bgr_ws/install/topic_tools_interfaces/include/topic_tools_interfaces/topic_tools_interfaces/srv/detail/mux_list__functions.h
[0.375s] -- Up-to-date: /home/bgr/bgr_ws/install/topic_tools_interfaces/include/topic_tools_interfaces/topic_tools_interfaces/srv/detail/demux_add__functions.c
[0.376s] -- Up-to-date: /home/bgr/bgr_ws/install/topic_tools_interfaces/include/topic_tools_interfaces/topic_tools_interfaces/srv/detail/mux_delete__type_support.h
[0.376s] -- Up-to-date: /home/bgr/bgr_ws/install/topic_tools_interfaces/include/topic_tools_interfaces/topic_tools_interfaces/srv/detail/demux_list__functions.c
[0.376s] -- Up-to-date: /home/bgr/bgr_ws/install/topic_tools_interfaces/include/topic_tools_interfaces/topic_tools_interfaces/srv/detail/mux_list__description.c
[0.376s] -- Up-to-date: /home/bgr/bgr_ws/install/topic_tools_interfaces/include/topic_tools_interfaces/topic_tools_interfaces/srv/detail/demux_select__struct.h
[0.376s] -- Up-to-date: /home/bgr/bgr_ws/install/topic_tools_interfaces/include/topic_tools_interfaces/topic_tools_interfaces/srv/detail/mux_list__type_support.h
[0.376s] -- Up-to-date: /home/bgr/bgr_ws/install/topic_tools_interfaces/include/topic_tools_interfaces/topic_tools_interfaces/srv/detail/demux_add__type_support.h
[0.376s] -- Up-to-date: /home/bgr/bgr_ws/install/topic_tools_interfaces/include/topic_tools_interfaces/topic_tools_interfaces/srv/detail/demux_list__description.c
[0.376s] -- Up-to-date: /home/bgr/bgr_ws/install/topic_tools_interfaces/include/topic_tools_interfaces/topic_tools_interfaces/srv/detail/demux_select__description.c
[0.376s] -- Up-to-date: /home/bgr/bgr_ws/install/topic_tools_interfaces/include/topic_tools_interfaces/topic_tools_interfaces/srv/detail/demux_list__functions.h
[0.376s] -- Up-to-date: /home/bgr/bgr_ws/install/topic_tools_interfaces/include/topic_tools_interfaces/topic_tools_interfaces/srv/detail/mux_delete__struct.h
[0.376s] -- Up-to-date: /home/bgr/bgr_ws/install/topic_tools_interfaces/include/topic_tools_interfaces/topic_tools_interfaces/srv/detail/demux_add__struct.h
[0.376s] -- Up-to-date: /home/bgr/bgr_ws/install/topic_tools_interfaces/include/topic_tools_interfaces/topic_tools_interfaces/srv/detail/demux_add__type_support.c
[0.376s] -- Up-to-date: /home/bgr/bgr_ws/install/topic_tools_interfaces/include/topic_tools_interfaces/topic_tools_interfaces/srv/detail/mux_add__type_support.h
[0.376s] -- Up-to-date: /home/bgr/bgr_ws/install/topic_tools_interfaces/include/topic_tools_interfaces/topic_tools_interfaces/srv/detail/mux_select__type_support.h
[0.376s] -- Up-to-date: /home/bgr/bgr_ws/install/topic_tools_interfaces/include/topic_tools_interfaces/topic_tools_interfaces/srv/detail/mux_add__description.c
[0.376s] -- Up-to-date: /home/bgr/bgr_ws/install/topic_tools_interfaces/include/topic_tools_interfaces/topic_tools_interfaces/srv/detail/demux_select__type_support.c
[0.377s] -- Up-to-date: /home/bgr/bgr_ws/install/topic_tools_interfaces/include/topic_tools_interfaces/topic_tools_interfaces/srv/detail/mux_select__struct.h
[0.377s] -- Up-to-date: /home/bgr/bgr_ws/install/topic_tools_interfaces/include/topic_tools_interfaces/topic_tools_interfaces/srv/detail/demux_select__type_support.h
[0.377s] -- Up-to-date: /home/bgr/bgr_ws/install/topic_tools_interfaces/include/topic_tools_interfaces/topic_tools_interfaces/srv/detail/demux_delete__functions.c
[0.377s] -- Up-to-date: /home/bgr/bgr_ws/install/topic_tools_interfaces/include/topic_tools_interfaces/topic_tools_interfaces/srv/detail/mux_list__functions.c
[0.377s] -- Up-to-date: /home/bgr/bgr_ws/install/topic_tools_interfaces/include/topic_tools_interfaces/topic_tools_interfaces/srv/detail/mux_delete__functions.c
[0.377s] -- Up-to-date: /home/bgr/bgr_ws/install/topic_tools_interfaces/include/topic_tools_interfaces/topic_tools_interfaces/srv/detail/mux_add__functions.h
[0.377s] -- Up-to-date: /home/bgr/bgr_ws/install/topic_tools_interfaces/include/topic_tools_interfaces/topic_tools_interfaces/srv/detail/demux_add__functions.h
[0.377s] -- Up-to-date: /home/bgr/bgr_ws/install/topic_tools_interfaces/include/topic_tools_interfaces/topic_tools_interfaces/srv/demux_add.h
[0.377s] -- Up-to-date: /home/bgr/bgr_ws/install/topic_tools_interfaces/include/topic_tools_interfaces/topic_tools_interfaces/srv/mux_delete.h
[0.377s] -- Up-to-date: /home/bgr/bgr_ws/install/topic_tools_interfaces/share/topic_tools_interfaces/environment/library_path.sh
[0.377s] -- Up-to-date: /home/bgr/bgr_ws/install/topic_tools_interfaces/share/topic_tools_interfaces/environment/library_path.dsv
[0.377s] -- Up-to-date: /home/bgr/bgr_ws/install/topic_tools_interfaces/lib/libtopic_tools_interfaces__rosidl_generator_c.so
[0.377s] -- Up-to-date: /home/bgr/bgr_ws/install/topic_tools_interfaces/include/topic_tools_interfaces/topic_tools_interfaces
[0.377s] -- Up-to-date: /home/bgr/bgr_ws/install/topic_tools_interfaces/include/topic_tools_interfaces/topic_tools_interfaces/msg
[0.378s] -- Up-to-date: /home/bgr/bgr_ws/install/topic_tools_interfaces/include/topic_tools_interfaces/topic_tools_interfaces/msg/rosidl_typesupport_fastrtps_c__visibility_control.h
[0.378s] -- Up-to-date: /home/bgr/bgr_ws/install/topic_tools_interfaces/include/topic_tools_interfaces/topic_tools_interfaces/srv
[0.378s] -- Up-to-date: /home/bgr/bgr_ws/install/topic_tools_interfaces/include/topic_tools_interfaces/topic_tools_interfaces/srv/detail
[0.378s] -- Up-to-date: /home/bgr/bgr_ws/install/topic_tools_interfaces/include/topic_tools_interfaces/topic_tools_interfaces/srv/detail/demux_add__rosidl_typesupport_fastrtps_c.h
[0.378s] -- Up-to-date: /home/bgr/bgr_ws/install/topic_tools_interfaces/include/topic_tools_interfaces/topic_tools_interfaces/srv/detail/mux_delete__rosidl_typesupport_fastrtps_c.h
[0.378s] -- Up-to-date: /home/bgr/bgr_ws/install/topic_tools_interfaces/include/topic_tools_interfaces/topic_tools_interfaces/srv/detail/mux_add__rosidl_typesupport_fastrtps_c.h
[0.378s] -- Up-to-date: /home/bgr/bgr_ws/install/topic_tools_interfaces/include/topic_tools_interfaces/topic_tools_interfaces/srv/detail/demux_list__rosidl_typesupport_fastrtps_c.h
[0.378s] -- Up-to-date: /home/bgr/bgr_ws/install/topic_tools_interfaces/include/topic_tools_interfaces/topic_tools_interfaces/srv/detail/mux_list__rosidl_typesupport_fastrtps_c.h
[0.378s] -- Up-to-date: /home/bgr/bgr_ws/install/topic_tools_interfaces/include/topic_tools_interfaces/topic_tools_interfaces/srv/detail/mux_select__rosidl_typesupport_fastrtps_c.h
[0.378s] -- Up-to-date: /home/bgr/bgr_ws/install/topic_tools_interfaces/include/topic_tools_interfaces/topic_tools_interfaces/srv/detail/demux_select__rosidl_typesupport_fastrtps_c.h
[0.378s] -- Up-to-date: /home/bgr/bgr_ws/install/topic_tools_interfaces/include/topic_tools_interfaces/topic_tools_interfaces/srv/detail/demux_delete__rosidl_typesupport_fastrtps_c.h
[0.378s] -- Up-to-date: /home/bgr/bgr_ws/install/topic_tools_interfaces/lib/libtopic_tools_interfaces__rosidl_typesupport_fastrtps_c.so
[0.379s] -- Up-to-date: /home/bgr/bgr_ws/install/topic_tools_interfaces/include/topic_tools_interfaces/topic_tools_interfaces
[0.379s] -- Up-to-date: /home/bgr/bgr_ws/install/topic_tools_interfaces/include/topic_tools_interfaces/topic_tools_interfaces/msg
[0.379s] -- Up-to-date: /home/bgr/bgr_ws/install/topic_tools_interfaces/include/topic_tools_interfaces/topic_tools_interfaces/msg/rosidl_typesupport_introspection_c__visibility_control.h
[0.379s] -- Up-to-date: /home/bgr/bgr_ws/install/topic_tools_interfaces/include/topic_tools_interfaces/topic_tools_interfaces/srv
[0.379s] -- Up-to-date: /home/bgr/bgr_ws/install/topic_tools_interfaces/include/topic_tools_interfaces/topic_tools_interfaces/srv/detail
[0.379s] -- Up-to-date: /home/bgr/bgr_ws/install/topic_tools_interfaces/include/topic_tools_interfaces/topic_tools_interfaces/srv/detail/mux_add__type_support.c
[0.379s] -- Up-to-date: /home/bgr/bgr_ws/install/topic_tools_interfaces/include/topic_tools_interfaces/topic_tools_interfaces/srv/detail/mux_delete__type_support.c
[0.379s] -- Up-to-date: /home/bgr/bgr_ws/install/topic_tools_interfaces/include/topic_tools_interfaces/topic_tools_interfaces/srv/detail/demux_list__rosidl_typesupport_introspection_c.h
[0.379s] -- Up-to-date: /home/bgr/bgr_ws/install/topic_tools_interfaces/include/topic_tools_interfaces/topic_tools_interfaces/srv/detail/mux_list__rosidl_typesupport_introspection_c.h
[0.379s] -- Up-to-date: /home/bgr/bgr_ws/install/topic_tools_interfaces/include/topic_tools_interfaces/topic_tools_interfaces/srv/detail/mux_select__type_support.c
[0.379s] -- Up-to-date: /home/bgr/bgr_ws/install/topic_tools_interfaces/include/topic_tools_interfaces/topic_tools_interfaces/srv/detail/demux_delete__type_support.c
[0.379s] -- Up-to-date: /home/bgr/bgr_ws/install/topic_tools_interfaces/include/topic_tools_interfaces/topic_tools_interfaces/srv/detail/mux_select__rosidl_typesupport_introspection_c.h
[0.379s] -- Up-to-date: /home/bgr/bgr_ws/install/topic_tools_interfaces/include/topic_tools_interfaces/topic_tools_interfaces/srv/detail/demux_delete__rosidl_typesupport_introspection_c.h
[0.379s] -- Up-to-date: /home/bgr/bgr_ws/install/topic_tools_interfaces/include/topic_tools_interfaces/topic_tools_interfaces/srv/detail/demux_list__type_support.c
[0.380s] -- Up-to-date: /home/bgr/bgr_ws/install/topic_tools_interfaces/include/topic_tools_interfaces/topic_tools_interfaces/srv/detail/mux_list__type_support.c
[0.380s] -- Up-to-date: /home/bgr/bgr_ws/install/topic_tools_interfaces/include/topic_tools_interfaces/topic_tools_interfaces/srv/detail/demux_add__type_support.c
[0.380s] -- Up-to-date: /home/bgr/bgr_ws/install/topic_tools_interfaces/include/topic_tools_interfaces/topic_tools_interfaces/srv/detail/demux_add__rosidl_typesupport_introspection_c.h
[0.380s] -- Up-to-date: /home/bgr/bgr_ws/install/topic_tools_interfaces/include/topic_tools_interfaces/topic_tools_interfaces/srv/detail/demux_select__rosidl_typesupport_introspection_c.h
[0.380s] -- Up-to-date: /home/bgr/bgr_ws/install/topic_tools_interfaces/include/topic_tools_interfaces/topic_tools_interfaces/srv/detail/demux_select__type_support.c
[0.380s] -- Up-to-date: /home/bgr/bgr_ws/install/topic_tools_interfaces/include/topic_tools_interfaces/topic_tools_interfaces/srv/detail/mux_add__rosidl_typesupport_introspection_c.h
[0.380s] -- Up-to-date: /home/bgr/bgr_ws/install/topic_tools_interfaces/include/topic_tools_interfaces/topic_tools_interfaces/srv/detail/mux_delete__rosidl_typesupport_introspection_c.h
[0.380s] -- Up-to-date: /home/bgr/bgr_ws/install/topic_tools_interfaces/lib/libtopic_tools_interfaces__rosidl_typesupport_introspection_c.so
[0.380s] -- Up-to-date: /home/bgr/bgr_ws/install/topic_tools_interfaces/lib/libtopic_tools_interfaces__rosidl_typesupport_c.so
[0.380s] -- Up-to-date: /home/bgr/bgr_ws/install/topic_tools_interfaces/include/topic_tools_interfaces/topic_tools_interfaces
[0.380s] -- Up-to-date: /home/bgr/bgr_ws/install/topic_tools_interfaces/include/topic_tools_interfaces/topic_tools_interfaces/msg
[0.380s] -- Up-to-date: /home/bgr/bgr_ws/install/topic_tools_interfaces/include/topic_tools_interfaces/topic_tools_interfaces/msg/rosidl_generator_cpp__visibility_control.hpp
[0.380s] -- Up-to-date: /home/bgr/bgr_ws/install/topic_tools_interfaces/include/topic_tools_interfaces/topic_tools_interfaces/srv
[0.380s] -- Up-to-date: /home/bgr/bgr_ws/install/topic_tools_interfaces/include/topic_tools_interfaces/topic_tools_interfaces/srv/mux_list.hpp
[0.380s] -- Up-to-date: /home/bgr/bgr_ws/install/topic_tools_interfaces/include/topic_tools_interfaces/topic_tools_interfaces/srv/demux_list.hpp
[0.380s] -- Up-to-date: /home/bgr/bgr_ws/install/topic_tools_interfaces/include/topic_tools_interfaces/topic_tools_interfaces/srv/mux_delete.hpp
[0.381s] -- Up-to-date: /home/bgr/bgr_ws/install/topic_tools_interfaces/include/topic_tools_interfaces/topic_tools_interfaces/srv/mux_select.hpp
[0.381s] -- Up-to-date: /home/bgr/bgr_ws/install/topic_tools_interfaces/include/topic_tools_interfaces/topic_tools_interfaces/srv/detail
[0.381s] -- Up-to-date: /home/bgr/bgr_ws/install/topic_tools_interfaces/include/topic_tools_interfaces/topic_tools_interfaces/srv/detail/mux_delete__struct.hpp
[0.381s] -- Up-to-date: /home/bgr/bgr_ws/install/topic_tools_interfaces/include/topic_tools_interfaces/topic_tools_interfaces/srv/detail/demux_delete__struct.hpp
[0.381s] -- Up-to-date: /home/bgr/bgr_ws/install/topic_tools_interfaces/include/topic_tools_interfaces/topic_tools_interfaces/srv/detail/demux_list__struct.hpp
[0.381s] -- Up-to-date: /home/bgr/bgr_ws/install/topic_tools_interfaces/include/topic_tools_interfaces/topic_tools_interfaces/srv/detail/demux_delete__builder.hpp
[0.381s] -- Up-to-date: /home/bgr/bgr_ws/install/topic_tools_interfaces/include/topic_tools_interfaces/topic_tools_interfaces/srv/detail/demux_list__builder.hpp
[0.381s] -- Up-to-date: /home/bgr/bgr_ws/install/topic_tools_interfaces/include/topic_tools_interfaces/topic_tools_interfaces/srv/detail/demux_delete__traits.hpp
[0.381s] -- Up-to-date: /home/bgr/bgr_ws/install/topic_tools_interfaces/include/topic_tools_interfaces/topic_tools_interfaces/srv/detail/demux_add__builder.hpp
[0.381s] -- Up-to-date: /home/bgr/bgr_ws/install/topic_tools_interfaces/include/topic_tools_interfaces/topic_tools_interfaces/srv/detail/mux_add__struct.hpp
[0.381s] -- Up-to-date: /home/bgr/bgr_ws/install/topic_tools_interfaces/include/topic_tools_interfaces/topic_tools_interfaces/srv/detail/mux_select__struct.hpp
[0.381s] -- Up-to-date: /home/bgr/bgr_ws/install/topic_tools_interfaces/include/topic_tools_interfaces/topic_tools_interfaces/srv/detail/demux_add__struct.hpp
[0.381s] -- Up-to-date: /home/bgr/bgr_ws/install/topic_tools_interfaces/include/topic_tools_interfaces/topic_tools_interfaces/srv/detail/demux_select__builder.hpp
[0.381s] -- Up-to-date: /home/bgr/bgr_ws/install/topic_tools_interfaces/include/topic_tools_interfaces/topic_tools_interfaces/srv/detail/mux_list__traits.hpp
[0.382s] -- Up-to-date: /home/bgr/bgr_ws/install/topic_tools_interfaces/include/topic_tools_interfaces/topic_tools_interfaces/srv/detail/demux_add__type_support.hpp
[0.382s] -- Up-to-date: /home/bgr/bgr_ws/install/topic_tools_interfaces/include/topic_tools_interfaces/topic_tools_interfaces/srv/detail/demux_add__traits.hpp
[0.382s] -- Up-to-date: /home/bgr/bgr_ws/install/topic_tools_interfaces/include/topic_tools_interfaces/topic_tools_interfaces/srv/detail/demux_select__type_support.hpp
[0.382s] -- Up-to-date: /home/bgr/bgr_ws/install/topic_tools_interfaces/include/topic_tools_interfaces/topic_tools_interfaces/srv/detail/mux_select__traits.hpp
[0.382s] -- Up-to-date: /home/bgr/bgr_ws/install/topic_tools_interfaces/include/topic_tools_interfaces/topic_tools_interfaces/srv/detail/mux_add__builder.hpp
[0.382s] -- Up-to-date: /home/bgr/bgr_ws/install/topic_tools_interfaces/include/topic_tools_interfaces/topic_tools_interfaces/srv/detail/mux_add__traits.hpp
[0.382s] -- Up-to-date: /home/bgr/bgr_ws/install/topic_tools_interfaces/include/topic_tools_interfaces/topic_tools_interfaces/srv/detail/demux_list__traits.hpp
[0.382s] -- Up-to-date: /home/bgr/bgr_ws/install/topic_tools_interfaces/include/topic_tools_interfaces/topic_tools_interfaces/srv/detail/mux_delete__traits.hpp
[0.382s] -- Up-to-date: /home/bgr/bgr_ws/install/topic_tools_interfaces/include/topic_tools_interfaces/topic_tools_interfaces/srv/detail/mux_select__builder.hpp
[0.382s] -- Up-to-date: /home/bgr/bgr_ws/install/topic_tools_interfaces/include/topic_tools_interfaces/topic_tools_interfaces/srv/detail/mux_select__type_support.hpp
[0.383s] -- Up-to-date: /home/bgr/bgr_ws/install/topic_tools_interfaces/include/topic_tools_interfaces/topic_tools_interfaces/srv/detail/mux_delete__builder.hpp
[0.383s] -- Up-to-date: /home/bgr/bgr_ws/install/topic_tools_interfaces/include/topic_tools_interfaces/topic_tools_interfaces/srv/detail/demux_list__type_support.hpp
[0.383s] -- Up-to-date: /home/bgr/bgr_ws/install/topic_tools_interfaces/include/topic_tools_interfaces/topic_tools_interfaces/srv/detail/mux_list__builder.hpp
[0.383s] -- Up-to-date: /home/bgr/bgr_ws/install/topic_tools_interfaces/include/topic_tools_interfaces/topic_tools_interfaces/srv/detail/mux_add__type_support.hpp
[0.383s] -- Up-to-date: /home/bgr/bgr_ws/install/topic_tools_interfaces/include/topic_tools_interfaces/topic_tools_interfaces/srv/detail/mux_list__struct.hpp
[0.384s] -- Up-to-date: /home/bgr/bgr_ws/install/topic_tools_interfaces/include/topic_tools_interfaces/topic_tools_interfaces/srv/detail/mux_delete__type_support.hpp
[0.384s] -- Up-to-date: /home/bgr/bgr_ws/install/topic_tools_interfaces/include/topic_tools_interfaces/topic_tools_interfaces/srv/detail/demux_select__struct.hpp
[0.384s] -- Up-to-date: /home/bgr/bgr_ws/install/topic_tools_interfaces/include/topic_tools_interfaces/topic_tools_interfaces/srv/detail/demux_delete__type_support.hpp
[0.384s] -- Up-to-date: /home/bgr/bgr_ws/install/topic_tools_interfaces/include/topic_tools_interfaces/topic_tools_interfaces/srv/detail/demux_select__traits.hpp
[0.384s] -- Up-to-date: /home/bgr/bgr_ws/install/topic_tools_interfaces/include/topic_tools_interfaces/topic_tools_interfaces/srv/detail/mux_list__type_support.hpp
[0.384s] -- Up-to-date: /home/bgr/bgr_ws/install/topic_tools_interfaces/include/topic_tools_interfaces/topic_tools_interfaces/srv/mux_add.hpp
[0.384s] -- Up-to-date: /home/bgr/bgr_ws/install/topic_tools_interfaces/include/topic_tools_interfaces/topic_tools_interfaces/srv/demux_select.hpp
[0.384s] -- Up-to-date: /home/bgr/bgr_ws/install/topic_tools_interfaces/include/topic_tools_interfaces/topic_tools_interfaces/srv/demux_add.hpp
[0.384s] -- Up-to-date: /home/bgr/bgr_ws/install/topic_tools_interfaces/include/topic_tools_interfaces/topic_tools_interfaces/srv/demux_delete.hpp
[0.384s] -- Up-to-date: /home/bgr/bgr_ws/install/topic_tools_interfaces/include/topic_tools_interfaces/topic_tools_interfaces
[0.384s] -- Up-to-date: /home/bgr/bgr_ws/install/topic_tools_interfaces/include/topic_tools_interfaces/topic_tools_interfaces/msg
[0.384s] -- Up-to-date: /home/bgr/bgr_ws/install/topic_tools_interfaces/include/topic_tools_interfaces/topic_tools_interfaces/msg/rosidl_typesupport_fastrtps_cpp__visibility_control.h
[0.385s] -- Up-to-date: /home/bgr/bgr_ws/install/topic_tools_interfaces/include/topic_tools_interfaces/topic_tools_interfaces/srv
[0.385s] -- Up-to-date: /home/bgr/bgr_ws/install/topic_tools_interfaces/include/topic_tools_interfaces/topic_tools_interfaces/srv/detail
[0.385s] -- Up-to-date: /home/bgr/bgr_ws/install/topic_tools_interfaces/include/topic_tools_interfaces/topic_tools_interfaces/srv/detail/demux_delete__rosidl_typesupport_fastrtps_cpp.hpp
[0.385s] -- Up-to-date: /home/bgr/bgr_ws/install/topic_tools_interfaces/include/topic_tools_interfaces/topic_tools_interfaces/srv/detail/mux_add__rosidl_typesupport_fastrtps_cpp.hpp
[0.385s] -- Up-to-date: /home/bgr/bgr_ws/install/topic_tools_interfaces/include/topic_tools_interfaces/topic_tools_interfaces/srv/detail/mux_delete__rosidl_typesupport_fastrtps_cpp.hpp
[0.385s] -- Up-to-date: /home/bgr/bgr_ws/install/topic_tools_interfaces/include/topic_tools_interfaces/topic_tools_interfaces/srv/detail/mux_list__rosidl_typesupport_fastrtps_cpp.hpp
[0.385s] -- Up-to-date: /home/bgr/bgr_ws/install/topic_tools_interfaces/include/topic_tools_interfaces/topic_tools_interfaces/srv/detail/mux_select__rosidl_typesupport_fastrtps_cpp.hpp
[0.385s] -- Up-to-date: /home/bgr/bgr_ws/install/topic_tools_interfaces/include/topic_tools_interfaces/topic_tools_interfaces/srv/detail/demux_select__rosidl_typesupport_fastrtps_cpp.hpp
[0.385s] -- Up-to-date: /home/bgr/bgr_ws/install/topic_tools_interfaces/include/topic_tools_interfaces/topic_tools_interfaces/srv/detail/demux_list__rosidl_typesupport_fastrtps_cpp.hpp
[0.385s] -- Up-to-date: /home/bgr/bgr_ws/install/topic_tools_interfaces/include/topic_tools_interfaces/topic_tools_interfaces/srv/detail/dds_fastrtps
[0.385s] -- Up-to-date: /home/bgr/bgr_ws/install/topic_tools_interfaces/include/topic_tools_interfaces/topic_tools_interfaces/srv/detail/demux_add__rosidl_typesupport_fastrtps_cpp.hpp
[0.385s] -- Up-to-date: /home/bgr/bgr_ws/install/topic_tools_interfaces/lib/libtopic_tools_interfaces__rosidl_typesupport_fastrtps_cpp.so
[0.385s] -- Up-to-date: /home/bgr/bgr_ws/install/topic_tools_interfaces/include/topic_tools_interfaces/topic_tools_interfaces
[0.385s] -- Up-to-date: /home/bgr/bgr_ws/install/topic_tools_interfaces/include/topic_tools_interfaces/topic_tools_interfaces/srv
[0.385s] -- Up-to-date: /home/bgr/bgr_ws/install/topic_tools_interfaces/include/topic_tools_interfaces/topic_tools_interfaces/srv/detail
[0.385s] -- Up-to-date: /home/bgr/bgr_ws/install/topic_tools_interfaces/include/topic_tools_interfaces/topic_tools_interfaces/srv/detail/demux_add__type_support.cpp
[0.385s] -- Up-to-date: /home/bgr/bgr_ws/install/topic_tools_interfaces/include/topic_tools_interfaces/topic_tools_interfaces/srv/detail/demux_list__rosidl_typesupport_introspection_cpp.hpp
[0.385s] -- Up-to-date: /home/bgr/bgr_ws/install/topic_tools_interfaces/include/topic_tools_interfaces/topic_tools_interfaces/srv/detail/demux_delete__type_support.cpp
[0.385s] -- Up-to-date: /home/bgr/bgr_ws/install/topic_tools_interfaces/include/topic_tools_interfaces/topic_tools_interfaces/srv/detail/mux_select__type_support.cpp
[0.385s] -- Up-to-date: /home/bgr/bgr_ws/install/topic_tools_interfaces/include/topic_tools_interfaces/topic_tools_interfaces/srv/detail/mux_list__type_support.cpp
[0.385s] -- Up-to-date: /home/bgr/bgr_ws/install/topic_tools_interfaces/include/topic_tools_interfaces/topic_tools_interfaces/srv/detail/demux_list__type_support.cpp
[0.386s] -- Up-to-date: /home/bgr/bgr_ws/install/topic_tools_interfaces/include/topic_tools_interfaces/topic_tools_interfaces/srv/detail/demux_delete__rosidl_typesupport_introspection_cpp.hpp
[0.386s] -- Up-to-date: /home/bgr/bgr_ws/install/topic_tools_interfaces/include/topic_tools_interfaces/topic_tools_interfaces/srv/detail/mux_add__type_support.cpp
[0.386s] -- Up-to-date: /home/bgr/bgr_ws/install/topic_tools_interfaces/include/topic_tools_interfaces/topic_tools_interfaces/srv/detail/mux_delete__type_support.cpp
[0.386s] -- Up-to-date: /home/bgr/bgr_ws/install/topic_tools_interfaces/include/topic_tools_interfaces/topic_tools_interfaces/srv/detail/demux_add__rosidl_typesupport_introspection_cpp.hpp
[0.386s] -- Up-to-date: /home/bgr/bgr_ws/install/topic_tools_interfaces/include/topic_tools_interfaces/topic_tools_interfaces/srv/detail/demux_select__type_support.cpp
[0.386s] -- Up-to-date: /home/bgr/bgr_ws/install/topic_tools_interfaces/include/topic_tools_interfaces/topic_tools_interfaces/srv/detail/mux_select__rosidl_typesupport_introspection_cpp.hpp
[0.386s] -- Up-to-date: /home/bgr/bgr_ws/install/topic_tools_interfaces/include/topic_tools_interfaces/topic_tools_interfaces/srv/detail/demux_select__rosidl_typesupport_introspection_cpp.hpp
[0.386s] -- Up-to-date: /home/bgr/bgr_ws/install/topic_tools_interfaces/include/topic_tools_interfaces/topic_tools_interfaces/srv/detail/mux_add__rosidl_typesupport_introspection_cpp.hpp
[0.386s] -- Up-to-date: /home/bgr/bgr_ws/install/topic_tools_interfaces/include/topic_tools_interfaces/topic_tools_interfaces/srv/detail/mux_list__rosidl_typesupport_introspection_cpp.hpp
[0.386s] -- Up-to-date: /home/bgr/bgr_ws/install/topic_tools_interfaces/include/topic_tools_interfaces/topic_tools_interfaces/srv/detail/mux_delete__rosidl_typesupport_introspection_cpp.hpp
[0.386s] -- Up-to-date: /home/bgr/bgr_ws/install/topic_tools_interfaces/lib/libtopic_tools_interfaces__rosidl_typesupport_introspection_cpp.so
[0.386s] -- Up-to-date: /home/bgr/bgr_ws/install/topic_tools_interfaces/lib/libtopic_tools_interfaces__rosidl_typesupport_cpp.so
[0.386s] -- Up-to-date: /home/bgr/bgr_ws/install/topic_tools_interfaces/share/topic_tools_interfaces/environment/pythonpath.sh
[0.386s] -- Up-to-date: /home/bgr/bgr_ws/install/topic_tools_interfaces/share/topic_tools_interfaces/environment/pythonpath.dsv
[0.386s] -- Up-to-date: /home/bgr/bgr_ws/install/topic_tools_interfaces/lib/python3.12/site-packages/topic_tools_interfaces-1.4.3-py3.12.egg-info
[0.386s] -- Installing: /home/bgr/bgr_ws/install/topic_tools_interfaces/lib/python3.12/site-packages/topic_tools_interfaces-1.4.3-py3.12.egg-info/PKG-INFO
[0.386s] -- Installing: /home/bgr/bgr_ws/install/topic_tools_interfaces/lib/python3.12/site-packages/topic_tools_interfaces-1.4.3-py3.12.egg-info/dependency_links.txt
[0.386s] -- Installing: /home/bgr/bgr_ws/install/topic_tools_interfaces/lib/python3.12/site-packages/topic_tools_interfaces-1.4.3-py3.12.egg-info/SOURCES.txt
[0.386s] -- Installing: /home/bgr/bgr_ws/install/topic_tools_interfaces/lib/python3.12/site-packages/topic_tools_interfaces-1.4.3-py3.12.egg-info/top_level.txt
[0.386s] -- Up-to-date: /home/bgr/bgr_ws/install/topic_tools_interfaces/lib/python3.12/site-packages/topic_tools_interfaces
[0.386s] -- Up-to-date: /home/bgr/bgr_ws/install/topic_tools_interfaces/lib/python3.12/site-packages/topic_tools_interfaces/_topic_tools_interfaces_s.ep.rosidl_typesupport_introspection_c.c
[0.386s] -- Up-to-date: /home/bgr/bgr_ws/install/topic_tools_interfaces/lib/python3.12/site-packages/topic_tools_interfaces/_topic_tools_interfaces_s.ep.rosidl_typesupport_fastrtps_c.c
[0.386s] -- Up-to-date: /home/bgr/bgr_ws/install/topic_tools_interfaces/lib/python3.12/site-packages/topic_tools_interfaces/_topic_tools_interfaces_s.ep.rosidl_typesupport_c.c
[0.386s] -- Up-to-date: /home/bgr/bgr_ws/install/topic_tools_interfaces/lib/python3.12/site-packages/topic_tools_interfaces/topic_tools_interfaces_s__rosidl_typesupport_introspection_c.so
[0.386s] -- Up-to-date: /home/bgr/bgr_ws/install/topic_tools_interfaces/lib/python3.12/site-packages/topic_tools_interfaces/srv
[0.386s] -- Up-to-date: /home/bgr/bgr_ws/install/topic_tools_interfaces/lib/python3.12/site-packages/topic_tools_interfaces/srv/_demux_select.py
[0.387s] -- Up-to-date: /home/bgr/bgr_ws/install/topic_tools_interfaces/lib/python3.12/site-packages/topic_tools_interfaces/srv/_demux_add_s.c
[0.387s] -- Up-to-date: /home/bgr/bgr_ws/install/topic_tools_interfaces/lib/python3.12/site-packages/topic_tools_interfaces/srv/_demux_add.py
[0.387s] -- Up-to-date: /home/bgr/bgr_ws/install/topic_tools_interfaces/lib/python3.12/site-packages/topic_tools_interfaces/srv/_mux_delete_s.c
[0.387s] -- Up-to-date: /home/bgr/bgr_ws/install/topic_tools_interfaces/lib/python3.12/site-packages/topic_tools_interfaces/srv/_mux_select.py
[0.387s] -- Up-to-date: /home/bgr/bgr_ws/install/topic_tools_interfaces/lib/python3.12/site-packages/topic_tools_interfaces/srv/_mux_add.py
[0.387s] -- Up-to-date: /home/bgr/bgr_ws/install/topic_tools_interfaces/lib/python3.12/site-packages/topic_tools_interfaces/srv/_demux_list.py
[0.387s] -- Up-to-date: /home/bgr/bgr_ws/install/topic_tools_interfaces/lib/python3.12/site-packages/topic_tools_interfaces/srv/_demux_delete_s.c
[0.387s] -- Up-to-date: /home/bgr/bgr_ws/install/topic_tools_interfaces/lib/python3.12/site-packages/topic_tools_interfaces/srv/_mux_select_s.c
[0.387s] -- Up-to-date: /home/bgr/bgr_ws/install/topic_tools_interfaces/lib/python3.12/site-packages/topic_tools_interfaces/srv/_demux_select_s.c
[0.387s] -- Up-to-date: /home/bgr/bgr_ws/install/topic_tools_interfaces/lib/python3.12/site-packages/topic_tools_interfaces/srv/_mux_list_s.c
[0.387s] -- Up-to-date: /home/bgr/bgr_ws/install/topic_tools_interfaces/lib/python3.12/site-packages/topic_tools_interfaces/srv/_demux_delete.py
[0.387s] -- Up-to-date: /home/bgr/bgr_ws/install/topic_tools_interfaces/lib/python3.12/site-packages/topic_tools_interfaces/srv/_mux_delete.py
[0.388s] -- Up-to-date: /home/bgr/bgr_ws/install/topic_tools_interfaces/lib/python3.12/site-packages/topic_tools_interfaces/srv/_mux_add_s.c
[0.388s] -- Up-to-date: /home/bgr/bgr_ws/install/topic_tools_interfaces/lib/python3.12/site-packages/topic_tools_interfaces/srv/_demux_list_s.c
[0.388s] -- Up-to-date: /home/bgr/bgr_ws/install/topic_tools_interfaces/lib/python3.12/site-packages/topic_tools_interfaces/srv/_mux_list.py
[0.388s] -- Up-to-date: /home/bgr/bgr_ws/install/topic_tools_interfaces/lib/python3.12/site-packages/topic_tools_interfaces/srv/__init__.py
[0.388s] -- Up-to-date: /home/bgr/bgr_ws/install/topic_tools_interfaces/lib/python3.12/site-packages/topic_tools_interfaces/topic_tools_interfaces_s__rosidl_typesupport_c.so
[0.388s] -- Up-to-date: /home/bgr/bgr_ws/install/topic_tools_interfaces/lib/python3.12/site-packages/topic_tools_interfaces/topic_tools_interfaces_s__rosidl_typesupport_fastrtps_c.so
[0.388s] -- Up-to-date: /home/bgr/bgr_ws/install/topic_tools_interfaces/lib/python3.12/site-packages/topic_tools_interfaces/__init__.py
[0.407s] Listing '/home/bgr/bgr_ws/install/topic_tools_interfaces/lib/python3.12/site-packages/topic_tools_interfaces'...
[0.408s] Listing '/home/bgr/bgr_ws/install/topic_tools_interfaces/lib/python3.12/site-packages/topic_tools_interfaces/srv'...
[0.413s] -- Up-to-date: /home/bgr/bgr_ws/install/topic_tools_interfaces/lib/python3.12/site-packages/topic_tools_interfaces/topic_tools_interfaces_s__rosidl_typesupport_fastrtps_c.so
[0.413s] -- Up-to-date: /home/bgr/bgr_ws/install/topic_tools_interfaces/lib/python3.12/site-packages/topic_tools_interfaces/topic_tools_interfaces_s__rosidl_typesupport_introspection_c.so
[0.413s] -- Up-to-date: /home/bgr/bgr_ws/install/topic_tools_interfaces/lib/python3.12/site-packages/topic_tools_interfaces/topic_tools_interfaces_s__rosidl_typesupport_c.so
[0.413s] -- Up-to-date: /home/bgr/bgr_ws/install/topic_tools_interfaces/lib/libtopic_tools_interfaces__rosidl_generator_py.so
[0.414s] -- Up-to-date: /home/bgr/bgr_ws/install/topic_tools_interfaces/share/topic_tools_interfaces/srv/DemuxAdd.idl
[0.414s] -- Up-to-date: /home/bgr/bgr_ws/install/topic_tools_interfaces/share/topic_tools_interfaces/srv/DemuxDelete.idl
[0.414s] -- Up-to-date: /home/bgr/bgr_ws/install/topic_tools_interfaces/share/topic_tools_interfaces/srv/DemuxList.idl
[0.414s] -- Up-to-date: /home/bgr/bgr_ws/install/topic_tools_interfaces/share/topic_tools_interfaces/srv/DemuxSelect.idl
[0.414s] -- Up-to-date: /home/bgr/bgr_ws/install/topic_tools_interfaces/share/topic_tools_interfaces/srv/MuxAdd.idl
[0.414s] -- Up-to-date: /home/bgr/bgr_ws/install/topic_tools_interfaces/share/topic_tools_interfaces/srv/MuxDelete.idl
[0.414s] -- Up-to-date: /home/bgr/bgr_ws/install/topic_tools_interfaces/share/topic_tools_interfaces/srv/MuxList.idl
[0.414s] -- Up-to-date: /home/bgr/bgr_ws/install/topic_tools_interfaces/share/topic_tools_interfaces/srv/MuxSelect.idl
[0.414s] -- Up-to-date: /home/bgr/bgr_ws/install/topic_tools_interfaces/share/topic_tools_interfaces/srv/DemuxAdd.srv
[0.414s] -- Up-to-date: /home/bgr/bgr_ws/install/topic_tools_interfaces/share/topic_tools_interfaces/srv/DemuxDelete.srv
[0.414s] -- Up-to-date: /home/bgr/bgr_ws/install/topic_tools_interfaces/share/topic_tools_interfaces/srv/DemuxList.srv
[0.414s] -- Up-to-date: /home/bgr/bgr_ws/install/topic_tools_interfaces/share/topic_tools_interfaces/srv/DemuxSelect.srv
[0.414s] -- Up-to-date: /home/bgr/bgr_ws/install/topic_tools_interfaces/share/topic_tools_interfaces/srv/MuxAdd.srv
[0.414s] -- Up-to-date: /home/bgr/bgr_ws/install/topic_tools_interfaces/share/topic_tools_interfaces/srv/MuxDelete.srv
[0.415s] -- Up-to-date: /home/bgr/bgr_ws/install/topic_tools_interfaces/share/topic_tools_interfaces/srv/MuxList.srv
[0.415s] -- Up-to-date: /home/bgr/bgr_ws/install/topic_tools_interfaces/share/topic_tools_interfaces/srv/MuxSelect.srv
[0.415s] -- Up-to-date: /home/bgr/bgr_ws/install/topic_tools_interfaces/share/ament_index/resource_index/package_run_dependencies/topic_tools_interfaces
[0.415s] -- Up-to-date: /home/bgr/bgr_ws/install/topic_tools_interfaces/share/ament_index/resource_index/parent_prefix_path/topic_tools_interfaces
[0.415s] -- Up-to-date: /home/bgr/bgr_ws/install/topic_tools_interfaces/share/topic_tools_interfaces/environment/ament_prefix_path.sh
[0.415s] -- Up-to-date: /home/bgr/bgr_ws/install/topic_tools_interfaces/share/topic_tools_interfaces/environment/ament_prefix_path.dsv
[0.415s] -- Up-to-date: /home/bgr/bgr_ws/install/topic_tools_interfaces/share/topic_tools_interfaces/environment/path.sh
[0.415s] -- Up-to-date: /home/bgr/bgr_ws/install/topic_tools_interfaces/share/topic_tools_interfaces/environment/path.dsv
[0.415s] -- Up-to-date: /home/bgr/bgr_ws/install/topic_tools_interfaces/share/topic_tools_interfaces/local_setup.bash
[0.415s] -- Up-to-date: /home/bgr/bgr_ws/install/topic_tools_interfaces/share/topic_tools_interfaces/local_setup.sh
[0.415s] -- Up-to-date: /home/bgr/bgr_ws/install/topic_tools_interfaces/share/topic_tools_interfaces/local_setup.zsh
[0.415s] -- Up-to-date: /home/bgr/bgr_ws/install/topic_tools_interfaces/share/topic_tools_interfaces/local_setup.dsv
[0.415s] -- Installing: /home/bgr/bgr_ws/install/topic_tools_interfaces/share/topic_tools_interfaces/package.dsv
[0.415s] -- Up-to-date: /home/bgr/bgr_ws/install/topic_tools_interfaces/share/ament_index/resource_index/packages/topic_tools_interfaces
[0.415s] -- Up-to-date: /home/bgr/bgr_ws/install/topic_tools_interfaces/share/topic_tools_interfaces/cmake/export_topic_tools_interfaces__rosidl_generator_cExport.cmake
[0.415s] -- Up-to-date: /home/bgr/bgr_ws/install/topic_tools_interfaces/share/topic_tools_interfaces/cmake/export_topic_tools_interfaces__rosidl_generator_cExport-noconfig.cmake
[0.415s] -- Up-to-date: /home/bgr/bgr_ws/install/topic_tools_interfaces/share/topic_tools_interfaces/cmake/export_topic_tools_interfaces__rosidl_typesupport_fastrtps_cExport.cmake
[0.415s] -- Up-to-date: /home/bgr/bgr_ws/install/topic_tools_interfaces/share/topic_tools_interfaces/cmake/export_topic_tools_interfaces__rosidl_typesupport_fastrtps_cExport-noconfig.cmake
[0.416s] -- Up-to-date: /home/bgr/bgr_ws/install/topic_tools_interfaces/share/topic_tools_interfaces/cmake/topic_tools_interfaces__rosidl_typesupport_introspection_cExport.cmake
[0.416s] -- Up-to-date: /home/bgr/bgr_ws/install/topic_tools_interfaces/share/topic_tools_interfaces/cmake/topic_tools_interfaces__rosidl_typesupport_introspection_cExport-noconfig.cmake
[0.416s] -- Up-to-date: /home/bgr/bgr_ws/install/topic_tools_interfaces/share/topic_tools_interfaces/cmake/topic_tools_interfaces__rosidl_typesupport_cExport.cmake
[0.416s] -- Up-to-date: /home/bgr/bgr_ws/install/topic_tools_interfaces/share/topic_tools_interfaces/cmake/topic_tools_interfaces__rosidl_typesupport_cExport-noconfig.cmake
[0.416s] -- Up-to-date: /home/bgr/bgr_ws/install/topic_tools_interfaces/share/topic_tools_interfaces/cmake/export_topic_tools_interfaces__rosidl_generator_cppExport.cmake
[0.416s] -- Up-to-date: /home/bgr/bgr_ws/install/topic_tools_interfaces/share/topic_tools_interfaces/cmake/export_topic_tools_interfaces__rosidl_typesupport_fastrtps_cppExport.cmake
[0.416s] -- Up-to-date: /home/bgr/bgr_ws/install/topic_tools_interfaces/share/topic_tools_interfaces/cmake/export_topic_tools_interfaces__rosidl_typesupport_fastrtps_cppExport-noconfig.cmake
[0.416s] -- Up-to-date: /home/bgr/bgr_ws/install/topic_tools_interfaces/share/topic_tools_interfaces/cmake/topic_tools_interfaces__rosidl_typesupport_introspection_cppExport.cmake
[0.416s] -- Up-to-date: /home/bgr/bgr_ws/install/topic_tools_interfaces/share/topic_tools_interfaces/cmake/topic_tools_interfaces__rosidl_typesupport_introspection_cppExport-noconfig.cmake
[0.416s] -- Up-to-date: /home/bgr/bgr_ws/install/topic_tools_interfaces/share/topic_tools_interfaces/cmake/topic_tools_interfaces__rosidl_typesupport_cppExport.cmake
[0.416s] -- Up-to-date: /home/bgr/bgr_ws/install/topic_tools_interfaces/share/topic_tools_interfaces/cmake/topic_tools_interfaces__rosidl_typesupport_cppExport-noconfig.cmake
[0.416s] -- Up-to-date: /home/bgr/bgr_ws/install/topic_tools_interfaces/share/topic_tools_interfaces/cmake/export_topic_tools_interfaces__rosidl_generator_pyExport.cmake
[0.416s] -- Up-to-date: /home/bgr/bgr_ws/install/topic_tools_interfaces/share/topic_tools_interfaces/cmake/export_topic_tools_interfaces__rosidl_generator_pyExport-noconfig.cmake
[0.416s] -- Up-to-date: /home/bgr/bgr_ws/install/topic_tools_interfaces/share/topic_tools_interfaces/cmake/rosidl_cmake-extras.cmake
[0.416s] -- Up-to-date: /home/bgr/bgr_ws/install/topic_tools_interfaces/share/topic_tools_interfaces/cmake/ament_cmake_export_dependencies-extras.cmake
[0.416s] -- Up-to-date: /home/bgr/bgr_ws/install/topic_tools_interfaces/share/topic_tools_interfaces/cmake/ament_cmake_export_include_directories-extras.cmake
[0.416s] -- Up-to-date: /home/bgr/bgr_ws/install/topic_tools_interfaces/share/topic_tools_interfaces/cmake/ament_cmake_export_libraries-extras.cmake
[0.417s] -- Up-to-date: /home/bgr/bgr_ws/install/topic_tools_interfaces/share/topic_tools_interfaces/cmake/ament_cmake_export_targets-extras.cmake
[0.417s] -- Up-to-date: /home/bgr/bgr_ws/install/topic_tools_interfaces/share/topic_tools_interfaces/cmake/rosidl_cmake_export_typesupport_targets-extras.cmake
[0.417s] -- Up-to-date: /home/bgr/bgr_ws/install/topic_tools_interfaces/share/topic_tools_interfaces/cmake/rosidl_cmake_export_typesupport_libraries-extras.cmake
[0.417s] -- Up-to-date: /home/bgr/bgr_ws/install/topic_tools_interfaces/share/topic_tools_interfaces/cmake/topic_tools_interfacesConfig.cmake
[0.417s] -- Up-to-date: /home/bgr/bgr_ws/install/topic_tools_interfaces/share/topic_tools_interfaces/cmake/topic_tools_interfacesConfig-version.cmake
[0.417s] -- Up-to-date: /home/bgr/bgr_ws/install/topic_tools_interfaces/share/topic_tools_interfaces/package.xml
[0.420s] Invoked command in '/home/bgr/bgr_ws/build/topic_tools_interfaces' returned '0': CMAKE_PREFIX_PATH=${CMAKE_PREFIX_PATH}:/home/bgr/bgr_ws/install/mogi_trajectory_server:/home/bgr/bgr_ws/install/bme_ros2_navigation_py:/opt/ros/jazzy DEBUGINFOD_URLS=https://debuginfod.ubuntu.com /usr/bin/cmake --install /home/bgr/bgr_ws/build/topic_tools_interfaces
