[1.295s] Invoking command in '/home/bgr/bgr_ws/src/bme_ros2_navigation_py': DEBUGINFOD_URLS=https://debuginfod.ubuntu.com PYTHONPATH=/home/bgr/bgr_ws/build/bme_ros2_navigation_py/prefix_override:/usr/lib/python3/dist-packages/colcon_core/task/python/colcon_distutils_commands:/home/bgr/bgr_ws/install/bme_ros2_navigation_py/lib/python3.12/site-packages:${PYTHONPATH} /usr/bin/python3 -W ignore:setup.py install is deprecated -W ignore:easy_install command is deprecated setup.py egg_info --egg-base ../../build/bme_ros2_navigation_py build --build-base /home/bgr/bgr_ws/build/bme_ros2_navigation_py/build install --record /home/bgr/bgr_ws/build/bme_ros2_navigation_py/install.log --single-version-externally-managed install_data
[1.599s] running egg_info
[1.599s] creating ../../build/bme_ros2_navigation_py/bme_ros2_navigation_py.egg-info
[1.619s] writing ../../build/bme_ros2_navigation_py/bme_ros2_navigation_py.egg-info/PKG-INFO
[1.619s] writing dependency_links to ../../build/bme_ros2_navigation_py/bme_ros2_navigation_py.egg-info/dependency_links.txt
[1.619s] writing entry points to ../../build/bme_ros2_navigation_py/bme_ros2_navigation_py.egg-info/entry_points.txt
[1.619s] writing requirements to ../../build/bme_ros2_navigation_py/bme_ros2_navigation_py.egg-info/requires.txt
[1.620s] writing top-level names to ../../build/bme_ros2_navigation_py/bme_ros2_navigation_py.egg-info/top_level.txt
[1.620s] writing manifest file '../../build/bme_ros2_navigation_py/bme_ros2_navigation_py.egg-info/SOURCES.txt'
[1.659s] reading manifest file '../../build/bme_ros2_navigation_py/bme_ros2_navigation_py.egg-info/SOURCES.txt'
[1.660s] writing manifest file '../../build/bme_ros2_navigation_py/bme_ros2_navigation_py.egg-info/SOURCES.txt'
[1.660s] running build
[1.660s] running build_py
[1.660s] creating /home/bgr/bgr_ws/build/bme_ros2_navigation_py/build
[1.660s] creating /home/bgr/bgr_ws/build/bme_ros2_navigation_py/build/lib
[1.661s] creating /home/bgr/bgr_ws/build/bme_ros2_navigation_py/build/lib/bme_ros2_navigation_py
[1.661s] copying bme_ros2_navigation_py/follow_waypoints.py -> /home/bgr/bgr_ws/build/bme_ros2_navigation_py/build/lib/bme_ros2_navigation_py
[1.661s] copying bme_ros2_navigation_py/send_initialpose.py -> /home/bgr/bgr_ws/build/bme_ros2_navigation_py/build/lib/bme_ros2_navigation_py
[1.661s] copying bme_ros2_navigation_py/__init__.py -> /home/bgr/bgr_ws/build/bme_ros2_navigation_py/build/lib/bme_ros2_navigation_py
[1.661s] copying bme_ros2_navigation_py/slam_toolbox_load_map.py -> /home/bgr/bgr_ws/build/bme_ros2_navigation_py/build/lib/bme_ros2_navigation_py
[1.661s] running install
[1.670s] running install_lib
[1.691s] creating /home/bgr/bgr_ws/install/bme_ros2_navigation_py/lib/python3.12/site-packages/bme_ros2_navigation_py
[1.691s] copying /home/bgr/bgr_ws/build/bme_ros2_navigation_py/build/lib/bme_ros2_navigation_py/follow_waypoints.py -> /home/bgr/bgr_ws/install/bme_ros2_navigation_py/lib/python3.12/site-packages/bme_ros2_navigation_py
[1.691s] copying /home/bgr/bgr_ws/build/bme_ros2_navigation_py/build/lib/bme_ros2_navigation_py/send_initialpose.py -> /home/bgr/bgr_ws/install/bme_ros2_navigation_py/lib/python3.12/site-packages/bme_ros2_navigation_py
[1.692s] copying /home/bgr/bgr_ws/build/bme_ros2_navigation_py/build/lib/bme_ros2_navigation_py/__init__.py -> /home/bgr/bgr_ws/install/bme_ros2_navigation_py/lib/python3.12/site-packages/bme_ros2_navigation_py
[1.692s] copying /home/bgr/bgr_ws/build/bme_ros2_navigation_py/build/lib/bme_ros2_navigation_py/slam_toolbox_load_map.py -> /home/bgr/bgr_ws/install/bme_ros2_navigation_py/lib/python3.12/site-packages/bme_ros2_navigation_py
[1.692s] byte-compiling /home/bgr/bgr_ws/install/bme_ros2_navigation_py/lib/python3.12/site-packages/bme_ros2_navigation_py/follow_waypoints.py to follow_waypoints.cpython-312.pyc
[1.694s] byte-compiling /home/bgr/bgr_ws/install/bme_ros2_navigation_py/lib/python3.12/site-packages/bme_ros2_navigation_py/send_initialpose.py to send_initialpose.cpython-312.pyc
[1.695s] byte-compiling /home/bgr/bgr_ws/install/bme_ros2_navigation_py/lib/python3.12/site-packages/bme_ros2_navigation_py/__init__.py to __init__.cpython-312.pyc
[1.695s] byte-compiling /home/bgr/bgr_ws/install/bme_ros2_navigation_py/lib/python3.12/site-packages/bme_ros2_navigation_py/slam_toolbox_load_map.py to slam_toolbox_load_map.cpython-312.pyc
[1.696s] running install_data
[1.696s] creating /home/bgr/bgr_ws/install/bme_ros2_navigation_py/share/ament_index
[1.696s] creating /home/bgr/bgr_ws/install/bme_ros2_navigation_py/share/ament_index/resource_index
[1.696s] creating /home/bgr/bgr_ws/install/bme_ros2_navigation_py/share/ament_index/resource_index/packages
[1.696s] copying resource/bme_ros2_navigation_py -> /home/bgr/bgr_ws/install/bme_ros2_navigation_py/share/ament_index/resource_index/packages
[1.696s] copying package.xml -> /home/bgr/bgr_ws/install/bme_ros2_navigation_py/share/bme_ros2_navigation_py
[1.697s] running install_egg_info
[1.718s] Copying ../../build/bme_ros2_navigation_py/bme_ros2_navigation_py.egg-info to /home/bgr/bgr_ws/install/bme_ros2_navigation_py/lib/python3.12/site-packages/bme_ros2_navigation_py-1.0.0-py3.12.egg-info
[1.719s] running install_scripts
[1.866s] Installing follow_waypoints script to /home/bgr/bgr_ws/install/bme_ros2_navigation_py/lib/bme_ros2_navigation_py
[1.867s] Installing send_initialpose script to /home/bgr/bgr_ws/install/bme_ros2_navigation_py/lib/bme_ros2_navigation_py
[1.867s] Installing slam_toolbox_load_map script to /home/bgr/bgr_ws/install/bme_ros2_navigation_py/lib/bme_ros2_navigation_py
[1.867s] writing list of installed files to '/home/bgr/bgr_ws/build/bme_ros2_navigation_py/install.log'
[1.936s] Invoked command in '/home/bgr/bgr_ws/src/bme_ros2_navigation_py' returned '0': DEBUGINFOD_URLS=https://debuginfod.ubuntu.com PYTHONPATH=/home/bgr/bgr_ws/build/bme_ros2_navigation_py/prefix_override:/usr/lib/python3/dist-packages/colcon_core/task/python/colcon_distutils_commands:/home/bgr/bgr_ws/install/bme_ros2_navigation_py/lib/python3.12/site-packages:${PYTHONPATH} /usr/bin/python3 -W ignore:setup.py install is deprecated -W ignore:easy_install command is deprecated setup.py egg_info --egg-base ../../build/bme_ros2_navigation_py build --build-base /home/bgr/bgr_ws/build/bme_ros2_navigation_py/build install --record /home/bgr/bgr_ws/build/bme_ros2_navigation_py/install.log --single-version-externally-managed install_data
