[0.034s] Invoking command in '/home/bgr/bgr_ws/build/bme_ros2_navigation': CMAKE_PREFIX_PATH=${CMAKE_PREFIX_PATH}:/opt/ros/jazzy DEBUGINFOD_URLS=https://debuginfod.ubuntu.com /usr/bin/cmake /home/bgr/bgr_ws/src/bme_ros2_navigation -DCMAKE_INSTALL_PREFIX=/home/bgr/bgr_ws/install/bme_ros2_navigation
[0.321s] -- The C compiler identification is GNU 13.3.0
[0.322s] -- The CXX compiler identification is GNU 13.3.0
[0.355s] -- Detecting C compiler ABI info
[0.505s] -- Detecting C compiler ABI info - done
[0.516s] -- Check for working C compiler: /usr/bin/cc - skipped
[0.516s] -- Detecting C compile features
[0.517s] -- Detecting C compile features - done
[0.533s] -- Detecting CXX compiler ABI info
[0.690s] -- Detecting CXX compiler ABI info - done
[0.704s] -- Check for working CXX compiler: /usr/bin/c++ - skipped
[0.705s] -- Detecting CXX compile features
[0.705s] -- Detecting CXX compile features - done
[0.718s] -- Found ament_cmake: 2.5.4 (/opt/ros/jazzy/share/ament_cmake/cmake)
[0.944s] -- Found Python3: /usr/bin/python3 (found version "3.12.3") found components: Interpreter 
[1.147s] -- Found ament_lint_auto: 0.17.3 (/opt/ros/jazzy/share/ament_lint_auto/cmake)
[1.333s] -- Added test 'flake8' to check Python code syntax and style conventions
[1.333s] -- Configured 'flake8' exclude dirs and/or files: 
[1.335s] -- Added test 'lint_cmake' to check CMake code style
[1.336s] -- Added test 'pep257' to check Python code against some of the docstring style conventions in PEP 257
[1.341s] -- Added test 'xmllint' to check XML markup files
[1.343s] -- Configuring done (1.3s)
[1.348s] -- Generating done (0.0s)
[1.350s] -- Build files have been written to: /home/bgr/bgr_ws/build/bme_ros2_navigation
[1.358s] Invoked command in '/home/bgr/bgr_ws/build/bme_ros2_navigation' returned '0': CMAKE_PREFIX_PATH=${CMAKE_PREFIX_PATH}:/opt/ros/jazzy DEBUGINFOD_URLS=https://debuginfod.ubuntu.com /usr/bin/cmake /home/bgr/bgr_ws/src/bme_ros2_navigation -DCMAKE_INSTALL_PREFIX=/home/bgr/bgr_ws/install/bme_ros2_navigation
[1.360s] Invoking command in '/home/bgr/bgr_ws/build/bme_ros2_navigation': CMAKE_PREFIX_PATH=${CMAKE_PREFIX_PATH}:/opt/ros/jazzy DEBUGINFOD_URLS=https://debuginfod.ubuntu.com /usr/bin/cmake --build /home/bgr/bgr_ws/build/bme_ros2_navigation -- -j16 -l16
[1.433s] Invoked command in '/home/bgr/bgr_ws/build/bme_ros2_navigation' returned '0': CMAKE_PREFIX_PATH=${CMAKE_PREFIX_PATH}:/opt/ros/jazzy DEBUGINFOD_URLS=https://debuginfod.ubuntu.com /usr/bin/cmake --build /home/bgr/bgr_ws/build/bme_ros2_navigation -- -j16 -l16
[1.450s] Invoking command in '/home/bgr/bgr_ws/build/bme_ros2_navigation': CMAKE_PREFIX_PATH=${CMAKE_PREFIX_PATH}:/opt/ros/jazzy DEBUGINFOD_URLS=https://debuginfod.ubuntu.com /usr/bin/cmake --install /home/bgr/bgr_ws/build/bme_ros2_navigation
[1.464s] -- Install configuration: ""
[1.464s] -- Installing: /home/bgr/bgr_ws/install/bme_ros2_navigation/share/bme_ros2_navigation/launch
[1.464s] -- Installing: /home/bgr/bgr_ws/install/bme_ros2_navigation/share/bme_ros2_navigation/launch/localization.launch.py
[1.464s] -- Installing: /home/bgr/bgr_ws/install/bme_ros2_navigation/share/bme_ros2_navigation/launch/world.launch.py
[1.464s] -- Installing: /home/bgr/bgr_ws/install/bme_ros2_navigation/share/bme_ros2_navigation/launch/navigation_with_slam.launch.py
[1.464s] -- Installing: /home/bgr/bgr_ws/install/bme_ros2_navigation/share/bme_ros2_navigation/launch/check_urdf.launch.py
[1.464s] -- Installing: /home/bgr/bgr_ws/install/bme_ros2_navigation/share/bme_ros2_navigation/launch/localization_slam_toolbox.launch.py
[1.465s] -- Installing: /home/bgr/bgr_ws/install/bme_ros2_navigation/share/bme_ros2_navigation/launch/navigation.launch.py
[1.465s] -- Installing: /home/bgr/bgr_ws/install/bme_ros2_navigation/share/bme_ros2_navigation/launch/spawn_robot.launch.py
[1.465s] -- Installing: /home/bgr/bgr_ws/install/bme_ros2_navigation/share/bme_ros2_navigation/launch/mapping.launch.py
[1.465s] -- Installing: /home/bgr/bgr_ws/install/bme_ros2_navigation/share/bme_ros2_navigation/worlds
[1.465s] -- Installing: /home/bgr/bgr_ws/install/bme_ros2_navigation/share/bme_ros2_navigation/worlds/home.sdf
[1.465s] -- Installing: /home/bgr/bgr_ws/install/bme_ros2_navigation/share/bme_ros2_navigation/worlds/empty.sdf
[1.465s] -- Installing: /home/bgr/bgr_ws/install/bme_ros2_navigation/share/bme_ros2_navigation/rviz
[1.465s] -- Installing: /home/bgr/bgr_ws/install/bme_ros2_navigation/share/bme_ros2_navigation/rviz/localization.rviz
[1.466s] -- Installing: /home/bgr/bgr_ws/install/bme_ros2_navigation/share/bme_ros2_navigation/rviz/mapping.rviz
[1.466s] -- Installing: /home/bgr/bgr_ws/install/bme_ros2_navigation/share/bme_ros2_navigation/rviz/rviz.rviz
[1.466s] -- Installing: /home/bgr/bgr_ws/install/bme_ros2_navigation/share/bme_ros2_navigation/rviz/urdf.rviz
[1.466s] -- Installing: /home/bgr/bgr_ws/install/bme_ros2_navigation/share/bme_ros2_navigation/rviz/navigation.rviz
[1.466s] -- Installing: /home/bgr/bgr_ws/install/bme_ros2_navigation/share/bme_ros2_navigation/urdf
[1.466s] -- Installing: /home/bgr/bgr_ws/install/bme_ros2_navigation/share/bme_ros2_navigation/urdf/mogi_bot.urdf
[1.467s] -- Installing: /home/bgr/bgr_ws/install/bme_ros2_navigation/share/bme_ros2_navigation/urdf/mogi_bot.gazebo
[1.467s] -- Installing: /home/bgr/bgr_ws/install/bme_ros2_navigation/share/bme_ros2_navigation/urdf/materials.xacro
[1.467s] -- Installing: /home/bgr/bgr_ws/install/bme_ros2_navigation/share/bme_ros2_navigation/meshes
[1.467s] -- Installing: /home/bgr/bgr_ws/install/bme_ros2_navigation/share/bme_ros2_navigation/meshes/wheel.dae
[1.467s] -- Installing: /home/bgr/bgr_ws/install/bme_ros2_navigation/share/bme_ros2_navigation/meshes/mogi_bot.dae
[1.468s] -- Installing: /home/bgr/bgr_ws/install/bme_ros2_navigation/share/bme_ros2_navigation/meshes/lidar.dae
[1.468s] -- Installing: /home/bgr/bgr_ws/install/bme_ros2_navigation/share/bme_ros2_navigation/config
[1.468s] -- Installing: /home/bgr/bgr_ws/install/bme_ros2_navigation/share/bme_ros2_navigation/config/slam_toolbox_mapping.yaml
[1.468s] -- Installing: /home/bgr/bgr_ws/install/bme_ros2_navigation/share/bme_ros2_navigation/config/ekf.yaml
[1.468s] -- Installing: /home/bgr/bgr_ws/install/bme_ros2_navigation/share/bme_ros2_navigation/config/navigation.yaml
[1.469s] -- Installing: /home/bgr/bgr_ws/install/bme_ros2_navigation/share/bme_ros2_navigation/config/gz_bridge.yaml
[1.469s] -- Installing: /home/bgr/bgr_ws/install/bme_ros2_navigation/share/bme_ros2_navigation/config/waypoints.yaml
[1.469s] -- Installing: /home/bgr/bgr_ws/install/bme_ros2_navigation/share/bme_ros2_navigation/config/amcl_localization.yaml
[1.469s] -- Installing: /home/bgr/bgr_ws/install/bme_ros2_navigation/share/bme_ros2_navigation/config/slam_toolbox_localization.yaml
[1.469s] -- Installing: /home/bgr/bgr_ws/install/bme_ros2_navigation/share/bme_ros2_navigation/maps
[1.469s] -- Installing: /home/bgr/bgr_ws/install/bme_ros2_navigation/share/bme_ros2_navigation/maps/my_map.pgm
[1.470s] -- Installing: /home/bgr/bgr_ws/install/bme_ros2_navigation/share/bme_ros2_navigation/maps/serialized.posegraph
[1.479s] -- Installing: /home/bgr/bgr_ws/install/bme_ros2_navigation/share/bme_ros2_navigation/maps/my_map.yaml
[1.479s] -- Installing: /home/bgr/bgr_ws/install/bme_ros2_navigation/share/bme_ros2_navigation/maps/serialized.data
[1.482s] -- Installing: /home/bgr/bgr_ws/install/bme_ros2_navigation/share/ament_index/resource_index/package_run_dependencies/bme_ros2_navigation
[1.482s] -- Installing: /home/bgr/bgr_ws/install/bme_ros2_navigation/share/ament_index/resource_index/parent_prefix_path/bme_ros2_navigation
[1.482s] -- Installing: /home/bgr/bgr_ws/install/bme_ros2_navigation/share/bme_ros2_navigation/environment/ament_prefix_path.sh
[1.482s] -- Installing: /home/bgr/bgr_ws/install/bme_ros2_navigation/share/bme_ros2_navigation/environment/ament_prefix_path.dsv
[1.483s] -- Installing: /home/bgr/bgr_ws/install/bme_ros2_navigation/share/bme_ros2_navigation/environment/path.sh
[1.483s] -- Installing: /home/bgr/bgr_ws/install/bme_ros2_navigation/share/bme_ros2_navigation/environment/path.dsv
[1.483s] -- Installing: /home/bgr/bgr_ws/install/bme_ros2_navigation/share/bme_ros2_navigation/local_setup.bash
[1.483s] -- Installing: /home/bgr/bgr_ws/install/bme_ros2_navigation/share/bme_ros2_navigation/local_setup.sh
[1.483s] -- Installing: /home/bgr/bgr_ws/install/bme_ros2_navigation/share/bme_ros2_navigation/local_setup.zsh
[1.483s] -- Installing: /home/bgr/bgr_ws/install/bme_ros2_navigation/share/bme_ros2_navigation/local_setup.dsv
[1.483s] -- Installing: /home/bgr/bgr_ws/install/bme_ros2_navigation/share/bme_ros2_navigation/package.dsv
[1.484s] -- Installing: /home/bgr/bgr_ws/install/bme_ros2_navigation/share/ament_index/resource_index/packages/bme_ros2_navigation
[1.484s] -- Installing: /home/bgr/bgr_ws/install/bme_ros2_navigation/share/bme_ros2_navigation/cmake/bme_ros2_navigationConfig.cmake
[1.484s] -- Installing: /home/bgr/bgr_ws/install/bme_ros2_navigation/share/bme_ros2_navigation/cmake/bme_ros2_navigationConfig-version.cmake
[1.484s] -- Installing: /home/bgr/bgr_ws/install/bme_ros2_navigation/share/bme_ros2_navigation/package.xml
[1.488s] Invoked command in '/home/bgr/bgr_ws/build/bme_ros2_navigation' returned '0': CMAKE_PREFIX_PATH=${CMAKE_PREFIX_PATH}:/opt/ros/jazzy DEBUGINFOD_URLS=https://debuginfod.ubuntu.com /usr/bin/cmake --install /home/bgr/bgr_ws/build/bme_ros2_navigation
