running egg_info
writing ../../build/bme_ros2_navigation_py/bme_ros2_navigation_py.egg-info/PKG-INFO
writing dependency_links to ../../build/bme_ros2_navigation_py/bme_ros2_navigation_py.egg-info/dependency_links.txt
writing entry points to ../../build/bme_ros2_navigation_py/bme_ros2_navigation_py.egg-info/entry_points.txt
writing requirements to ../../build/bme_ros2_navigation_py/bme_ros2_navigation_py.egg-info/requires.txt
writing top-level names to ../../build/bme_ros2_navigation_py/bme_ros2_navigation_py.egg-info/top_level.txt
reading manifest file '../../build/bme_ros2_navigation_py/bme_ros2_navigation_py.egg-info/SOURCES.txt'
writing manifest file '../../build/bme_ros2_navigation_py/bme_ros2_navigation_py.egg-info/SOURCES.txt'
running build
running build_py
copying bme_ros2_navigation_py/publish_initial_pose.py -> /home/bgr/bgr_ws/build/bme_ros2_navigation_py/build/lib/bme_ros2_navigation_py
running install
running install_lib
copying /home/bgr/bgr_ws/build/bme_ros2_navigation_py/build/lib/bme_ros2_navigation_py/publish_initial_pose.py -> /home/bgr/bgr_ws/install/bme_ros2_navigation_py/lib/python3.12/site-packages/bme_ros2_navigation_py
byte-compiling /home/bgr/bgr_ws/install/bme_ros2_navigation_py/lib/python3.12/site-packages/bme_ros2_navigation_py/publish_initial_pose.py to publish_initial_pose.cpython-312.pyc
running install_data
running install_egg_info
removing '/home/bgr/bgr_ws/install/bme_ros2_navigation_py/lib/python3.12/site-packages/bme_ros2_navigation_py-1.0.0-py3.12.egg-info' (and everything under it)
Copying ../../build/bme_ros2_navigation_py/bme_ros2_navigation_py.egg-info to /home/bgr/bgr_ws/install/bme_ros2_navigation_py/lib/python3.12/site-packages/bme_ros2_navigation_py-1.0.0-py3.12.egg-info
running install_scripts
Installing follow_waypoints script to /home/bgr/bgr_ws/install/bme_ros2_navigation_py/lib/bme_ros2_navigation_py
Installing publish_initial_pose script to /home/bgr/bgr_ws/install/bme_ros2_navigation_py/lib/bme_ros2_navigation_py
Installing send_initialpose script to /home/bgr/bgr_ws/install/bme_ros2_navigation_py/lib/bme_ros2_navigation_py
Installing slam_toolbox_load_map script to /home/bgr/bgr_ws/install/bme_ros2_navigation_py/lib/bme_ros2_navigation_py
writing list of installed files to '/home/bgr/bgr_ws/build/bme_ros2_navigation_py/install.log'
