[0.647s] Invoking command in '/home/bgr/bgr_ws/src/bme_ros2_navigation_py': DEBUGINFOD_URLS=https://debuginfod.ubuntu.com PYTHONPATH=/home/bgr/bgr_ws/build/bme_ros2_navigation_py/prefix_override:/usr/lib/python3/dist-packages/colcon_core/task/python/colcon_distutils_commands:/home/bgr/bgr_ws/install/bme_ros2_navigation_py/lib/python3.12/site-packages:${PYTHONPATH} /usr/bin/python3 -W ignore:setup.py install is deprecated -W ignore:easy_install command is deprecated setup.py egg_info --egg-base ../../build/bme_ros2_navigation_py build --build-base /home/bgr/bgr_ws/build/bme_ros2_navigation_py/build install --record /home/bgr/bgr_ws/build/bme_ros2_navigation_py/install.log --single-version-externally-managed install_data
[0.796s] running egg_info
[0.806s] writing ../../build/bme_ros2_navigation_py/bme_ros2_navigation_py.egg-info/PKG-INFO
[0.807s] writing dependency_links to ../../build/bme_ros2_navigation_py/bme_ros2_navigation_py.egg-info/dependency_links.txt
[0.807s] writing entry points to ../../build/bme_ros2_navigation_py/bme_ros2_navigation_py.egg-info/entry_points.txt
[0.807s] writing requirements to ../../build/bme_ros2_navigation_py/bme_ros2_navigation_py.egg-info/requires.txt
[0.807s] writing top-level names to ../../build/bme_ros2_navigation_py/bme_ros2_navigation_py.egg-info/top_level.txt
[0.827s] reading manifest file '../../build/bme_ros2_navigation_py/bme_ros2_navigation_py.egg-info/SOURCES.txt'
[0.827s] writing manifest file '../../build/bme_ros2_navigation_py/bme_ros2_navigation_py.egg-info/SOURCES.txt'
[0.827s] running build
[0.827s] running build_py
[0.827s] copying bme_ros2_navigation_py/publish_initial_pose.py -> /home/bgr/bgr_ws/build/bme_ros2_navigation_py/build/lib/bme_ros2_navigation_py
[0.828s] running install
[0.831s] running install_lib
[0.841s] copying /home/bgr/bgr_ws/build/bme_ros2_navigation_py/build/lib/bme_ros2_navigation_py/publish_initial_pose.py -> /home/bgr/bgr_ws/install/bme_ros2_navigation_py/lib/python3.12/site-packages/bme_ros2_navigation_py
[0.841s] byte-compiling /home/bgr/bgr_ws/install/bme_ros2_navigation_py/lib/python3.12/site-packages/bme_ros2_navigation_py/publish_initial_pose.py to publish_initial_pose.cpython-312.pyc
[0.842s] running install_data
[0.842s] running install_egg_info
[0.852s] removing '/home/bgr/bgr_ws/install/bme_ros2_navigation_py/lib/python3.12/site-packages/bme_ros2_navigation_py-1.0.0-py3.12.egg-info' (and everything under it)
[0.852s] Copying ../../build/bme_ros2_navigation_py/bme_ros2_navigation_py.egg-info to /home/bgr/bgr_ws/install/bme_ros2_navigation_py/lib/python3.12/site-packages/bme_ros2_navigation_py-1.0.0-py3.12.egg-info
[0.853s] running install_scripts
[0.929s] Installing follow_waypoints script to /home/bgr/bgr_ws/install/bme_ros2_navigation_py/lib/bme_ros2_navigation_py
[0.929s] Installing publish_initial_pose script to /home/bgr/bgr_ws/install/bme_ros2_navigation_py/lib/bme_ros2_navigation_py
[0.930s] Installing send_initialpose script to /home/bgr/bgr_ws/install/bme_ros2_navigation_py/lib/bme_ros2_navigation_py
[0.930s] Installing slam_toolbox_load_map script to /home/bgr/bgr_ws/install/bme_ros2_navigation_py/lib/bme_ros2_navigation_py
[0.930s] writing list of installed files to '/home/bgr/bgr_ws/build/bme_ros2_navigation_py/install.log'
[0.952s] Invoked command in '/home/bgr/bgr_ws/src/bme_ros2_navigation_py' returned '0': DEBUGINFOD_URLS=https://debuginfod.ubuntu.com PYTHONPATH=/home/bgr/bgr_ws/build/bme_ros2_navigation_py/prefix_override:/usr/lib/python3/dist-packages/colcon_core/task/python/colcon_distutils_commands:/home/bgr/bgr_ws/install/bme_ros2_navigation_py/lib/python3.12/site-packages:${PYTHONPATH} /usr/bin/python3 -W ignore:setup.py install is deprecated -W ignore:easy_install command is deprecated setup.py egg_info --egg-base ../../build/bme_ros2_navigation_py build --build-base /home/bgr/bgr_ws/build/bme_ros2_navigation_py/build install --record /home/bgr/bgr_ws/build/bme_ros2_navigation_py/install.log --single-version-externally-managed install_data
