[0.438s] Invoking command in '/home/bgr/bgr_ws/src/bme_ros2_navigation_py': DEBUGINFOD_URLS=https://debuginfod.ubuntu.com PYTHONPATH=/home/bgr/bgr_ws/build/bme_ros2_navigation_py/prefix_override:/usr/lib/python3/dist-packages/colcon_core/task/python/colcon_distutils_commands:/home/bgr/bgr_ws/install/bme_ros2_navigation_py/lib/python3.12/site-packages:${PYTHONPATH} /usr/bin/python3 -W ignore:setup.py install is deprecated -W ignore:easy_install command is deprecated setup.py egg_info --egg-base ../../build/bme_ros2_navigation_py build --build-base /home/bgr/bgr_ws/build/bme_ros2_navigation_py/build install --record /home/bgr/bgr_ws/build/bme_ros2_navigation_py/install.log --single-version-externally-managed install_data
[0.587s] running egg_info
[0.596s] writing ../../build/bme_ros2_navigation_py/bme_ros2_navigation_py.egg-info/PKG-INFO
[0.596s] writing dependency_links to ../../build/bme_ros2_navigation_py/bme_ros2_navigation_py.egg-info/dependency_links.txt
[0.596s] writing entry points to ../../build/bme_ros2_navigation_py/bme_ros2_navigation_py.egg-info/entry_points.txt
[0.597s] writing requirements to ../../build/bme_ros2_navigation_py/bme_ros2_navigation_py.egg-info/requires.txt
[0.597s] writing top-level names to ../../build/bme_ros2_navigation_py/bme_ros2_navigation_py.egg-info/top_level.txt
[0.616s] reading manifest file '../../build/bme_ros2_navigation_py/bme_ros2_navigation_py.egg-info/SOURCES.txt'
[0.617s] writing manifest file '../../build/bme_ros2_navigation_py/bme_ros2_navigation_py.egg-info/SOURCES.txt'
[0.617s] running build
[0.617s] running build_py
[0.617s] running install
[0.621s] running install_lib
[0.630s] running install_data
[0.631s] running install_egg_info
[0.640s] removing '/home/bgr/bgr_ws/install/bme_ros2_navigation_py/lib/python3.12/site-packages/bme_ros2_navigation_py-1.0.0-py3.12.egg-info' (and everything under it)
[0.641s] Copying ../../build/bme_ros2_navigation_py/bme_ros2_navigation_py.egg-info to /home/bgr/bgr_ws/install/bme_ros2_navigation_py/lib/python3.12/site-packages/bme_ros2_navigation_py-1.0.0-py3.12.egg-info
[0.641s] running install_scripts
[0.713s] Installing follow_waypoints script to /home/bgr/bgr_ws/install/bme_ros2_navigation_py/lib/bme_ros2_navigation_py
[0.713s] Installing send_initialpose script to /home/bgr/bgr_ws/install/bme_ros2_navigation_py/lib/bme_ros2_navigation_py
[0.713s] Installing slam_toolbox_load_map script to /home/bgr/bgr_ws/install/bme_ros2_navigation_py/lib/bme_ros2_navigation_py
[0.713s] writing list of installed files to '/home/bgr/bgr_ws/build/bme_ros2_navigation_py/install.log'
[0.730s] Invoked command in '/home/bgr/bgr_ws/src/bme_ros2_navigation_py' returned '0': DEBUGINFOD_URLS=https://debuginfod.ubuntu.com PYTHONPATH=/home/bgr/bgr_ws/build/bme_ros2_navigation_py/prefix_override:/usr/lib/python3/dist-packages/colcon_core/task/python/colcon_distutils_commands:/home/bgr/bgr_ws/install/bme_ros2_navigation_py/lib/python3.12/site-packages:${PYTHONPATH} /usr/bin/python3 -W ignore:setup.py install is deprecated -W ignore:easy_install command is deprecated setup.py egg_info --egg-base ../../build/bme_ros2_navigation_py build --build-base /home/bgr/bgr_ws/build/bme_ros2_navigation_py/build install --record /home/bgr/bgr_ws/build/bme_ros2_navigation_py/install.log --single-version-externally-managed install_data
