[0.010s] Invoking command in '/home/bgr/bgr_ws/build/topic_tools': CMAKE_PREFIX_PATH=/home/bgr/bgr_ws/install/topic_tools_interfaces:/home/bgr/bgr_ws/install/topic_tools:/home/bgr/bgr_ws/install/interactive_marker_twist_server:/home/bgr/bgr_ws/install/bme_ros2_navigation:/opt/ros/jazzy/opt/gz_sim_vendor:/opt/ros/jazzy/opt/gz_sensors_vendor:/opt/ros/jazzy/opt/gz_physics_vendor:/opt/ros/jazzy/opt/sdformat_vendor:/opt/ros/jazzy/opt/gz_gui_vendor:/opt/ros/jazzy/opt/gz_transport_vendor:/opt/ros/jazzy/opt/gz_rendering_vendor:/opt/ros/jazzy/opt/gz_plugin_vendor:/opt/ros/jazzy/opt/gz_fuel_tools_vendor:/opt/ros/jazzy/opt/gz_msgs_vendor:/opt/ros/jazzy/opt/gz_common_vendor:/opt/ros/jazzy/opt/gz_math_vendor:/opt/ros/jazzy/opt/gz_utils_vendor:/opt/ros/jazzy/opt/gz_tools_vendor:/opt/ros/jazzy/opt/gz_ogre_next_vendor:/opt/ros/jazzy/opt/gz_dartsim_vendor:/opt/ros/jazzy/opt/gz_cmake_vendor:/home/bgr/bgr_ws/install/mogi_trajectory_server:/home/bgr/bgr_ws/install/bme_ros2_navigation_py:/opt/ros/jazzy DEBUGINFOD_URLS=https://debuginfod.ubuntu.com LD_LIBRARY_PATH=/home/bgr/bgr_ws/install/topic_tools_interfaces/lib:/home/bgr/bgr_ws/install/topic_tools/lib:/opt/ros/jazzy/opt/gz_sim_vendor/lib:/opt/ros/jazzy/opt/gz_sensors_vendor/lib:/opt/ros/jazzy/opt/gz_physics_vendor/lib:/opt/ros/jazzy/opt/sdformat_vendor/lib:/opt/ros/jazzy/opt/rviz_ogre_vendor/lib:/opt/ros/jazzy/lib/x86_64-linux-gnu:/opt/ros/jazzy/opt/gz_gui_vendor/lib:/opt/ros/jazzy/opt/gz_transport_vendor/lib:/opt/ros/jazzy/opt/gz_rendering_vendor/lib:/opt/ros/jazzy/opt/gz_plugin_vendor/lib:/opt/ros/jazzy/opt/gz_fuel_tools_vendor/lib:/opt/ros/jazzy/opt/gz_msgs_vendor/lib:/opt/ros/jazzy/opt/gz_common_vendor/lib:/opt/ros/jazzy/opt/gz_math_vendor/lib:/opt/ros/jazzy/opt/gz_utils_vendor/lib:/opt/ros/jazzy/opt/gz_tools_vendor/lib:/opt/ros/jazzy/opt/gz_ogre_next_vendor/lib:/opt/ros/jazzy/opt/gz_dartsim_vendor/lib:/opt/ros/jazzy/opt/gz_cmake_vendor/lib:/opt/ros/jazzy/lib PYTHONPATH=/home/bgr/bgr_ws/install/topic_tools_interfaces/lib/python3.12/site-packages:/home/bgr/bgr_ws/install/topic_tools/lib/python3.12/site-packages:/home/bgr/bgr_ws/install/mogi_trajectory_server/lib/python3.12/site-packages:/home/bgr/bgr_ws/install/bme_ros2_navigation_py/lib/python3.12/site-packages:/opt/ros/jazzy/lib/python3.12/site-packages /usr/bin/cmake --build /home/bgr/bgr_ws/build/topic_tools -- -j16 -l16
[0.066s] [  4%] Built target gtest
[0.066s] [  9%] Built target gtest_main
[0.071s] [ 36%] Built target drop_node
[0.071s] [ 36%] Built target throttle_node
[0.071s] [ 36%] Built target relay_node
[0.071s] [ 38%] Built target mux_node
[0.071s] [ 43%] Built target delay_node
[0.075s] [ 50%] Built target demux_node
[0.077s] [ 50%] Built target ament_cmake_python_copy_topic_tools
[0.079s] [ 50%] Built target ament_cmake_python_copy_topic_tools_setup
[0.107s] [ 56%] Built target delay
[0.108s] [ 61%] Built target mux
[0.108s] [ 63%] Built target relay
[0.109s] [ 70%] Built target test_drop
[0.109s] [ 75%] Built target throttle
[0.109s] [ 79%] Built target test_mux
[0.109s] [ 81%] Built target test_throttle
[0.109s] [ 86%] Built target drop
[0.113s] [ 95%] Built target test_relay
[0.113s] [ 95%] Built target demux
[0.113s] [100%] Built target test_demux
[0.241s] running egg_info
[0.243s] running install_scripts
[0.256s] writing topic_tools.egg-info/PKG-INFO
[0.256s] writing dependency_links to topic_tools.egg-info/dependency_links.txt
[0.256s] writing entry points to topic_tools.egg-info/entry_points.txt
[0.256s] writing top-level names to topic_tools.egg-info/top_level.txt
[0.268s] /usr/lib/python3/dist-packages/setuptools/_distutils/cmd.py:66: SetuptoolsDeprecationWarning: setup.py install is deprecated.
[0.268s] !!
[0.268s] 
[0.268s]         ********************************************************************************
[0.268s]         Please avoid running ``setup.py`` directly.
[0.268s]         Instead, use pypa/build, pypa/installer or other
[0.269s]         standards-based tools.
[0.269s] 
[0.269s]         See https://blog.ganssle.io/articles/2021/10/setup-py-deprecated.html for details.
[0.269s]         ********************************************************************************
[0.269s] 
[0.269s] !!
[0.269s]   self.initialize_options()
[0.273s] running egg_info
[0.293s] reading manifest file 'topic_tools.egg-info/SOURCES.txt'
[0.293s] writing manifest file 'topic_tools.egg-info/SOURCES.txt'
[0.298s] writing topic_tools.egg-info/PKG-INFO
[0.298s] writing dependency_links to topic_tools.egg-info/dependency_links.txt
[0.298s] writing entry points to topic_tools.egg-info/entry_points.txt
[0.298s] writing top-level names to topic_tools.egg-info/top_level.txt
[0.323s] reading manifest file 'topic_tools.egg-info/SOURCES.txt'
[0.324s] writing manifest file 'topic_tools.egg-info/SOURCES.txt'
[0.324s] [100%] Built target ament_cmake_python_build_topic_tools_egg
[0.401s] Installing relay_field script to scripts
[0.401s] Installing transform script to scripts
[0.433s] [100%] Built target ament_cmake_python_build_topic_tools_scripts
[0.446s] Invoked command in '/home/bgr/bgr_ws/build/topic_tools' returned '0': CMAKE_PREFIX_PATH=/home/bgr/bgr_ws/install/topic_tools_interfaces:/home/bgr/bgr_ws/install/topic_tools:/home/bgr/bgr_ws/install/interactive_marker_twist_server:/home/bgr/bgr_ws/install/bme_ros2_navigation:/opt/ros/jazzy/opt/gz_sim_vendor:/opt/ros/jazzy/opt/gz_sensors_vendor:/opt/ros/jazzy/opt/gz_physics_vendor:/opt/ros/jazzy/opt/sdformat_vendor:/opt/ros/jazzy/opt/gz_gui_vendor:/opt/ros/jazzy/opt/gz_transport_vendor:/opt/ros/jazzy/opt/gz_rendering_vendor:/opt/ros/jazzy/opt/gz_plugin_vendor:/opt/ros/jazzy/opt/gz_fuel_tools_vendor:/opt/ros/jazzy/opt/gz_msgs_vendor:/opt/ros/jazzy/opt/gz_common_vendor:/opt/ros/jazzy/opt/gz_math_vendor:/opt/ros/jazzy/opt/gz_utils_vendor:/opt/ros/jazzy/opt/gz_tools_vendor:/opt/ros/jazzy/opt/gz_ogre_next_vendor:/opt/ros/jazzy/opt/gz_dartsim_vendor:/opt/ros/jazzy/opt/gz_cmake_vendor:/home/bgr/bgr_ws/install/mogi_trajectory_server:/home/bgr/bgr_ws/install/bme_ros2_navigation_py:/opt/ros/jazzy DEBUGINFOD_URLS=https://debuginfod.ubuntu.com LD_LIBRARY_PATH=/home/bgr/bgr_ws/install/topic_tools_interfaces/lib:/home/bgr/bgr_ws/install/topic_tools/lib:/opt/ros/jazzy/opt/gz_sim_vendor/lib:/opt/ros/jazzy/opt/gz_sensors_vendor/lib:/opt/ros/jazzy/opt/gz_physics_vendor/lib:/opt/ros/jazzy/opt/sdformat_vendor/lib:/opt/ros/jazzy/opt/rviz_ogre_vendor/lib:/opt/ros/jazzy/lib/x86_64-linux-gnu:/opt/ros/jazzy/opt/gz_gui_vendor/lib:/opt/ros/jazzy/opt/gz_transport_vendor/lib:/opt/ros/jazzy/opt/gz_rendering_vendor/lib:/opt/ros/jazzy/opt/gz_plugin_vendor/lib:/opt/ros/jazzy/opt/gz_fuel_tools_vendor/lib:/opt/ros/jazzy/opt/gz_msgs_vendor/lib:/opt/ros/jazzy/opt/gz_common_vendor/lib:/opt/ros/jazzy/opt/gz_math_vendor/lib:/opt/ros/jazzy/opt/gz_utils_vendor/lib:/opt/ros/jazzy/opt/gz_tools_vendor/lib:/opt/ros/jazzy/opt/gz_ogre_next_vendor/lib:/opt/ros/jazzy/opt/gz_dartsim_vendor/lib:/opt/ros/jazzy/opt/gz_cmake_vendor/lib:/opt/ros/jazzy/lib PYTHONPATH=/home/bgr/bgr_ws/install/topic_tools_interfaces/lib/python3.12/site-packages:/home/bgr/bgr_ws/install/topic_tools/lib/python3.12/site-packages:/home/bgr/bgr_ws/install/mogi_trajectory_server/lib/python3.12/site-packages:/home/bgr/bgr_ws/install/bme_ros2_navigation_py/lib/python3.12/site-packages:/opt/ros/jazzy/lib/python3.12/site-packages /usr/bin/cmake --build /home/bgr/bgr_ws/build/topic_tools -- -j16 -l16
[0.447s] Invoking command in '/home/bgr/bgr_ws/build/topic_tools': CMAKE_PREFIX_PATH=/home/bgr/bgr_ws/install/topic_tools_interfaces:/home/bgr/bgr_ws/install/topic_tools:/home/bgr/bgr_ws/install/interactive_marker_twist_server:/home/bgr/bgr_ws/install/bme_ros2_navigation:/opt/ros/jazzy/opt/gz_sim_vendor:/opt/ros/jazzy/opt/gz_sensors_vendor:/opt/ros/jazzy/opt/gz_physics_vendor:/opt/ros/jazzy/opt/sdformat_vendor:/opt/ros/jazzy/opt/gz_gui_vendor:/opt/ros/jazzy/opt/gz_transport_vendor:/opt/ros/jazzy/opt/gz_rendering_vendor:/opt/ros/jazzy/opt/gz_plugin_vendor:/opt/ros/jazzy/opt/gz_fuel_tools_vendor:/opt/ros/jazzy/opt/gz_msgs_vendor:/opt/ros/jazzy/opt/gz_common_vendor:/opt/ros/jazzy/opt/gz_math_vendor:/opt/ros/jazzy/opt/gz_utils_vendor:/opt/ros/jazzy/opt/gz_tools_vendor:/opt/ros/jazzy/opt/gz_ogre_next_vendor:/opt/ros/jazzy/opt/gz_dartsim_vendor:/opt/ros/jazzy/opt/gz_cmake_vendor:/home/bgr/bgr_ws/install/mogi_trajectory_server:/home/bgr/bgr_ws/install/bme_ros2_navigation_py:/opt/ros/jazzy DEBUGINFOD_URLS=https://debuginfod.ubuntu.com LD_LIBRARY_PATH=/home/bgr/bgr_ws/install/topic_tools_interfaces/lib:/home/bgr/bgr_ws/install/topic_tools/lib:/opt/ros/jazzy/opt/gz_sim_vendor/lib:/opt/ros/jazzy/opt/gz_sensors_vendor/lib:/opt/ros/jazzy/opt/gz_physics_vendor/lib:/opt/ros/jazzy/opt/sdformat_vendor/lib:/opt/ros/jazzy/opt/rviz_ogre_vendor/lib:/opt/ros/jazzy/lib/x86_64-linux-gnu:/opt/ros/jazzy/opt/gz_gui_vendor/lib:/opt/ros/jazzy/opt/gz_transport_vendor/lib:/opt/ros/jazzy/opt/gz_rendering_vendor/lib:/opt/ros/jazzy/opt/gz_plugin_vendor/lib:/opt/ros/jazzy/opt/gz_fuel_tools_vendor/lib:/opt/ros/jazzy/opt/gz_msgs_vendor/lib:/opt/ros/jazzy/opt/gz_common_vendor/lib:/opt/ros/jazzy/opt/gz_math_vendor/lib:/opt/ros/jazzy/opt/gz_utils_vendor/lib:/opt/ros/jazzy/opt/gz_tools_vendor/lib:/opt/ros/jazzy/opt/gz_ogre_next_vendor/lib:/opt/ros/jazzy/opt/gz_dartsim_vendor/lib:/opt/ros/jazzy/opt/gz_cmake_vendor/lib:/opt/ros/jazzy/lib PYTHONPATH=/home/bgr/bgr_ws/install/topic_tools_interfaces/lib/python3.12/site-packages:/home/bgr/bgr_ws/install/topic_tools/lib/python3.12/site-packages:/home/bgr/bgr_ws/install/mogi_trajectory_server/lib/python3.12/site-packages:/home/bgr/bgr_ws/install/bme_ros2_navigation_py/lib/python3.12/site-packages:/opt/ros/jazzy/lib/python3.12/site-packages /usr/bin/cmake --install /home/bgr/bgr_ws/build/topic_tools
[0.456s] -- Install configuration: ""
[0.456s] -- Up-to-date: /home/bgr/bgr_ws/install/topic_tools/lib/librelay_node.so
[0.456s] -- Up-to-date: /home/bgr/bgr_ws/install/topic_tools/lib/libthrottle_node.so
[0.457s] -- Up-to-date: /home/bgr/bgr_ws/install/topic_tools/lib/libdrop_node.so
[0.457s] -- Up-to-date: /home/bgr/bgr_ws/install/topic_tools/lib/libmux_node.so
[0.457s] -- Up-to-date: /home/bgr/bgr_ws/install/topic_tools/lib/libdemux_node.so
[0.457s] -- Up-to-date: /home/bgr/bgr_ws/install/topic_tools/lib/libdelay_node.so
[0.457s] -- Up-to-date: /home/bgr/bgr_ws/install/topic_tools/share/topic_tools/launch
[0.458s] -- Up-to-date: /home/bgr/bgr_ws/install/topic_tools/share/topic_tools/launch/relay.launch
[0.458s] -- Up-to-date: /home/bgr/bgr_ws/install/topic_tools/lib/topic_tools/relay
[0.458s] -- Up-to-date: /home/bgr/bgr_ws/install/topic_tools/lib/topic_tools/throttle
[0.458s] -- Up-to-date: /home/bgr/bgr_ws/install/topic_tools/lib/topic_tools/drop
[0.458s] -- Up-to-date: /home/bgr/bgr_ws/install/topic_tools/lib/topic_tools/mux
[0.458s] -- Up-to-date: /home/bgr/bgr_ws/install/topic_tools/lib/topic_tools/demux
[0.459s] -- Up-to-date: /home/bgr/bgr_ws/install/topic_tools/lib/topic_tools/delay
[0.459s] -- Up-to-date: /home/bgr/bgr_ws/install/topic_tools/share/topic_tools/environment/pythonpath.sh
[0.459s] -- Up-to-date: /home/bgr/bgr_ws/install/topic_tools/share/topic_tools/environment/pythonpath.dsv
[0.459s] -- Up-to-date: /home/bgr/bgr_ws/install/topic_tools/lib/python3.12/site-packages/topic_tools-1.4.3-py3.12.egg-info
[0.459s] -- Installing: /home/bgr/bgr_ws/install/topic_tools/lib/python3.12/site-packages/topic_tools-1.4.3-py3.12.egg-info/entry_points.txt
[0.459s] -- Installing: /home/bgr/bgr_ws/install/topic_tools/lib/python3.12/site-packages/topic_tools-1.4.3-py3.12.egg-info/PKG-INFO
[0.459s] -- Installing: /home/bgr/bgr_ws/install/topic_tools/lib/python3.12/site-packages/topic_tools-1.4.3-py3.12.egg-info/dependency_links.txt
[0.459s] -- Installing: /home/bgr/bgr_ws/install/topic_tools/lib/python3.12/site-packages/topic_tools-1.4.3-py3.12.egg-info/SOURCES.txt
[0.459s] -- Installing: /home/bgr/bgr_ws/install/topic_tools/lib/python3.12/site-packages/topic_tools-1.4.3-py3.12.egg-info/top_level.txt
[0.460s] -- Up-to-date: /home/bgr/bgr_ws/install/topic_tools/lib/topic_tools/
[0.460s] -- Installing: /home/bgr/bgr_ws/install/topic_tools/lib/topic_tools//transform
[0.460s] -- Installing: /home/bgr/bgr_ws/install/topic_tools/lib/topic_tools//relay_field
[0.460s] -- Up-to-date: /home/bgr/bgr_ws/install/topic_tools/lib/python3.12/site-packages/topic_tools
[0.460s] -- Up-to-date: /home/bgr/bgr_ws/install/topic_tools/lib/python3.12/site-packages/topic_tools/transform.py
[0.460s] -- Up-to-date: /home/bgr/bgr_ws/install/topic_tools/lib/python3.12/site-packages/topic_tools/setup.cfg
[0.460s] -- Up-to-date: /home/bgr/bgr_ws/install/topic_tools/lib/python3.12/site-packages/topic_tools/__init__.py
[0.460s] -- Up-to-date: /home/bgr/bgr_ws/install/topic_tools/lib/python3.12/site-packages/topic_tools/relay_field.py
[0.486s] Listing '/home/bgr/bgr_ws/install/topic_tools/lib/python3.12/site-packages/topic_tools'...
[0.491s] -- Up-to-date: /home/bgr/bgr_ws/install/topic_tools/share/ament_index/resource_index/package_run_dependencies/topic_tools
[0.491s] -- Up-to-date: /home/bgr/bgr_ws/install/topic_tools/share/ament_index/resource_index/parent_prefix_path/topic_tools
[0.491s] -- Up-to-date: /home/bgr/bgr_ws/install/topic_tools/share/topic_tools/environment/ament_prefix_path.sh
[0.491s] -- Up-to-date: /home/bgr/bgr_ws/install/topic_tools/share/topic_tools/environment/ament_prefix_path.dsv
[0.491s] -- Up-to-date: /home/bgr/bgr_ws/install/topic_tools/share/topic_tools/environment/path.sh
[0.491s] -- Up-to-date: /home/bgr/bgr_ws/install/topic_tools/share/topic_tools/environment/path.dsv
[0.491s] -- Up-to-date: /home/bgr/bgr_ws/install/topic_tools/share/topic_tools/local_setup.bash
[0.491s] -- Up-to-date: /home/bgr/bgr_ws/install/topic_tools/share/topic_tools/local_setup.sh
[0.491s] -- Up-to-date: /home/bgr/bgr_ws/install/topic_tools/share/topic_tools/local_setup.zsh
[0.491s] -- Up-to-date: /home/bgr/bgr_ws/install/topic_tools/share/topic_tools/local_setup.dsv
[0.491s] -- Installing: /home/bgr/bgr_ws/install/topic_tools/share/topic_tools/package.dsv
[0.491s] -- Up-to-date: /home/bgr/bgr_ws/install/topic_tools/share/ament_index/resource_index/packages/topic_tools
[0.491s] -- Up-to-date: /home/bgr/bgr_ws/install/topic_tools/share/ament_index/resource_index/rclcpp_components/topic_tools
[0.491s] -- Up-to-date: /home/bgr/bgr_ws/install/topic_tools/share/topic_tools/cmake/topic_toolsConfig.cmake
[0.491s] -- Up-to-date: /home/bgr/bgr_ws/install/topic_tools/share/topic_tools/cmake/topic_toolsConfig-version.cmake
[0.491s] -- Up-to-date: /home/bgr/bgr_ws/install/topic_tools/share/topic_tools/package.xml
[0.494s] Invoked command in '/home/bgr/bgr_ws/build/topic_tools' returned '0': CMAKE_PREFIX_PATH=/home/bgr/bgr_ws/install/topic_tools_interfaces:/home/bgr/bgr_ws/install/topic_tools:/home/bgr/bgr_ws/install/interactive_marker_twist_server:/home/bgr/bgr_ws/install/bme_ros2_navigation:/opt/ros/jazzy/opt/gz_sim_vendor:/opt/ros/jazzy/opt/gz_sensors_vendor:/opt/ros/jazzy/opt/gz_physics_vendor:/opt/ros/jazzy/opt/sdformat_vendor:/opt/ros/jazzy/opt/gz_gui_vendor:/opt/ros/jazzy/opt/gz_transport_vendor:/opt/ros/jazzy/opt/gz_rendering_vendor:/opt/ros/jazzy/opt/gz_plugin_vendor:/opt/ros/jazzy/opt/gz_fuel_tools_vendor:/opt/ros/jazzy/opt/gz_msgs_vendor:/opt/ros/jazzy/opt/gz_common_vendor:/opt/ros/jazzy/opt/gz_math_vendor:/opt/ros/jazzy/opt/gz_utils_vendor:/opt/ros/jazzy/opt/gz_tools_vendor:/opt/ros/jazzy/opt/gz_ogre_next_vendor:/opt/ros/jazzy/opt/gz_dartsim_vendor:/opt/ros/jazzy/opt/gz_cmake_vendor:/home/bgr/bgr_ws/install/mogi_trajectory_server:/home/bgr/bgr_ws/install/bme_ros2_navigation_py:/opt/ros/jazzy DEBUGINFOD_URLS=https://debuginfod.ubuntu.com LD_LIBRARY_PATH=/home/bgr/bgr_ws/install/topic_tools_interfaces/lib:/home/bgr/bgr_ws/install/topic_tools/lib:/opt/ros/jazzy/opt/gz_sim_vendor/lib:/opt/ros/jazzy/opt/gz_sensors_vendor/lib:/opt/ros/jazzy/opt/gz_physics_vendor/lib:/opt/ros/jazzy/opt/sdformat_vendor/lib:/opt/ros/jazzy/opt/rviz_ogre_vendor/lib:/opt/ros/jazzy/lib/x86_64-linux-gnu:/opt/ros/jazzy/opt/gz_gui_vendor/lib:/opt/ros/jazzy/opt/gz_transport_vendor/lib:/opt/ros/jazzy/opt/gz_rendering_vendor/lib:/opt/ros/jazzy/opt/gz_plugin_vendor/lib:/opt/ros/jazzy/opt/gz_fuel_tools_vendor/lib:/opt/ros/jazzy/opt/gz_msgs_vendor/lib:/opt/ros/jazzy/opt/gz_common_vendor/lib:/opt/ros/jazzy/opt/gz_math_vendor/lib:/opt/ros/jazzy/opt/gz_utils_vendor/lib:/opt/ros/jazzy/opt/gz_tools_vendor/lib:/opt/ros/jazzy/opt/gz_ogre_next_vendor/lib:/opt/ros/jazzy/opt/gz_dartsim_vendor/lib:/opt/ros/jazzy/opt/gz_cmake_vendor/lib:/opt/ros/jazzy/lib PYTHONPATH=/home/bgr/bgr_ws/install/topic_tools_interfaces/lib/python3.12/site-packages:/home/bgr/bgr_ws/install/topic_tools/lib/python3.12/site-packages:/home/bgr/bgr_ws/install/mogi_trajectory_server/lib/python3.12/site-packages:/home/bgr/bgr_ws/install/bme_ros2_navigation_py/lib/python3.12/site-packages:/opt/ros/jazzy/lib/python3.12/site-packages /usr/bin/cmake --install /home/bgr/bgr_ws/build/topic_tools
