-- The C compiler identification is GNU 13.3.0
-- The CXX compiler identification is GNU 13.3.0
-- Detecting C compiler ABI info
-- Detecting C compiler ABI info - done
-- Check for working C compiler: /usr/bin/cc - skipped
-- Detecting C compile features
-- Detecting C compile features - done
-- Detecting CXX compiler ABI info
-- Detecting CXX compiler ABI info - done
-- Check for working CXX compiler: /usr/bin/c++ - skipped
-- Detecting CXX compile features
-- Detecting CXX compile features - done
-- Found ament_cmake: 2.5.4 (/opt/ros/jazzy/share/ament_cmake/cmake)
-- Found Python3: /usr/bin/python3 (found version "3.12.3") found components: Interpreter 
-- Found rclcpp: 28.1.12 (/opt/ros/jazzy/share/rclcpp/cmake)
-- Found rosidl_generator_c: 4.6.6 (/opt/ros/jazzy/share/rosidl_generator_c/cmake)
-- Found rosidl_generator_cpp: 4.6.6 (/opt/ros/jazzy/share/rosidl_generator_cpp/cmake)
-- Using all available rosidl_typesupport_c: rosidl_typesupport_fastrtps_c;rosidl_typesupport_introspection_c
-- Using all available rosidl_typesupport_cpp: rosidl_typesupport_fastrtps_cpp;rosidl_typesupport_introspection_cpp
-- Found rmw_implementation_cmake: 7.3.2 (/opt/ros/jazzy/share/rmw_implementation_cmake/cmake)
-- Found rmw_fastrtps_cpp: 8.4.3 (/opt/ros/jazzy/share/rmw_fastrtps_cpp/cmake)
-- Found OpenSSL: /usr/lib/x86_64-linux-gnu/libcrypto.so (found version "3.0.13")  
-- Found FastRTPS: /opt/ros/jazzy/include (Required is at least version "2.13") 
-- Using RMW implementation 'rmw_fastrtps_cpp' as default
-- Found rclcpp_components: 28.1.12 (/opt/ros/jazzy/share/rclcpp_components/cmake)
-- Found topic_tools_interfaces: 1.4.3 (/home/bgr/bgr_ws/install/topic_tools_interfaces/share/topic_tools_interfaces/cmake)
-- Found std_msgs: 5.3.6 (/opt/ros/jazzy/share/std_msgs/cmake)
-- Found ament_lint_auto: 0.17.3 (/opt/ros/jazzy/share/ament_lint_auto/cmake)
-- Found gtest sources under '/opt/ros/jazzy/src/gtest_vendor': C++ tests using 'Google Test' will be built
-- Performing Test CMAKE_HAVE_LIBC_PTHREAD
-- Performing Test CMAKE_HAVE_LIBC_PTHREAD - Success
-- Found Threads: TRUE  
-- Added test 'copyright' to check source files copyright and LICENSE
-- Added test 'cppcheck' to perform static code analysis on C / C++ code
-- Configured cppcheck include dirs: /home/bgr/bgr_ws/src/topic_tools/topic_tools/include;$<BUILD_INTERFACE:/home/bgr/bgr_ws/src/topic_tools/topic_tools/include>
-- Configured cppcheck exclude dirs and/or files: 
-- Added test 'cpplint' to check C / C++ code against the Google style
-- Configured cpplint exclude dirs and/or files: 
-- Added test 'flake8' to check Python code syntax and style conventions
-- Configured 'flake8' exclude dirs and/or files: 
-- Added test 'lint_cmake' to check CMake code style
-- Added test 'pep257' to check Python code against some of the docstring style conventions in PEP 257
-- Added test 'uncrustify' to check C / C++ code style
-- Configured uncrustify additional arguments: 
-- Added test 'xmllint' to check XML markup files
-- Configuring done (1.1s)
-- Generating done (0.0s)
-- Build files have been written to: /home/bgr/bgr_ws/build/topic_tools
[ 18%] [32mBuilding CXX object CMakeFiles/delay_node.dir/src/delay_node.cpp.o[0m
[ 18%] [32mBuilding CXX object CMakeFiles/throttle_node.dir/src/tool_base_node.cpp.o[0m
[ 18%] [32mBuilding CXX object CMakeFiles/throttle_node.dir/src/throttle_node.cpp.o[0m
[ 18%] [32mBuilding CXX object CMakeFiles/delay_node.dir/src/tool_base_node.cpp.o[0m
[ 18%] [32mBuilding CXX object CMakeFiles/demux_node.dir/src/demux_node.cpp.o[0m
[ 18%] [32mBuilding CXX object gtest/CMakeFiles/gtest.dir/src/gtest-all.cc.o[0m
[ 20%] [32mBuilding CXX object CMakeFiles/mux_node.dir/src/tool_base_node.cpp.o[0m
[ 25%] [32mBuilding CXX object CMakeFiles/mux_node.dir/src/mux_node.cpp.o[0m
[ 20%] [32mBuilding CXX object CMakeFiles/relay_node.dir/src/tool_base_node.cpp.o[0m
[ 27%] [32mBuilding CXX object CMakeFiles/drop_node.dir/src/tool_base_node.cpp.o[0m
[ 27%] [32mBuilding CXX object CMakeFiles/drop_node.dir/src/drop_node.cpp.o[0m
[ 27%] [32mBuilding CXX object CMakeFiles/relay_node.dir/src/relay_node.cpp.o[0m
[ 29%] [32mBuilding CXX object CMakeFiles/demux_node.dir/src/tool_base_node.cpp.o[0m
[ 31%] [32mBuilding CXX object gtest/CMakeFiles/gtest_main.dir/src/gtest_main.cc.o[0m
[ 31%] Built target ament_cmake_python_copy_topic_tools_setup
[ 31%] Built target ament_cmake_python_copy_topic_tools
running egg_info
creating topic_tools.egg-info
writing topic_tools.egg-info/PKG-INFO
writing dependency_links to topic_tools.egg-info/dependency_links.txt
writing entry points to topic_tools.egg-info/entry_points.txt
writing top-level names to topic_tools.egg-info/top_level.txt
writing manifest file 'topic_tools.egg-info/SOURCES.txt'
running install_scripts
/usr/lib/python3/dist-packages/setuptools/_distutils/cmd.py:66: SetuptoolsDeprecationWarning: setup.py install is deprecated.
reading manifest file 'topic_tools.egg-info/SOURCES.txt'
writing manifest file 'topic_tools.egg-info/SOURCES.txt'
!!

        ********************************************************************************
        Please avoid running ``setup.py`` directly.
        Instead, use pypa/build, pypa/installer or other
        standards-based tools.

        See https://blog.ganssle.io/articles/2021/10/setup-py-deprecated.html for details.
        ********************************************************************************

!!
  self.initialize_options()
running egg_info
writing topic_tools.egg-info/PKG-INFO
writing dependency_links to topic_tools.egg-info/dependency_links.txt
writing entry points to topic_tools.egg-info/entry_points.txt
writing top-level names to topic_tools.egg-info/top_level.txt
[ 31%] Built target ament_cmake_python_build_topic_tools_egg
reading manifest file 'topic_tools.egg-info/SOURCES.txt'
writing manifest file 'topic_tools.egg-info/SOURCES.txt'
Installing relay_field script to scripts
Installing transform script to scripts
[ 31%] Built target ament_cmake_python_build_topic_tools_scripts
[ 34%] [32m[1mLinking CXX static library libgtest_main.a[0m
[ 34%] Built target gtest_main
[ 36%] [32m[1mLinking CXX shared library librelay_node.so[0m
[ 36%] Built target relay_node
[ 38%] [32mBuilding CXX object CMakeFiles/relay.dir/src/relay.cpp.o[0m
[ 40%] [32m[1mLinking CXX shared library libthrottle_node.so[0m
[ 43%] [32m[1mLinking CXX shared library libdrop_node.so[0m
[ 45%] [32m[1mLinking CXX static library libgtest.a[0m
[ 45%] Built target throttle_node
[ 47%] [32mBuilding CXX object CMakeFiles/throttle.dir/src/throttle.cpp.o[0m
[ 47%] Built target drop_node
[ 47%] Built target gtest
[ 50%] [32mBuilding CXX object CMakeFiles/drop.dir/src/drop.cpp.o[0m
[ 54%] [32mBuilding CXX object CMakeFiles/test_relay.dir/test/test_relay.cpp.o[0m
[ 54%] [32mBuilding CXX object CMakeFiles/test_drop.dir/test/test_drop.cpp.o[0m
[ 56%] [32mBuilding CXX object CMakeFiles/test_throttle.dir/test/test_throttle.cpp.o[0m
[ 59%] [32m[1mLinking CXX shared library libdelay_node.so[0m
[ 59%] Built target delay_node
[ 61%] [32mBuilding CXX object CMakeFiles/delay.dir/src/delay.cpp.o[0m
[ 63%] [32m[1mLinking CXX shared library libdemux_node.so[0m
[ 65%] [32m[1mLinking CXX shared library libmux_node.so[0m
[ 68%] [32m[1mLinking CXX executable relay[0m
[ 68%] Built target demux_node
[ 72%] [32mBuilding CXX object CMakeFiles/demux.dir/src/demux.cpp.o[0m
[ 72%] [32mBuilding CXX object CMakeFiles/test_demux.dir/test/test_demux.cpp.o[0m
[ 72%] Built target relay
[ 72%] Built target mux_node
[ 75%] [32mBuilding CXX object CMakeFiles/mux.dir/src/mux.cpp.o[0m
[ 77%] [32mBuilding CXX object CMakeFiles/test_mux.dir/test/test_mux.cpp.o[0m
[ 79%] [32m[1mLinking CXX executable drop[0m
[ 79%] Built target drop
[ 81%] [32m[1mLinking CXX executable throttle[0m
[ 81%] Built target throttle
[ 84%] [32m[1mLinking CXX executable delay[0m
[ 84%] Built target delay
[ 86%] [32m[1mLinking CXX executable mux[0m
[ 86%] Built target mux
[ 88%] [32m[1mLinking CXX executable demux[0m
[ 88%] Built target demux
[ 90%] [32m[1mLinking CXX executable test_relay[0m
[ 93%] [32m[1mLinking CXX executable test_throttle[0m
[ 93%] Built target test_relay
[ 93%] Built target test_throttle
[ 95%] [32m[1mLinking CXX executable test_drop[0m
[ 95%] Built target test_drop
[ 97%] [32m[1mLinking CXX executable test_demux[0m
[100%] [32m[1mLinking CXX executable test_mux[0m
[100%] Built target test_demux
[100%] Built target test_mux
-- Install configuration: ""
-- Installing: /home/bgr/bgr_ws/install/topic_tools/lib/librelay_node.so
-- Set non-toolchain portion of runtime path of "/home/bgr/bgr_ws/install/topic_tools/lib/librelay_node.so" to ""
-- Installing: /home/bgr/bgr_ws/install/topic_tools/lib/libthrottle_node.so
-- Set non-toolchain portion of runtime path of "/home/bgr/bgr_ws/install/topic_tools/lib/libthrottle_node.so" to ""
-- Installing: /home/bgr/bgr_ws/install/topic_tools/lib/libdrop_node.so
-- Set non-toolchain portion of runtime path of "/home/bgr/bgr_ws/install/topic_tools/lib/libdrop_node.so" to ""
-- Installing: /home/bgr/bgr_ws/install/topic_tools/lib/libmux_node.so
-- Set non-toolchain portion of runtime path of "/home/bgr/bgr_ws/install/topic_tools/lib/libmux_node.so" to ""
-- Installing: /home/bgr/bgr_ws/install/topic_tools/lib/libdemux_node.so
-- Set non-toolchain portion of runtime path of "/home/bgr/bgr_ws/install/topic_tools/lib/libdemux_node.so" to ""
-- Installing: /home/bgr/bgr_ws/install/topic_tools/lib/libdelay_node.so
-- Set non-toolchain portion of runtime path of "/home/bgr/bgr_ws/install/topic_tools/lib/libdelay_node.so" to ""
-- Installing: /home/bgr/bgr_ws/install/topic_tools/share/topic_tools/launch
-- Installing: /home/bgr/bgr_ws/install/topic_tools/share/topic_tools/launch/relay.launch
-- Installing: /home/bgr/bgr_ws/install/topic_tools/lib/topic_tools/relay
-- Set non-toolchain portion of runtime path of "/home/bgr/bgr_ws/install/topic_tools/lib/topic_tools/relay" to ""
-- Installing: /home/bgr/bgr_ws/install/topic_tools/lib/topic_tools/throttle
-- Set non-toolchain portion of runtime path of "/home/bgr/bgr_ws/install/topic_tools/lib/topic_tools/throttle" to ""
-- Installing: /home/bgr/bgr_ws/install/topic_tools/lib/topic_tools/drop
-- Set non-toolchain portion of runtime path of "/home/bgr/bgr_ws/install/topic_tools/lib/topic_tools/drop" to ""
-- Installing: /home/bgr/bgr_ws/install/topic_tools/lib/topic_tools/mux
-- Set non-toolchain portion of runtime path of "/home/bgr/bgr_ws/install/topic_tools/lib/topic_tools/mux" to ""
-- Installing: /home/bgr/bgr_ws/install/topic_tools/lib/topic_tools/demux
-- Set non-toolchain portion of runtime path of "/home/bgr/bgr_ws/install/topic_tools/lib/topic_tools/demux" to ""
-- Installing: /home/bgr/bgr_ws/install/topic_tools/lib/topic_tools/delay
-- Set non-toolchain portion of runtime path of "/home/bgr/bgr_ws/install/topic_tools/lib/topic_tools/delay" to ""
-- Installing: /home/bgr/bgr_ws/install/topic_tools/share/topic_tools/environment/pythonpath.sh
-- Installing: /home/bgr/bgr_ws/install/topic_tools/share/topic_tools/environment/pythonpath.dsv
-- Installing: /home/bgr/bgr_ws/install/topic_tools/lib/python3.12/site-packages/topic_tools-1.4.3-py3.12.egg-info
-- Installing: /home/bgr/bgr_ws/install/topic_tools/lib/python3.12/site-packages/topic_tools-1.4.3-py3.12.egg-info/entry_points.txt
-- Installing: /home/bgr/bgr_ws/install/topic_tools/lib/python3.12/site-packages/topic_tools-1.4.3-py3.12.egg-info/PKG-INFO
-- Installing: /home/bgr/bgr_ws/install/topic_tools/lib/python3.12/site-packages/topic_tools-1.4.3-py3.12.egg-info/dependency_links.txt
-- Installing: /home/bgr/bgr_ws/install/topic_tools/lib/python3.12/site-packages/topic_tools-1.4.3-py3.12.egg-info/SOURCES.txt
-- Installing: /home/bgr/bgr_ws/install/topic_tools/lib/python3.12/site-packages/topic_tools-1.4.3-py3.12.egg-info/top_level.txt
-- Up-to-date: /home/bgr/bgr_ws/install/topic_tools/lib/topic_tools/
-- Installing: /home/bgr/bgr_ws/install/topic_tools/lib/topic_tools//transform
-- Installing: /home/bgr/bgr_ws/install/topic_tools/lib/topic_tools//relay_field
-- Installing: /home/bgr/bgr_ws/install/topic_tools/lib/python3.12/site-packages/topic_tools
-- Installing: /home/bgr/bgr_ws/install/topic_tools/lib/python3.12/site-packages/topic_tools/transform.py
-- Installing: /home/bgr/bgr_ws/install/topic_tools/lib/python3.12/site-packages/topic_tools/setup.cfg
-- Installing: /home/bgr/bgr_ws/install/topic_tools/lib/python3.12/site-packages/topic_tools/__init__.py
-- Installing: /home/bgr/bgr_ws/install/topic_tools/lib/python3.12/site-packages/topic_tools/relay_field.py
Listing '/home/bgr/bgr_ws/install/topic_tools/lib/python3.12/site-packages/topic_tools'...
Compiling '/home/bgr/bgr_ws/install/topic_tools/lib/python3.12/site-packages/topic_tools/__init__.py'...
Compiling '/home/bgr/bgr_ws/install/topic_tools/lib/python3.12/site-packages/topic_tools/relay_field.py'...
Compiling '/home/bgr/bgr_ws/install/topic_tools/lib/python3.12/site-packages/topic_tools/transform.py'...
-- Installing: /home/bgr/bgr_ws/install/topic_tools/share/ament_index/resource_index/package_run_dependencies/topic_tools
-- Installing: /home/bgr/bgr_ws/install/topic_tools/share/ament_index/resource_index/parent_prefix_path/topic_tools
-- Installing: /home/bgr/bgr_ws/install/topic_tools/share/topic_tools/environment/ament_prefix_path.sh
-- Installing: /home/bgr/bgr_ws/install/topic_tools/share/topic_tools/environment/ament_prefix_path.dsv
-- Installing: /home/bgr/bgr_ws/install/topic_tools/share/topic_tools/environment/path.sh
-- Installing: /home/bgr/bgr_ws/install/topic_tools/share/topic_tools/environment/path.dsv
-- Installing: /home/bgr/bgr_ws/install/topic_tools/share/topic_tools/local_setup.bash
-- Installing: /home/bgr/bgr_ws/install/topic_tools/share/topic_tools/local_setup.sh
-- Installing: /home/bgr/bgr_ws/install/topic_tools/share/topic_tools/local_setup.zsh
-- Installing: /home/bgr/bgr_ws/install/topic_tools/share/topic_tools/local_setup.dsv
-- Installing: /home/bgr/bgr_ws/install/topic_tools/share/topic_tools/package.dsv
-- Installing: /home/bgr/bgr_ws/install/topic_tools/share/ament_index/resource_index/packages/topic_tools
-- Installing: /home/bgr/bgr_ws/install/topic_tools/share/ament_index/resource_index/rclcpp_components/topic_tools
-- Installing: /home/bgr/bgr_ws/install/topic_tools/share/topic_tools/cmake/topic_toolsConfig.cmake
-- Installing: /home/bgr/bgr_ws/install/topic_tools/share/topic_tools/cmake/topic_toolsConfig-version.cmake
-- Installing: /home/bgr/bgr_ws/install/topic_tools/share/topic_tools/package.xml
