[0.010s] Invoking command in '/home/bgr/bgr_ws/build/topic_tools': AMENT_PREFIX_PATH=/home/bgr/bgr_ws/install/topic_tools_interfaces:${AMENT_PREFIX_PATH} CMAKE_PREFIX_PATH=/home/bgr/bgr_ws/install/topic_tools_interfaces:/opt/ros/jazzy/opt/gz_sim_vendor:/opt/ros/jazzy/opt/gz_sensors_vendor:/opt/ros/jazzy/opt/gz_physics_vendor:/opt/ros/jazzy/opt/sdformat_vendor:/opt/ros/jazzy/opt/gz_gui_vendor:/opt/ros/jazzy/opt/gz_transport_vendor:/opt/ros/jazzy/opt/gz_rendering_vendor:/opt/ros/jazzy/opt/gz_plugin_vendor:/opt/ros/jazzy/opt/gz_fuel_tools_vendor:/opt/ros/jazzy/opt/gz_msgs_vendor:/opt/ros/jazzy/opt/gz_common_vendor:/opt/ros/jazzy/opt/gz_math_vendor:/opt/ros/jazzy/opt/gz_utils_vendor:/opt/ros/jazzy/opt/gz_tools_vendor:/opt/ros/jazzy/opt/gz_ogre_next_vendor:/opt/ros/jazzy/opt/gz_dartsim_vendor:/opt/ros/jazzy/opt/gz_cmake_vendor:/opt/ros/jazzy DEBUGINFOD_URLS=https://debuginfod.ubuntu.com LD_LIBRARY_PATH=/home/bgr/bgr_ws/install/topic_tools_interfaces/lib:${LD_LIBRARY_PATH} PYTHONPATH=/home/bgr/bgr_ws/install/topic_tools_interfaces/lib/python3.12/site-packages:${PYTHONPATH} /usr/bin/cmake /home/bgr/bgr_ws/src/topic_tools/topic_tools -DCMAKE_INSTALL_PREFIX=/home/bgr/bgr_ws/install/topic_tools
[0.056s] -- The C compiler identification is GNU 13.3.0
[0.100s] -- The CXX compiler identification is GNU 13.3.0
[0.117s] -- Detecting C compiler ABI info
[0.202s] -- Detecting C compiler ABI info - done
[0.207s] -- Check for working C compiler: /usr/bin/cc - skipped
[0.207s] -- Detecting C compile features
[0.207s] -- Detecting C compile features - done
[0.217s] -- Detecting CXX compiler ABI info
[0.306s] -- Detecting CXX compiler ABI info - done
[0.311s] -- Check for working CXX compiler: /usr/bin/c++ - skipped
[0.311s] -- Detecting CXX compile features
[0.311s] -- Detecting CXX compile features - done
[0.315s] -- Found ament_cmake: 2.5.4 (/opt/ros/jazzy/share/ament_cmake/cmake)
[0.425s] -- Found Python3: /usr/bin/python3 (found version "3.12.3") found components: Interpreter 
[0.517s] -- Found rclcpp: 28.1.12 (/opt/ros/jazzy/share/rclcpp/cmake)
[0.557s] -- Found rosidl_generator_c: 4.6.6 (/opt/ros/jazzy/share/rosidl_generator_c/cmake)
[0.570s] -- Found rosidl_generator_cpp: 4.6.6 (/opt/ros/jazzy/share/rosidl_generator_cpp/cmake)
[0.586s] -- Using all available rosidl_typesupport_c: rosidl_typesupport_fastrtps_c;rosidl_typesupport_introspection_c
[0.602s] -- Using all available rosidl_typesupport_cpp: rosidl_typesupport_fastrtps_cpp;rosidl_typesupport_introspection_cpp
[0.665s] -- Found rmw_implementation_cmake: 7.3.2 (/opt/ros/jazzy/share/rmw_implementation_cmake/cmake)
[0.668s] -- Found rmw_fastrtps_cpp: 8.4.3 (/opt/ros/jazzy/share/rmw_fastrtps_cpp/cmake)
[0.757s] -- Found OpenSSL: /usr/lib/x86_64-linux-gnu/libcrypto.so (found version "3.0.13")  
[0.772s] -- Found FastRTPS: /opt/ros/jazzy/include (Required is at least version "2.13") 
[0.791s] -- Using RMW implementation 'rmw_fastrtps_cpp' as default
[0.849s] -- Found rclcpp_components: 28.1.12 (/opt/ros/jazzy/share/rclcpp_components/cmake)
[0.879s] -- Found topic_tools_interfaces: 1.4.3 (/home/bgr/bgr_ws/install/topic_tools_interfaces/share/topic_tools_interfaces/cmake)
[0.897s] -- Found std_msgs: 5.3.6 (/opt/ros/jazzy/share/std_msgs/cmake)
[0.908s] -- Found ament_lint_auto: 0.17.3 (/opt/ros/jazzy/share/ament_lint_auto/cmake)
[1.006s] -- Found gtest sources under '/opt/ros/jazzy/src/gtest_vendor': C++ tests using 'Google Test' will be built
[1.009s] -- Performing Test CMAKE_HAVE_LIBC_PTHREAD
[1.086s] -- Performing Test CMAKE_HAVE_LIBC_PTHREAD - Success
[1.086s] -- Found Threads: TRUE  
[1.109s] -- Added test 'copyright' to check source files copyright and LICENSE
[1.111s] -- Added test 'cppcheck' to perform static code analysis on C / C++ code
[1.111s] -- Configured cppcheck include dirs: /home/bgr/bgr_ws/src/topic_tools/topic_tools/include;$<BUILD_INTERFACE:/home/bgr/bgr_ws/src/topic_tools/topic_tools/include>
[1.111s] -- Configured cppcheck exclude dirs and/or files: 
[1.113s] -- Added test 'cpplint' to check C / C++ code against the Google style
[1.113s] -- Configured cpplint exclude dirs and/or files: 
[1.113s] -- Added test 'flake8' to check Python code syntax and style conventions
[1.113s] -- Configured 'flake8' exclude dirs and/or files: 
[1.114s] -- Added test 'lint_cmake' to check CMake code style
[1.115s] -- Added test 'pep257' to check Python code against some of the docstring style conventions in PEP 257
[1.116s] -- Added test 'uncrustify' to check C / C++ code style
[1.116s] -- Configured uncrustify additional arguments: 
[1.117s] -- Added test 'xmllint' to check XML markup files
[1.118s] -- Configuring done (1.1s)
[1.156s] -- Generating done (0.0s)
[1.170s] -- Build files have been written to: /home/bgr/bgr_ws/build/topic_tools
[1.181s] Invoked command in '/home/bgr/bgr_ws/build/topic_tools' returned '0': AMENT_PREFIX_PATH=/home/bgr/bgr_ws/install/topic_tools_interfaces:${AMENT_PREFIX_PATH} CMAKE_PREFIX_PATH=/home/bgr/bgr_ws/install/topic_tools_interfaces:/opt/ros/jazzy/opt/gz_sim_vendor:/opt/ros/jazzy/opt/gz_sensors_vendor:/opt/ros/jazzy/opt/gz_physics_vendor:/opt/ros/jazzy/opt/sdformat_vendor:/opt/ros/jazzy/opt/gz_gui_vendor:/opt/ros/jazzy/opt/gz_transport_vendor:/opt/ros/jazzy/opt/gz_rendering_vendor:/opt/ros/jazzy/opt/gz_plugin_vendor:/opt/ros/jazzy/opt/gz_fuel_tools_vendor:/opt/ros/jazzy/opt/gz_msgs_vendor:/opt/ros/jazzy/opt/gz_common_vendor:/opt/ros/jazzy/opt/gz_math_vendor:/opt/ros/jazzy/opt/gz_utils_vendor:/opt/ros/jazzy/opt/gz_tools_vendor:/opt/ros/jazzy/opt/gz_ogre_next_vendor:/opt/ros/jazzy/opt/gz_dartsim_vendor:/opt/ros/jazzy/opt/gz_cmake_vendor:/opt/ros/jazzy DEBUGINFOD_URLS=https://debuginfod.ubuntu.com LD_LIBRARY_PATH=/home/bgr/bgr_ws/install/topic_tools_interfaces/lib:${LD_LIBRARY_PATH} PYTHONPATH=/home/bgr/bgr_ws/install/topic_tools_interfaces/lib/python3.12/site-packages:${PYTHONPATH} /usr/bin/cmake /home/bgr/bgr_ws/src/topic_tools/topic_tools -DCMAKE_INSTALL_PREFIX=/home/bgr/bgr_ws/install/topic_tools
[1.181s] Invoking command in '/home/bgr/bgr_ws/build/topic_tools': AMENT_PREFIX_PATH=/home/bgr/bgr_ws/install/topic_tools_interfaces:${AMENT_PREFIX_PATH} CMAKE_PREFIX_PATH=/home/bgr/bgr_ws/install/topic_tools_interfaces:/opt/ros/jazzy/opt/gz_sim_vendor:/opt/ros/jazzy/opt/gz_sensors_vendor:/opt/ros/jazzy/opt/gz_physics_vendor:/opt/ros/jazzy/opt/sdformat_vendor:/opt/ros/jazzy/opt/gz_gui_vendor:/opt/ros/jazzy/opt/gz_transport_vendor:/opt/ros/jazzy/opt/gz_rendering_vendor:/opt/ros/jazzy/opt/gz_plugin_vendor:/opt/ros/jazzy/opt/gz_fuel_tools_vendor:/opt/ros/jazzy/opt/gz_msgs_vendor:/opt/ros/jazzy/opt/gz_common_vendor:/opt/ros/jazzy/opt/gz_math_vendor:/opt/ros/jazzy/opt/gz_utils_vendor:/opt/ros/jazzy/opt/gz_tools_vendor:/opt/ros/jazzy/opt/gz_ogre_next_vendor:/opt/ros/jazzy/opt/gz_dartsim_vendor:/opt/ros/jazzy/opt/gz_cmake_vendor:/opt/ros/jazzy DEBUGINFOD_URLS=https://debuginfod.ubuntu.com LD_LIBRARY_PATH=/home/bgr/bgr_ws/install/topic_tools_interfaces/lib:${LD_LIBRARY_PATH} PYTHONPATH=/home/bgr/bgr_ws/install/topic_tools_interfaces/lib/python3.12/site-packages:${PYTHONPATH} /usr/bin/cmake --build /home/bgr/bgr_ws/build/topic_tools -- -j16 -l16
[1.233s] [ 18%] [32mBuilding CXX object CMakeFiles/delay_node.dir/src/delay_node.cpp.o[0m
[1.233s] [ 18%] [32mBuilding CXX object CMakeFiles/throttle_node.dir/src/tool_base_node.cpp.o[0m
[1.233s] [ 18%] [32mBuilding CXX object CMakeFiles/throttle_node.dir/src/throttle_node.cpp.o[0m
[1.233s] [ 18%] [32mBuilding CXX object CMakeFiles/delay_node.dir/src/tool_base_node.cpp.o[0m
[1.233s] [ 18%] [32mBuilding CXX object CMakeFiles/demux_node.dir/src/demux_node.cpp.o[0m
[1.233s] [ 18%] [32mBuilding CXX object gtest/CMakeFiles/gtest.dir/src/gtest-all.cc.o[0m
[1.233s] [ 20%] [32mBuilding CXX object CMakeFiles/mux_node.dir/src/tool_base_node.cpp.o[0m
[1.233s] [ 25%] [32mBuilding CXX object CMakeFiles/mux_node.dir/src/mux_node.cpp.o[0m
[1.233s] [ 20%] [32mBuilding CXX object CMakeFiles/relay_node.dir/src/tool_base_node.cpp.o[0m
[1.233s] [ 27%] [32mBuilding CXX object CMakeFiles/drop_node.dir/src/tool_base_node.cpp.o[0m
[1.233s] [ 27%] [32mBuilding CXX object CMakeFiles/drop_node.dir/src/drop_node.cpp.o[0m
[1.233s] [ 27%] [32mBuilding CXX object CMakeFiles/relay_node.dir/src/relay_node.cpp.o[0m
[1.234s] [ 29%] [32mBuilding CXX object CMakeFiles/demux_node.dir/src/tool_base_node.cpp.o[0m
[1.234s] [ 31%] [32mBuilding CXX object gtest/CMakeFiles/gtest_main.dir/src/gtest_main.cc.o[0m
[1.244s] [ 31%] Built target ament_cmake_python_copy_topic_tools_setup
[1.244s] [ 31%] Built target ament_cmake_python_copy_topic_tools
[1.453s] running egg_info
[1.453s] creating topic_tools.egg-info
[1.470s] writing topic_tools.egg-info/PKG-INFO
[1.471s] writing dependency_links to topic_tools.egg-info/dependency_links.txt
[1.472s] writing entry points to topic_tools.egg-info/entry_points.txt
[1.473s] writing top-level names to topic_tools.egg-info/top_level.txt
[1.473s] writing manifest file 'topic_tools.egg-info/SOURCES.txt'
[1.480s] running install_scripts
[1.525s] /usr/lib/python3/dist-packages/setuptools/_distutils/cmd.py:66: SetuptoolsDeprecationWarning: setup.py install is deprecated.
[1.527s] reading manifest file 'topic_tools.egg-info/SOURCES.txt'
[1.527s] writing manifest file 'topic_tools.egg-info/SOURCES.txt'
[1.529s] !!
[1.529s] 
[1.529s]         ********************************************************************************
[1.529s]         Please avoid running ``setup.py`` directly.
[1.529s]         Instead, use pypa/build, pypa/installer or other
[1.529s]         standards-based tools.
[1.529s] 
[1.529s]         See https://blog.ganssle.io/articles/2021/10/setup-py-deprecated.html for details.
[1.529s]         ********************************************************************************
[1.529s] 
[1.529s] !!
[1.529s]   self.initialize_options()
[1.534s] running egg_info
[1.580s] writing topic_tools.egg-info/PKG-INFO
[1.580s] writing dependency_links to topic_tools.egg-info/dependency_links.txt
[1.580s] writing entry points to topic_tools.egg-info/entry_points.txt
[1.580s] writing top-level names to topic_tools.egg-info/top_level.txt
[1.585s] [ 31%] Built target ament_cmake_python_build_topic_tools_egg
[1.626s] reading manifest file 'topic_tools.egg-info/SOURCES.txt'
[1.627s] writing manifest file 'topic_tools.egg-info/SOURCES.txt'
[1.772s] Installing relay_field script to scripts
[1.773s] Installing transform script to scripts
[1.849s] [ 31%] Built target ament_cmake_python_build_topic_tools_scripts
[2.161s] [ 34%] [32m[1mLinking CXX static library libgtest_main.a[0m
[2.214s] [ 34%] Built target gtest_main
[4.727s] [ 36%] [32m[1mLinking CXX shared library librelay_node.so[0m
[4.868s] [ 36%] Built target relay_node
[4.890s] [ 38%] [32mBuilding CXX object CMakeFiles/relay.dir/src/relay.cpp.o[0m
[5.288s] [ 40%] [32m[1mLinking CXX shared library libthrottle_node.so[0m
[5.349s] [ 43%] [32m[1mLinking CXX shared library libdrop_node.so[0m
[5.446s] [ 45%] [32m[1mLinking CXX static library libgtest.a[0m
[5.458s] [ 45%] Built target throttle_node
[5.478s] [ 47%] [32mBuilding CXX object CMakeFiles/throttle.dir/src/throttle.cpp.o[0m
[5.486s] [ 47%] Built target drop_node
[5.504s] [ 47%] Built target gtest
[5.507s] [ 50%] [32mBuilding CXX object CMakeFiles/drop.dir/src/drop.cpp.o[0m
[5.524s] [ 54%] [32mBuilding CXX object CMakeFiles/test_relay.dir/test/test_relay.cpp.o[0m
[5.524s] [ 54%] [32mBuilding CXX object CMakeFiles/test_drop.dir/test/test_drop.cpp.o[0m
[5.528s] [ 56%] [32mBuilding CXX object CMakeFiles/test_throttle.dir/test/test_throttle.cpp.o[0m
[5.618s] [ 59%] [32m[1mLinking CXX shared library libdelay_node.so[0m
[5.787s] [ 59%] Built target delay_node
[5.808s] [ 61%] [32mBuilding CXX object CMakeFiles/delay.dir/src/delay.cpp.o[0m
[7.166s] [ 63%] [32m[1mLinking CXX shared library libdemux_node.so[0m
[7.269s] [ 65%] [32m[1mLinking CXX shared library libmux_node.so[0m
[7.328s] [ 68%] [32m[1mLinking CXX executable relay[0m
[7.377s] [ 68%] Built target demux_node
[7.404s] [ 72%] [32mBuilding CXX object CMakeFiles/demux.dir/src/demux.cpp.o[0m
[7.404s] [ 72%] [32mBuilding CXX object CMakeFiles/test_demux.dir/test/test_demux.cpp.o[0m
[7.459s] [ 72%] Built target relay
[7.481s] [ 72%] Built target mux_node
[7.504s] [ 75%] [32mBuilding CXX object CMakeFiles/mux.dir/src/mux.cpp.o[0m
[7.505s] [ 77%] [32mBuilding CXX object CMakeFiles/test_mux.dir/test/test_mux.cpp.o[0m
[7.899s] [ 79%] [32m[1mLinking CXX executable drop[0m
[8.023s] [ 79%] Built target drop
[8.363s] [ 81%] [32m[1mLinking CXX executable throttle[0m
[8.487s] [ 81%] Built target throttle
[8.494s] [ 84%] [32m[1mLinking CXX executable delay[0m
[8.613s] [ 84%] Built target delay
[9.993s] [ 86%] [32m[1mLinking CXX executable mux[0m
[10.144s] [ 86%] Built target mux
[10.198s] [ 88%] [32m[1mLinking CXX executable demux[0m
[10.339s] [ 88%] Built target demux
[11.634s] [ 90%] [32m[1mLinking CXX executable test_relay[0m
[11.679s] [ 93%] [32m[1mLinking CXX executable test_throttle[0m
[11.919s] [ 93%] Built target test_relay
[11.960s] [ 93%] Built target test_throttle
[12.055s] [ 95%] [32m[1mLinking CXX executable test_drop[0m
[12.296s] [ 95%] Built target test_drop
[13.828s] [ 97%] [32m[1mLinking CXX executable test_demux[0m
[13.979s] [100%] [32m[1mLinking CXX executable test_mux[0m
[14.137s] [100%] Built target test_demux
[14.262s] [100%] Built target test_mux
[14.273s] Invoked command in '/home/bgr/bgr_ws/build/topic_tools' returned '0': AMENT_PREFIX_PATH=/home/bgr/bgr_ws/install/topic_tools_interfaces:${AMENT_PREFIX_PATH} CMAKE_PREFIX_PATH=/home/bgr/bgr_ws/install/topic_tools_interfaces:/opt/ros/jazzy/opt/gz_sim_vendor:/opt/ros/jazzy/opt/gz_sensors_vendor:/opt/ros/jazzy/opt/gz_physics_vendor:/opt/ros/jazzy/opt/sdformat_vendor:/opt/ros/jazzy/opt/gz_gui_vendor:/opt/ros/jazzy/opt/gz_transport_vendor:/opt/ros/jazzy/opt/gz_rendering_vendor:/opt/ros/jazzy/opt/gz_plugin_vendor:/opt/ros/jazzy/opt/gz_fuel_tools_vendor:/opt/ros/jazzy/opt/gz_msgs_vendor:/opt/ros/jazzy/opt/gz_common_vendor:/opt/ros/jazzy/opt/gz_math_vendor:/opt/ros/jazzy/opt/gz_utils_vendor:/opt/ros/jazzy/opt/gz_tools_vendor:/opt/ros/jazzy/opt/gz_ogre_next_vendor:/opt/ros/jazzy/opt/gz_dartsim_vendor:/opt/ros/jazzy/opt/gz_cmake_vendor:/opt/ros/jazzy DEBUGINFOD_URLS=https://debuginfod.ubuntu.com LD_LIBRARY_PATH=/home/bgr/bgr_ws/install/topic_tools_interfaces/lib:${LD_LIBRARY_PATH} PYTHONPATH=/home/bgr/bgr_ws/install/topic_tools_interfaces/lib/python3.12/site-packages:${PYTHONPATH} /usr/bin/cmake --build /home/bgr/bgr_ws/build/topic_tools -- -j16 -l16
[14.274s] Invoking command in '/home/bgr/bgr_ws/build/topic_tools': AMENT_PREFIX_PATH=/home/bgr/bgr_ws/install/topic_tools_interfaces:${AMENT_PREFIX_PATH} CMAKE_PREFIX_PATH=/home/bgr/bgr_ws/install/topic_tools_interfaces:/opt/ros/jazzy/opt/gz_sim_vendor:/opt/ros/jazzy/opt/gz_sensors_vendor:/opt/ros/jazzy/opt/gz_physics_vendor:/opt/ros/jazzy/opt/sdformat_vendor:/opt/ros/jazzy/opt/gz_gui_vendor:/opt/ros/jazzy/opt/gz_transport_vendor:/opt/ros/jazzy/opt/gz_rendering_vendor:/opt/ros/jazzy/opt/gz_plugin_vendor:/opt/ros/jazzy/opt/gz_fuel_tools_vendor:/opt/ros/jazzy/opt/gz_msgs_vendor:/opt/ros/jazzy/opt/gz_common_vendor:/opt/ros/jazzy/opt/gz_math_vendor:/opt/ros/jazzy/opt/gz_utils_vendor:/opt/ros/jazzy/opt/gz_tools_vendor:/opt/ros/jazzy/opt/gz_ogre_next_vendor:/opt/ros/jazzy/opt/gz_dartsim_vendor:/opt/ros/jazzy/opt/gz_cmake_vendor:/opt/ros/jazzy DEBUGINFOD_URLS=https://debuginfod.ubuntu.com LD_LIBRARY_PATH=/home/bgr/bgr_ws/install/topic_tools_interfaces/lib:${LD_LIBRARY_PATH} PYTHONPATH=/home/bgr/bgr_ws/install/topic_tools_interfaces/lib/python3.12/site-packages:${PYTHONPATH} /usr/bin/cmake --install /home/bgr/bgr_ws/build/topic_tools
[14.280s] -- Install configuration: ""
[14.280s] -- Installing: /home/bgr/bgr_ws/install/topic_tools/lib/librelay_node.so
[14.281s] -- Set non-toolchain portion of runtime path of "/home/bgr/bgr_ws/install/topic_tools/lib/librelay_node.so" to ""
[14.281s] -- Installing: /home/bgr/bgr_ws/install/topic_tools/lib/libthrottle_node.so
[14.283s] -- Set non-toolchain portion of runtime path of "/home/bgr/bgr_ws/install/topic_tools/lib/libthrottle_node.so" to ""
[14.283s] -- Installing: /home/bgr/bgr_ws/install/topic_tools/lib/libdrop_node.so
[14.285s] -- Set non-toolchain portion of runtime path of "/home/bgr/bgr_ws/install/topic_tools/lib/libdrop_node.so" to ""
[14.285s] -- Installing: /home/bgr/bgr_ws/install/topic_tools/lib/libmux_node.so
[14.287s] -- Set non-toolchain portion of runtime path of "/home/bgr/bgr_ws/install/topic_tools/lib/libmux_node.so" to ""
[14.288s] -- Installing: /home/bgr/bgr_ws/install/topic_tools/lib/libdemux_node.so
[14.290s] -- Set non-toolchain portion of runtime path of "/home/bgr/bgr_ws/install/topic_tools/lib/libdemux_node.so" to ""
[14.290s] -- Installing: /home/bgr/bgr_ws/install/topic_tools/lib/libdelay_node.so
[14.292s] -- Set non-toolchain portion of runtime path of "/home/bgr/bgr_ws/install/topic_tools/lib/libdelay_node.so" to ""
[14.292s] -- Installing: /home/bgr/bgr_ws/install/topic_tools/share/topic_tools/launch
[14.292s] -- Installing: /home/bgr/bgr_ws/install/topic_tools/share/topic_tools/launch/relay.launch
[14.292s] -- Installing: /home/bgr/bgr_ws/install/topic_tools/lib/topic_tools/relay
[14.292s] -- Set non-toolchain portion of runtime path of "/home/bgr/bgr_ws/install/topic_tools/lib/topic_tools/relay" to ""
[14.292s] -- Installing: /home/bgr/bgr_ws/install/topic_tools/lib/topic_tools/throttle
[14.292s] -- Set non-toolchain portion of runtime path of "/home/bgr/bgr_ws/install/topic_tools/lib/topic_tools/throttle" to ""
[14.292s] -- Installing: /home/bgr/bgr_ws/install/topic_tools/lib/topic_tools/drop
[14.293s] -- Set non-toolchain portion of runtime path of "/home/bgr/bgr_ws/install/topic_tools/lib/topic_tools/drop" to ""
[14.293s] -- Installing: /home/bgr/bgr_ws/install/topic_tools/lib/topic_tools/mux
[14.293s] -- Set non-toolchain portion of runtime path of "/home/bgr/bgr_ws/install/topic_tools/lib/topic_tools/mux" to ""
[14.293s] -- Installing: /home/bgr/bgr_ws/install/topic_tools/lib/topic_tools/demux
[14.293s] -- Set non-toolchain portion of runtime path of "/home/bgr/bgr_ws/install/topic_tools/lib/topic_tools/demux" to ""
[14.293s] -- Installing: /home/bgr/bgr_ws/install/topic_tools/lib/topic_tools/delay
[14.294s] -- Set non-toolchain portion of runtime path of "/home/bgr/bgr_ws/install/topic_tools/lib/topic_tools/delay" to ""
[14.294s] -- Installing: /home/bgr/bgr_ws/install/topic_tools/share/topic_tools/environment/pythonpath.sh
[14.294s] -- Installing: /home/bgr/bgr_ws/install/topic_tools/share/topic_tools/environment/pythonpath.dsv
[14.294s] -- Installing: /home/bgr/bgr_ws/install/topic_tools/lib/python3.12/site-packages/topic_tools-1.4.3-py3.12.egg-info
[14.294s] -- Installing: /home/bgr/bgr_ws/install/topic_tools/lib/python3.12/site-packages/topic_tools-1.4.3-py3.12.egg-info/entry_points.txt
[14.294s] -- Installing: /home/bgr/bgr_ws/install/topic_tools/lib/python3.12/site-packages/topic_tools-1.4.3-py3.12.egg-info/PKG-INFO
[14.294s] -- Installing: /home/bgr/bgr_ws/install/topic_tools/lib/python3.12/site-packages/topic_tools-1.4.3-py3.12.egg-info/dependency_links.txt
[14.294s] -- Installing: /home/bgr/bgr_ws/install/topic_tools/lib/python3.12/site-packages/topic_tools-1.4.3-py3.12.egg-info/SOURCES.txt
[14.294s] -- Installing: /home/bgr/bgr_ws/install/topic_tools/lib/python3.12/site-packages/topic_tools-1.4.3-py3.12.egg-info/top_level.txt
[14.294s] -- Up-to-date: /home/bgr/bgr_ws/install/topic_tools/lib/topic_tools/
[14.294s] -- Installing: /home/bgr/bgr_ws/install/topic_tools/lib/topic_tools//transform
[14.294s] -- Installing: /home/bgr/bgr_ws/install/topic_tools/lib/topic_tools//relay_field
[14.294s] -- Installing: /home/bgr/bgr_ws/install/topic_tools/lib/python3.12/site-packages/topic_tools
[14.294s] -- Installing: /home/bgr/bgr_ws/install/topic_tools/lib/python3.12/site-packages/topic_tools/transform.py
[14.295s] -- Installing: /home/bgr/bgr_ws/install/topic_tools/lib/python3.12/site-packages/topic_tools/setup.cfg
[14.295s] -- Installing: /home/bgr/bgr_ws/install/topic_tools/lib/python3.12/site-packages/topic_tools/__init__.py
[14.295s] -- Installing: /home/bgr/bgr_ws/install/topic_tools/lib/python3.12/site-packages/topic_tools/relay_field.py
[14.321s] Listing '/home/bgr/bgr_ws/install/topic_tools/lib/python3.12/site-packages/topic_tools'...
[14.321s] Compiling '/home/bgr/bgr_ws/install/topic_tools/lib/python3.12/site-packages/topic_tools/__init__.py'...
[14.321s] Compiling '/home/bgr/bgr_ws/install/topic_tools/lib/python3.12/site-packages/topic_tools/relay_field.py'...
[14.322s] Compiling '/home/bgr/bgr_ws/install/topic_tools/lib/python3.12/site-packages/topic_tools/transform.py'...
[14.325s] -- Installing: /home/bgr/bgr_ws/install/topic_tools/share/ament_index/resource_index/package_run_dependencies/topic_tools
[14.325s] -- Installing: /home/bgr/bgr_ws/install/topic_tools/share/ament_index/resource_index/parent_prefix_path/topic_tools
[14.326s] -- Installing: /home/bgr/bgr_ws/install/topic_tools/share/topic_tools/environment/ament_prefix_path.sh
[14.326s] -- Installing: /home/bgr/bgr_ws/install/topic_tools/share/topic_tools/environment/ament_prefix_path.dsv
[14.326s] -- Installing: /home/bgr/bgr_ws/install/topic_tools/share/topic_tools/environment/path.sh
[14.326s] -- Installing: /home/bgr/bgr_ws/install/topic_tools/share/topic_tools/environment/path.dsv
[14.326s] -- Installing: /home/bgr/bgr_ws/install/topic_tools/share/topic_tools/local_setup.bash
[14.326s] -- Installing: /home/bgr/bgr_ws/install/topic_tools/share/topic_tools/local_setup.sh
[14.326s] -- Installing: /home/bgr/bgr_ws/install/topic_tools/share/topic_tools/local_setup.zsh
[14.326s] -- Installing: /home/bgr/bgr_ws/install/topic_tools/share/topic_tools/local_setup.dsv
[14.326s] -- Installing: /home/bgr/bgr_ws/install/topic_tools/share/topic_tools/package.dsv
[14.326s] -- Installing: /home/bgr/bgr_ws/install/topic_tools/share/ament_index/resource_index/packages/topic_tools
[14.326s] -- Installing: /home/bgr/bgr_ws/install/topic_tools/share/ament_index/resource_index/rclcpp_components/topic_tools
[14.327s] -- Installing: /home/bgr/bgr_ws/install/topic_tools/share/topic_tools/cmake/topic_toolsConfig.cmake
[14.327s] -- Installing: /home/bgr/bgr_ws/install/topic_tools/share/topic_tools/cmake/topic_toolsConfig-version.cmake
[14.327s] -- Installing: /home/bgr/bgr_ws/install/topic_tools/share/topic_tools/package.xml
[14.329s] Invoked command in '/home/bgr/bgr_ws/build/topic_tools' returned '0': AMENT_PREFIX_PATH=/home/bgr/bgr_ws/install/topic_tools_interfaces:${AMENT_PREFIX_PATH} CMAKE_PREFIX_PATH=/home/bgr/bgr_ws/install/topic_tools_interfaces:/opt/ros/jazzy/opt/gz_sim_vendor:/opt/ros/jazzy/opt/gz_sensors_vendor:/opt/ros/jazzy/opt/gz_physics_vendor:/opt/ros/jazzy/opt/sdformat_vendor:/opt/ros/jazzy/opt/gz_gui_vendor:/opt/ros/jazzy/opt/gz_transport_vendor:/opt/ros/jazzy/opt/gz_rendering_vendor:/opt/ros/jazzy/opt/gz_plugin_vendor:/opt/ros/jazzy/opt/gz_fuel_tools_vendor:/opt/ros/jazzy/opt/gz_msgs_vendor:/opt/ros/jazzy/opt/gz_common_vendor:/opt/ros/jazzy/opt/gz_math_vendor:/opt/ros/jazzy/opt/gz_utils_vendor:/opt/ros/jazzy/opt/gz_tools_vendor:/opt/ros/jazzy/opt/gz_ogre_next_vendor:/opt/ros/jazzy/opt/gz_dartsim_vendor:/opt/ros/jazzy/opt/gz_cmake_vendor:/opt/ros/jazzy DEBUGINFOD_URLS=https://debuginfod.ubuntu.com LD_LIBRARY_PATH=/home/bgr/bgr_ws/install/topic_tools_interfaces/lib:${LD_LIBRARY_PATH} PYTHONPATH=/home/bgr/bgr_ws/install/topic_tools_interfaces/lib/python3.12/site-packages:${PYTHONPATH} /usr/bin/cmake --install /home/bgr/bgr_ws/build/topic_tools
