[0.011s] Invoking command in '/home/bgr/bgr_ws/build/topic_tools': CMAKE_PREFIX_PATH=/home/bgr/bgr_ws/install/topic_tools_interfaces:/home/bgr/bgr_ws/install/topic_tools:/home/bgr/bgr_ws/install/interactive_marker_twist_server:/home/bgr/bgr_ws/install/bme_ros2_navigation:/opt/ros/jazzy/opt/gz_sim_vendor:/opt/ros/jazzy/opt/gz_sensors_vendor:/opt/ros/jazzy/opt/gz_physics_vendor:/opt/ros/jazzy/opt/sdformat_vendor:/opt/ros/jazzy/opt/gz_gui_vendor:/opt/ros/jazzy/opt/gz_transport_vendor:/opt/ros/jazzy/opt/gz_rendering_vendor:/opt/ros/jazzy/opt/gz_plugin_vendor:/opt/ros/jazzy/opt/gz_fuel_tools_vendor:/opt/ros/jazzy/opt/gz_msgs_vendor:/opt/ros/jazzy/opt/gz_common_vendor:/opt/ros/jazzy/opt/gz_math_vendor:/opt/ros/jazzy/opt/gz_utils_vendor:/opt/ros/jazzy/opt/gz_tools_vendor:/opt/ros/jazzy/opt/gz_ogre_next_vendor:/opt/ros/jazzy/opt/gz_dartsim_vendor:/opt/ros/jazzy/opt/gz_cmake_vendor:/home/bgr/bgr_ws/install/mogi_trajectory_server:/home/bgr/bgr_ws/install/bme_ros2_navigation_py:/opt/ros/jazzy DEBUGINFOD_URLS=https://debuginfod.ubuntu.com LD_LIBRARY_PATH=/home/bgr/bgr_ws/install/topic_tools_interfaces/lib:/home/bgr/bgr_ws/install/topic_tools/lib:/opt/ros/jazzy/opt/gz_sim_vendor/lib:/opt/ros/jazzy/opt/gz_sensors_vendor/lib:/opt/ros/jazzy/opt/gz_physics_vendor/lib:/opt/ros/jazzy/opt/sdformat_vendor/lib:/opt/ros/jazzy/opt/rviz_ogre_vendor/lib:/opt/ros/jazzy/lib/x86_64-linux-gnu:/opt/ros/jazzy/opt/gz_gui_vendor/lib:/opt/ros/jazzy/opt/gz_transport_vendor/lib:/opt/ros/jazzy/opt/gz_rendering_vendor/lib:/opt/ros/jazzy/opt/gz_plugin_vendor/lib:/opt/ros/jazzy/opt/gz_fuel_tools_vendor/lib:/opt/ros/jazzy/opt/gz_msgs_vendor/lib:/opt/ros/jazzy/opt/gz_common_vendor/lib:/opt/ros/jazzy/opt/gz_math_vendor/lib:/opt/ros/jazzy/opt/gz_utils_vendor/lib:/opt/ros/jazzy/opt/gz_tools_vendor/lib:/opt/ros/jazzy/opt/gz_ogre_next_vendor/lib:/opt/ros/jazzy/opt/gz_dartsim_vendor/lib:/opt/ros/jazzy/opt/gz_cmake_vendor/lib:/opt/ros/jazzy/lib PYTHONPATH=/home/bgr/bgr_ws/install/topic_tools_interfaces/lib/python3.12/site-packages:/home/bgr/bgr_ws/install/topic_tools/lib/python3.12/site-packages:/home/bgr/bgr_ws/install/mogi_trajectory_server/lib/python3.12/site-packages:/home/bgr/bgr_ws/install/bme_ros2_navigation_py/lib/python3.12/site-packages:/opt/ros/jazzy/lib/python3.12/site-packages /usr/bin/cmake --build /home/bgr/bgr_ws/build/topic_tools -- -j16 -l16
[0.065s] [  4%] Built target gtest
[0.065s] [  9%] Built target gtest_main
[0.067s] [ 15%] Built target relay_node
[0.067s] [ 22%] Built target mux_node
[0.068s] [ 29%] Built target throttle_node
[0.069s] [ 43%] Built target drop_node
[0.069s] [ 43%] Built target delay_node
[0.069s] [ 50%] Built target demux_node
[0.074s] [ 50%] Built target ament_cmake_python_copy_topic_tools_setup
[0.074s] [ 50%] Built target ament_cmake_python_copy_topic_tools
[0.097s] [ 81%] Built target test_mux
[0.098s] [ 81%] Built target test_throttle
[0.098s] [ 81%] Built target mux
[0.098s] [ 81%] Built target test_relay
[0.098s] [ 81%] Built target delay
[0.098s] [ 81%] Built target throttle
[0.098s] [ 81%] Built target relay
[0.098s] [ 86%] Built target drop
[0.098s] [ 90%] Built target test_demux
[0.098s] [ 95%] Built target test_drop
[0.103s] [100%] Built target demux
[0.215s] running install_scripts
[0.219s] running egg_info
[0.229s] writing topic_tools.egg-info/PKG-INFO
[0.229s] writing dependency_links to topic_tools.egg-info/dependency_links.txt
[0.229s] writing entry points to topic_tools.egg-info/entry_points.txt
[0.229s] writing top-level names to topic_tools.egg-info/top_level.txt
[0.234s] /usr/lib/python3/dist-packages/setuptools/_distutils/cmd.py:66: SetuptoolsDeprecationWarning: setup.py install is deprecated.
[0.234s] !!
[0.234s] 
[0.234s]         ********************************************************************************
[0.234s]         Please avoid running ``setup.py`` directly.
[0.234s]         Instead, use pypa/build, pypa/installer or other
[0.235s]         standards-based tools.
[0.235s] 
[0.235s]         See https://blog.ganssle.io/articles/2021/10/setup-py-deprecated.html for details.
[0.235s]         ********************************************************************************
[0.235s] 
[0.235s] !!
[0.235s]   self.initialize_options()
[0.239s] running egg_info
[0.259s] reading manifest file 'topic_tools.egg-info/SOURCES.txt'
[0.259s] writing manifest file 'topic_tools.egg-info/SOURCES.txt'
[0.261s] writing topic_tools.egg-info/PKG-INFO
[0.261s] writing dependency_links to topic_tools.egg-info/dependency_links.txt
[0.262s] writing entry points to topic_tools.egg-info/entry_points.txt
[0.262s] writing top-level names to topic_tools.egg-info/top_level.txt
[0.286s] [100%] Built target ament_cmake_python_build_topic_tools_egg
[0.288s] reading manifest file 'topic_tools.egg-info/SOURCES.txt'
[0.288s] writing manifest file 'topic_tools.egg-info/SOURCES.txt'
[0.356s] Installing relay_field script to scripts
[0.356s] Installing transform script to scripts
[0.384s] [100%] Built target ament_cmake_python_build_topic_tools_scripts
[0.396s] Invoked command in '/home/bgr/bgr_ws/build/topic_tools' returned '0': CMAKE_PREFIX_PATH=/home/bgr/bgr_ws/install/topic_tools_interfaces:/home/bgr/bgr_ws/install/topic_tools:/home/bgr/bgr_ws/install/interactive_marker_twist_server:/home/bgr/bgr_ws/install/bme_ros2_navigation:/opt/ros/jazzy/opt/gz_sim_vendor:/opt/ros/jazzy/opt/gz_sensors_vendor:/opt/ros/jazzy/opt/gz_physics_vendor:/opt/ros/jazzy/opt/sdformat_vendor:/opt/ros/jazzy/opt/gz_gui_vendor:/opt/ros/jazzy/opt/gz_transport_vendor:/opt/ros/jazzy/opt/gz_rendering_vendor:/opt/ros/jazzy/opt/gz_plugin_vendor:/opt/ros/jazzy/opt/gz_fuel_tools_vendor:/opt/ros/jazzy/opt/gz_msgs_vendor:/opt/ros/jazzy/opt/gz_common_vendor:/opt/ros/jazzy/opt/gz_math_vendor:/opt/ros/jazzy/opt/gz_utils_vendor:/opt/ros/jazzy/opt/gz_tools_vendor:/opt/ros/jazzy/opt/gz_ogre_next_vendor:/opt/ros/jazzy/opt/gz_dartsim_vendor:/opt/ros/jazzy/opt/gz_cmake_vendor:/home/bgr/bgr_ws/install/mogi_trajectory_server:/home/bgr/bgr_ws/install/bme_ros2_navigation_py:/opt/ros/jazzy DEBUGINFOD_URLS=https://debuginfod.ubuntu.com LD_LIBRARY_PATH=/home/bgr/bgr_ws/install/topic_tools_interfaces/lib:/home/bgr/bgr_ws/install/topic_tools/lib:/opt/ros/jazzy/opt/gz_sim_vendor/lib:/opt/ros/jazzy/opt/gz_sensors_vendor/lib:/opt/ros/jazzy/opt/gz_physics_vendor/lib:/opt/ros/jazzy/opt/sdformat_vendor/lib:/opt/ros/jazzy/opt/rviz_ogre_vendor/lib:/opt/ros/jazzy/lib/x86_64-linux-gnu:/opt/ros/jazzy/opt/gz_gui_vendor/lib:/opt/ros/jazzy/opt/gz_transport_vendor/lib:/opt/ros/jazzy/opt/gz_rendering_vendor/lib:/opt/ros/jazzy/opt/gz_plugin_vendor/lib:/opt/ros/jazzy/opt/gz_fuel_tools_vendor/lib:/opt/ros/jazzy/opt/gz_msgs_vendor/lib:/opt/ros/jazzy/opt/gz_common_vendor/lib:/opt/ros/jazzy/opt/gz_math_vendor/lib:/opt/ros/jazzy/opt/gz_utils_vendor/lib:/opt/ros/jazzy/opt/gz_tools_vendor/lib:/opt/ros/jazzy/opt/gz_ogre_next_vendor/lib:/opt/ros/jazzy/opt/gz_dartsim_vendor/lib:/opt/ros/jazzy/opt/gz_cmake_vendor/lib:/opt/ros/jazzy/lib PYTHONPATH=/home/bgr/bgr_ws/install/topic_tools_interfaces/lib/python3.12/site-packages:/home/bgr/bgr_ws/install/topic_tools/lib/python3.12/site-packages:/home/bgr/bgr_ws/install/mogi_trajectory_server/lib/python3.12/site-packages:/home/bgr/bgr_ws/install/bme_ros2_navigation_py/lib/python3.12/site-packages:/opt/ros/jazzy/lib/python3.12/site-packages /usr/bin/cmake --build /home/bgr/bgr_ws/build/topic_tools -- -j16 -l16
[0.397s] Invoking command in '/home/bgr/bgr_ws/build/topic_tools': CMAKE_PREFIX_PATH=/home/bgr/bgr_ws/install/topic_tools_interfaces:/home/bgr/bgr_ws/install/topic_tools:/home/bgr/bgr_ws/install/interactive_marker_twist_server:/home/bgr/bgr_ws/install/bme_ros2_navigation:/opt/ros/jazzy/opt/gz_sim_vendor:/opt/ros/jazzy/opt/gz_sensors_vendor:/opt/ros/jazzy/opt/gz_physics_vendor:/opt/ros/jazzy/opt/sdformat_vendor:/opt/ros/jazzy/opt/gz_gui_vendor:/opt/ros/jazzy/opt/gz_transport_vendor:/opt/ros/jazzy/opt/gz_rendering_vendor:/opt/ros/jazzy/opt/gz_plugin_vendor:/opt/ros/jazzy/opt/gz_fuel_tools_vendor:/opt/ros/jazzy/opt/gz_msgs_vendor:/opt/ros/jazzy/opt/gz_common_vendor:/opt/ros/jazzy/opt/gz_math_vendor:/opt/ros/jazzy/opt/gz_utils_vendor:/opt/ros/jazzy/opt/gz_tools_vendor:/opt/ros/jazzy/opt/gz_ogre_next_vendor:/opt/ros/jazzy/opt/gz_dartsim_vendor:/opt/ros/jazzy/opt/gz_cmake_vendor:/home/bgr/bgr_ws/install/mogi_trajectory_server:/home/bgr/bgr_ws/install/bme_ros2_navigation_py:/opt/ros/jazzy DEBUGINFOD_URLS=https://debuginfod.ubuntu.com LD_LIBRARY_PATH=/home/bgr/bgr_ws/install/topic_tools_interfaces/lib:/home/bgr/bgr_ws/install/topic_tools/lib:/opt/ros/jazzy/opt/gz_sim_vendor/lib:/opt/ros/jazzy/opt/gz_sensors_vendor/lib:/opt/ros/jazzy/opt/gz_physics_vendor/lib:/opt/ros/jazzy/opt/sdformat_vendor/lib:/opt/ros/jazzy/opt/rviz_ogre_vendor/lib:/opt/ros/jazzy/lib/x86_64-linux-gnu:/opt/ros/jazzy/opt/gz_gui_vendor/lib:/opt/ros/jazzy/opt/gz_transport_vendor/lib:/opt/ros/jazzy/opt/gz_rendering_vendor/lib:/opt/ros/jazzy/opt/gz_plugin_vendor/lib:/opt/ros/jazzy/opt/gz_fuel_tools_vendor/lib:/opt/ros/jazzy/opt/gz_msgs_vendor/lib:/opt/ros/jazzy/opt/gz_common_vendor/lib:/opt/ros/jazzy/opt/gz_math_vendor/lib:/opt/ros/jazzy/opt/gz_utils_vendor/lib:/opt/ros/jazzy/opt/gz_tools_vendor/lib:/opt/ros/jazzy/opt/gz_ogre_next_vendor/lib:/opt/ros/jazzy/opt/gz_dartsim_vendor/lib:/opt/ros/jazzy/opt/gz_cmake_vendor/lib:/opt/ros/jazzy/lib PYTHONPATH=/home/bgr/bgr_ws/install/topic_tools_interfaces/lib/python3.12/site-packages:/home/bgr/bgr_ws/install/topic_tools/lib/python3.12/site-packages:/home/bgr/bgr_ws/install/mogi_trajectory_server/lib/python3.12/site-packages:/home/bgr/bgr_ws/install/bme_ros2_navigation_py/lib/python3.12/site-packages:/opt/ros/jazzy/lib/python3.12/site-packages /usr/bin/cmake --install /home/bgr/bgr_ws/build/topic_tools
[0.404s] -- Install configuration: ""
[0.404s] -- Up-to-date: /home/bgr/bgr_ws/install/topic_tools/lib/librelay_node.so
[0.405s] -- Up-to-date: /home/bgr/bgr_ws/install/topic_tools/lib/libthrottle_node.so
[0.405s] -- Up-to-date: /home/bgr/bgr_ws/install/topic_tools/lib/libdrop_node.so
[0.405s] -- Up-to-date: /home/bgr/bgr_ws/install/topic_tools/lib/libmux_node.so
[0.405s] -- Up-to-date: /home/bgr/bgr_ws/install/topic_tools/lib/libdemux_node.so
[0.405s] -- Up-to-date: /home/bgr/bgr_ws/install/topic_tools/lib/libdelay_node.so
[0.405s] -- Up-to-date: /home/bgr/bgr_ws/install/topic_tools/share/topic_tools/launch
[0.406s] -- Up-to-date: /home/bgr/bgr_ws/install/topic_tools/share/topic_tools/launch/relay.launch
[0.406s] -- Up-to-date: /home/bgr/bgr_ws/install/topic_tools/lib/topic_tools/relay
[0.406s] -- Up-to-date: /home/bgr/bgr_ws/install/topic_tools/lib/topic_tools/throttle
[0.406s] -- Up-to-date: /home/bgr/bgr_ws/install/topic_tools/lib/topic_tools/drop
[0.406s] -- Up-to-date: /home/bgr/bgr_ws/install/topic_tools/lib/topic_tools/mux
[0.406s] -- Up-to-date: /home/bgr/bgr_ws/install/topic_tools/lib/topic_tools/demux
[0.407s] -- Up-to-date: /home/bgr/bgr_ws/install/topic_tools/lib/topic_tools/delay
[0.407s] -- Up-to-date: /home/bgr/bgr_ws/install/topic_tools/share/topic_tools/environment/pythonpath.sh
[0.407s] -- Up-to-date: /home/bgr/bgr_ws/install/topic_tools/share/topic_tools/environment/pythonpath.dsv
[0.407s] -- Up-to-date: /home/bgr/bgr_ws/install/topic_tools/lib/python3.12/site-packages/topic_tools-1.4.3-py3.12.egg-info
[0.407s] -- Installing: /home/bgr/bgr_ws/install/topic_tools/lib/python3.12/site-packages/topic_tools-1.4.3-py3.12.egg-info/entry_points.txt
[0.407s] -- Installing: /home/bgr/bgr_ws/install/topic_tools/lib/python3.12/site-packages/topic_tools-1.4.3-py3.12.egg-info/PKG-INFO
[0.407s] -- Installing: /home/bgr/bgr_ws/install/topic_tools/lib/python3.12/site-packages/topic_tools-1.4.3-py3.12.egg-info/dependency_links.txt
[0.407s] -- Installing: /home/bgr/bgr_ws/install/topic_tools/lib/python3.12/site-packages/topic_tools-1.4.3-py3.12.egg-info/SOURCES.txt
[0.407s] -- Installing: /home/bgr/bgr_ws/install/topic_tools/lib/python3.12/site-packages/topic_tools-1.4.3-py3.12.egg-info/top_level.txt
[0.407s] -- Up-to-date: /home/bgr/bgr_ws/install/topic_tools/lib/topic_tools/
[0.407s] -- Installing: /home/bgr/bgr_ws/install/topic_tools/lib/topic_tools//transform
[0.408s] -- Installing: /home/bgr/bgr_ws/install/topic_tools/lib/topic_tools//relay_field
[0.408s] -- Up-to-date: /home/bgr/bgr_ws/install/topic_tools/lib/python3.12/site-packages/topic_tools
[0.408s] -- Up-to-date: /home/bgr/bgr_ws/install/topic_tools/lib/python3.12/site-packages/topic_tools/transform.py
[0.408s] -- Up-to-date: /home/bgr/bgr_ws/install/topic_tools/lib/python3.12/site-packages/topic_tools/setup.cfg
[0.408s] -- Up-to-date: /home/bgr/bgr_ws/install/topic_tools/lib/python3.12/site-packages/topic_tools/__init__.py
[0.408s] -- Up-to-date: /home/bgr/bgr_ws/install/topic_tools/lib/python3.12/site-packages/topic_tools/relay_field.py
[0.431s] Listing '/home/bgr/bgr_ws/install/topic_tools/lib/python3.12/site-packages/topic_tools'...
[0.434s] -- Up-to-date: /home/bgr/bgr_ws/install/topic_tools/share/ament_index/resource_index/package_run_dependencies/topic_tools
[0.435s] -- Up-to-date: /home/bgr/bgr_ws/install/topic_tools/share/ament_index/resource_index/parent_prefix_path/topic_tools
[0.435s] -- Up-to-date: /home/bgr/bgr_ws/install/topic_tools/share/topic_tools/environment/ament_prefix_path.sh
[0.435s] -- Up-to-date: /home/bgr/bgr_ws/install/topic_tools/share/topic_tools/environment/ament_prefix_path.dsv
[0.435s] -- Up-to-date: /home/bgr/bgr_ws/install/topic_tools/share/topic_tools/environment/path.sh
[0.435s] -- Up-to-date: /home/bgr/bgr_ws/install/topic_tools/share/topic_tools/environment/path.dsv
[0.435s] -- Up-to-date: /home/bgr/bgr_ws/install/topic_tools/share/topic_tools/local_setup.bash
[0.435s] -- Up-to-date: /home/bgr/bgr_ws/install/topic_tools/share/topic_tools/local_setup.sh
[0.435s] -- Up-to-date: /home/bgr/bgr_ws/install/topic_tools/share/topic_tools/local_setup.zsh
[0.435s] -- Up-to-date: /home/bgr/bgr_ws/install/topic_tools/share/topic_tools/local_setup.dsv
[0.435s] -- Installing: /home/bgr/bgr_ws/install/topic_tools/share/topic_tools/package.dsv
[0.435s] -- Up-to-date: /home/bgr/bgr_ws/install/topic_tools/share/ament_index/resource_index/packages/topic_tools
[0.435s] -- Up-to-date: /home/bgr/bgr_ws/install/topic_tools/share/ament_index/resource_index/rclcpp_components/topic_tools
[0.436s] -- Up-to-date: /home/bgr/bgr_ws/install/topic_tools/share/topic_tools/cmake/topic_toolsConfig.cmake
[0.436s] -- Up-to-date: /home/bgr/bgr_ws/install/topic_tools/share/topic_tools/cmake/topic_toolsConfig-version.cmake
[0.437s] -- Up-to-date: /home/bgr/bgr_ws/install/topic_tools/share/topic_tools/package.xml
[0.439s] Invoked command in '/home/bgr/bgr_ws/build/topic_tools' returned '0': CMAKE_PREFIX_PATH=/home/bgr/bgr_ws/install/topic_tools_interfaces:/home/bgr/bgr_ws/install/topic_tools:/home/bgr/bgr_ws/install/interactive_marker_twist_server:/home/bgr/bgr_ws/install/bme_ros2_navigation:/opt/ros/jazzy/opt/gz_sim_vendor:/opt/ros/jazzy/opt/gz_sensors_vendor:/opt/ros/jazzy/opt/gz_physics_vendor:/opt/ros/jazzy/opt/sdformat_vendor:/opt/ros/jazzy/opt/gz_gui_vendor:/opt/ros/jazzy/opt/gz_transport_vendor:/opt/ros/jazzy/opt/gz_rendering_vendor:/opt/ros/jazzy/opt/gz_plugin_vendor:/opt/ros/jazzy/opt/gz_fuel_tools_vendor:/opt/ros/jazzy/opt/gz_msgs_vendor:/opt/ros/jazzy/opt/gz_common_vendor:/opt/ros/jazzy/opt/gz_math_vendor:/opt/ros/jazzy/opt/gz_utils_vendor:/opt/ros/jazzy/opt/gz_tools_vendor:/opt/ros/jazzy/opt/gz_ogre_next_vendor:/opt/ros/jazzy/opt/gz_dartsim_vendor:/opt/ros/jazzy/opt/gz_cmake_vendor:/home/bgr/bgr_ws/install/mogi_trajectory_server:/home/bgr/bgr_ws/install/bme_ros2_navigation_py:/opt/ros/jazzy DEBUGINFOD_URLS=https://debuginfod.ubuntu.com LD_LIBRARY_PATH=/home/bgr/bgr_ws/install/topic_tools_interfaces/lib:/home/bgr/bgr_ws/install/topic_tools/lib:/opt/ros/jazzy/opt/gz_sim_vendor/lib:/opt/ros/jazzy/opt/gz_sensors_vendor/lib:/opt/ros/jazzy/opt/gz_physics_vendor/lib:/opt/ros/jazzy/opt/sdformat_vendor/lib:/opt/ros/jazzy/opt/rviz_ogre_vendor/lib:/opt/ros/jazzy/lib/x86_64-linux-gnu:/opt/ros/jazzy/opt/gz_gui_vendor/lib:/opt/ros/jazzy/opt/gz_transport_vendor/lib:/opt/ros/jazzy/opt/gz_rendering_vendor/lib:/opt/ros/jazzy/opt/gz_plugin_vendor/lib:/opt/ros/jazzy/opt/gz_fuel_tools_vendor/lib:/opt/ros/jazzy/opt/gz_msgs_vendor/lib:/opt/ros/jazzy/opt/gz_common_vendor/lib:/opt/ros/jazzy/opt/gz_math_vendor/lib:/opt/ros/jazzy/opt/gz_utils_vendor/lib:/opt/ros/jazzy/opt/gz_tools_vendor/lib:/opt/ros/jazzy/opt/gz_ogre_next_vendor/lib:/opt/ros/jazzy/opt/gz_dartsim_vendor/lib:/opt/ros/jazzy/opt/gz_cmake_vendor/lib:/opt/ros/jazzy/lib PYTHONPATH=/home/bgr/bgr_ws/install/topic_tools_interfaces/lib/python3.12/site-packages:/home/bgr/bgr_ws/install/topic_tools/lib/python3.12/site-packages:/home/bgr/bgr_ws/install/mogi_trajectory_server/lib/python3.12/site-packages:/home/bgr/bgr_ws/install/bme_ros2_navigation_py/lib/python3.12/site-packages:/opt/ros/jazzy/lib/python3.12/site-packages /usr/bin/cmake --install /home/bgr/bgr_ws/build/topic_tools
