-- The C compiler identification is GNU 13.3.0
-- The CXX compiler identification is GNU 13.3.0
-- Detecting C compiler ABI info
-- Detecting C compiler ABI info - done
-- Check for working C compiler: /usr/bin/cc - skipped
-- Detecting C compile features
-- Detecting C compile features - done
-- Detecting CXX compiler ABI info
-- Detecting CXX compiler ABI info - done
-- Check for working CXX compiler: /usr/bin/c++ - skipped
-- Detecting CXX compile features
-- Detecting CXX compile features - done
-- Found ament_cmake: 2.5.4 (/opt/ros/jazzy/share/ament_cmake/cmake)
-- Found Python3: /usr/bin/python3 (found version "3.12.3") found components: Interpreter 
-- Found geometry_msgs: 5.3.6 (/opt/ros/jazzy/share/geometry_msgs/cmake)
-- Found rosidl_generator_c: 4.6.6 (/opt/ros/jazzy/share/rosidl_generator_c/cmake)
-- Found rosidl_generator_cpp: 4.6.6 (/opt/ros/jazzy/share/rosidl_generator_cpp/cmake)
-- Using all available rosidl_typesupport_c: rosidl_typesupport_fastrtps_c;rosidl_typesupport_introspection_c
-- Using all available rosidl_typesupport_cpp: rosidl_typesupport_fastrtps_cpp;rosidl_typesupport_introspection_cpp
-- Found interactive_markers: 2.5.4 (/opt/ros/jazzy/share/interactive_markers/cmake)
-- Found rmw_implementation_cmake: 7.3.2 (/opt/ros/jazzy/share/rmw_implementation_cmake/cmake)
-- Found rmw_fastrtps_cpp: 8.4.3 (/opt/ros/jazzy/share/rmw_fastrtps_cpp/cmake)
-- Found OpenSSL: /usr/lib/x86_64-linux-gnu/libcrypto.so (found version "3.0.13")  
-- Found FastRTPS: /opt/ros/jazzy/include (Required is at least version "2.13") 
-- Using RMW implementation 'rmw_fastrtps_cpp' as default
-- Found tf2_geometry_msgs: 0.36.14 (/opt/ros/jazzy/share/tf2_geometry_msgs/cmake)
-- Found eigen3_cmake_module: 0.3.0 (/opt/ros/jazzy/share/eigen3_cmake_module/cmake)
-- Found Eigen3: TRUE (found version "3.4.0") 
-- Ensuring Eigen3 include directory is part of orocos-kdl CMake target
-- Found ament_lint_auto: 0.17.3 (/opt/ros/jazzy/share/ament_lint_auto/cmake)
-- Added test 'copyright' to check source files copyright and LICENSE
-- Added test 'cppcheck' to perform static code analysis on C / C++ code
-- Configured cppcheck include dirs: 
-- Configured cppcheck exclude dirs and/or files: 
-- Added test 'flake8' to check Python code syntax and style conventions
-- Configured 'flake8' exclude dirs and/or files: 
-- Added test 'lint_cmake' to check CMake code style
-- Added test 'pep257' to check Python code against some of the docstring style conventions in PEP 257
-- Added test 'xmllint' to check XML markup files
-- Configuring done (2.0s)
-- Generating done (0.0s)
-- Build files have been written to: /home/bgr/bgr_ws/build/interactive_marker_twist_server
[ 50%] [32mBuilding CXX object CMakeFiles/interactive_marker_twist_server.dir/src/marker_server.cpp.o[0m
[100%] [32m[1mLinking CXX executable marker_server[0m
[100%] Built target interactive_marker_twist_server
-- Install configuration: ""
-- Installing: /home/bgr/bgr_ws/install/interactive_marker_twist_server/lib/interactive_marker_twist_server/marker_server
-- Set non-toolchain portion of runtime path of "/home/bgr/bgr_ws/install/interactive_marker_twist_server/lib/interactive_marker_twist_server/marker_server" to ""
-- Installing: /home/bgr/bgr_ws/install/interactive_marker_twist_server/share/interactive_marker_twist_server//launch
-- Installing: /home/bgr/bgr_ws/install/interactive_marker_twist_server/share/interactive_marker_twist_server//launch/interactive_markers.launch
-- Installing: /home/bgr/bgr_ws/install/interactive_marker_twist_server/share/interactive_marker_twist_server//launch/interactive_markers.launch.xml
-- Installing: /home/bgr/bgr_ws/install/interactive_marker_twist_server/share/interactive_marker_twist_server//launch/interactive_markers_launch.py
-- Installing: /home/bgr/bgr_ws/install/interactive_marker_twist_server/share/interactive_marker_twist_server//config
-- Installing: /home/bgr/bgr_ws/install/interactive_marker_twist_server/share/interactive_marker_twist_server//config/linear.yaml
-- Installing: /home/bgr/bgr_ws/install/interactive_marker_twist_server/share/interactive_marker_twist_server//config/planar.yaml
-- Installing: /home/bgr/bgr_ws/install/interactive_marker_twist_server/share/interactive_marker_twist_server//config/aerial.yaml
-- Installing: /home/bgr/bgr_ws/install/interactive_marker_twist_server/share/ament_index/resource_index/package_run_dependencies/interactive_marker_twist_server
-- Installing: /home/bgr/bgr_ws/install/interactive_marker_twist_server/share/ament_index/resource_index/parent_prefix_path/interactive_marker_twist_server
-- Installing: /home/bgr/bgr_ws/install/interactive_marker_twist_server/share/interactive_marker_twist_server/environment/ament_prefix_path.sh
-- Installing: /home/bgr/bgr_ws/install/interactive_marker_twist_server/share/interactive_marker_twist_server/environment/ament_prefix_path.dsv
-- Installing: /home/bgr/bgr_ws/install/interactive_marker_twist_server/share/interactive_marker_twist_server/environment/path.sh
-- Installing: /home/bgr/bgr_ws/install/interactive_marker_twist_server/share/interactive_marker_twist_server/environment/path.dsv
-- Installing: /home/bgr/bgr_ws/install/interactive_marker_twist_server/share/interactive_marker_twist_server/local_setup.bash
-- Installing: /home/bgr/bgr_ws/install/interactive_marker_twist_server/share/interactive_marker_twist_server/local_setup.sh
-- Installing: /home/bgr/bgr_ws/install/interactive_marker_twist_server/share/interactive_marker_twist_server/local_setup.zsh
-- Installing: /home/bgr/bgr_ws/install/interactive_marker_twist_server/share/interactive_marker_twist_server/local_setup.dsv
-- Installing: /home/bgr/bgr_ws/install/interactive_marker_twist_server/share/interactive_marker_twist_server/package.dsv
-- Installing: /home/bgr/bgr_ws/install/interactive_marker_twist_server/share/ament_index/resource_index/packages/interactive_marker_twist_server
-- Installing: /home/bgr/bgr_ws/install/interactive_marker_twist_server/share/interactive_marker_twist_server/cmake/interactive_marker_twist_serverConfig.cmake
-- Installing: /home/bgr/bgr_ws/install/interactive_marker_twist_server/share/interactive_marker_twist_server/cmake/interactive_marker_twist_serverConfig-version.cmake
-- Installing: /home/bgr/bgr_ws/install/interactive_marker_twist_server/share/interactive_marker_twist_server/package.xml
