-- The C compiler identification is GNU 13.3.0
-- The CXX compiler identification is GNU 13.3.0
-- Detecting C compiler ABI info
-- Detecting C compiler ABI info - done
-- Check for working C compiler: /usr/bin/cc - skipped
-- Detecting C compile features
-- Detecting C compile features - done
-- Detecting CXX compiler ABI info
-- Detecting CXX compiler ABI info - done
-- Check for working CXX compiler: /usr/bin/c++ - skipped
-- Detecting CXX compile features
-- Detecting CXX compile features - done
-- Found ament_cmake: 2.5.4 (/opt/ros/jazzy/share/ament_cmake/cmake)
-- Found Python3: /usr/bin/python3 (found version "3.12.3") found components: Interpreter 
-- Found rosidl_default_generators: 1.6.0 (/opt/ros/jazzy/share/rosidl_default_generators/cmake)
-- Using all available rosidl_typesupport_c: rosidl_typesupport_fastrtps_c;rosidl_typesupport_introspection_c
-- Using all available rosidl_typesupport_cpp: rosidl_typesupport_fastrtps_cpp;rosidl_typesupport_introspection_cpp
-- Found rosidl_adapter: 4.6.6 (/opt/ros/jazzy/share/rosidl_adapter/cmake)
-- Found builtin_interfaces: 2.0.3 (/opt/ros/jazzy/share/builtin_interfaces/cmake)
-- Found ament_cmake_ros: 0.12.0 (/opt/ros/jazzy/share/ament_cmake_ros/cmake)
-- Using all available rosidl_typesupport_c: rosidl_typesupport_fastrtps_c;rosidl_typesupport_introspection_c
-- Using all available rosidl_typesupport_cpp: rosidl_typesupport_fastrtps_cpp;rosidl_typesupport_introspection_cpp
-- Found python_cmake_module: 0.11.1 (/opt/ros/jazzy/share/python_cmake_module/cmake)
-- Found PythonExtra: /usr/bin/python3  
-- Found Python3: /usr/bin/python3 (found version "3.12.3") found components: Interpreter Development NumPy Development.Module Development.Embed 
-- Found ament_lint_auto: 0.17.3 (/opt/ros/jazzy/share/ament_lint_auto/cmake)
-- Added test 'copyright' to check source files copyright and LICENSE
-- Added test 'lint_cmake' to check CMake code style
-- Added test 'xmllint' to check XML markup files
-- Configuring done (3.4s)
-- Generating done (0.0s)
-- Build files have been written to: /home/bgr/bgr_ws/build/topic_tools_interfaces
[  1%] [34m[1mGenerating type hashes for ROS interfaces[0m
[  1%] Built target ament_cmake_python_copy_topic_tools_interfaces
running egg_info
creating topic_tools_interfaces.egg-info
writing topic_tools_interfaces.egg-info/PKG-INFO
writing dependency_links to topic_tools_interfaces.egg-info/dependency_links.txt
writing top-level names to topic_tools_interfaces.egg-info/top_level.txt
writing manifest file 'topic_tools_interfaces.egg-info/SOURCES.txt'
[  1%] Built target topic_tools_interfaces__rosidl_generator_type_description
[  2%] [34m[1mGenerating C code for ROS interfaces[0m
reading manifest file 'topic_tools_interfaces.egg-info/SOURCES.txt'
writing manifest file 'topic_tools_interfaces.egg-info/SOURCES.txt'
[  2%] [34m[1mGenerating C++ code for ROS interfaces[0m
[  2%] Built target ament_cmake_python_build_topic_tools_interfaces_egg
[  2%] Built target topic_tools_interfaces__cpp
[  8%] [32mBuilding C object CMakeFiles/topic_tools_interfaces__rosidl_generator_c.dir/rosidl_generator_c/topic_tools_interfaces/srv/detail/demux_delete__description.c.o[0m
[  8%] [32mBuilding C object CMakeFiles/topic_tools_interfaces__rosidl_generator_c.dir/rosidl_generator_c/topic_tools_interfaces/srv/detail/demux_list__type_support.c.o[0m
[  8%] [32mBuilding C object CMakeFiles/topic_tools_interfaces__rosidl_generator_c.dir/rosidl_generator_c/topic_tools_interfaces/srv/detail/demux_list__functions.c.o[0m
[  8%] [32mBuilding C object CMakeFiles/topic_tools_interfaces__rosidl_generator_c.dir/rosidl_generator_c/topic_tools_interfaces/srv/detail/demux_list__description.c.o[0m
[  8%] [32mBuilding C object CMakeFiles/topic_tools_interfaces__rosidl_generator_c.dir/rosidl_generator_c/topic_tools_interfaces/srv/detail/demux_delete__type_support.c.o[0m
[  8%] [32mBuilding C object CMakeFiles/topic_tools_interfaces__rosidl_generator_c.dir/rosidl_generator_c/topic_tools_interfaces/srv/detail/demux_select__description.c.o[0m
[  9%] [32mBuilding C object CMakeFiles/topic_tools_interfaces__rosidl_generator_c.dir/rosidl_generator_c/topic_tools_interfaces/srv/detail/demux_delete__functions.c.o[0m
[ 10%] [32mBuilding C object CMakeFiles/topic_tools_interfaces__rosidl_generator_c.dir/rosidl_generator_c/topic_tools_interfaces/srv/detail/mux_add__description.c.o[0m
[ 11%] [32mBuilding C object CMakeFiles/topic_tools_interfaces__rosidl_generator_c.dir/rosidl_generator_c/topic_tools_interfaces/srv/detail/mux_add__functions.c.o[0m
[ 13%] [32mBuilding C object CMakeFiles/topic_tools_interfaces__rosidl_generator_c.dir/rosidl_generator_c/topic_tools_interfaces/srv/detail/demux_add__functions.c.o[0m
[ 15%] [32mBuilding C object CMakeFiles/topic_tools_interfaces__rosidl_generator_c.dir/rosidl_generator_c/topic_tools_interfaces/srv/detail/demux_add__type_support.c.o[0m
[ 15%] [32mBuilding C object CMakeFiles/topic_tools_interfaces__rosidl_generator_c.dir/rosidl_generator_c/topic_tools_interfaces/srv/detail/mux_delete__description.c.o[0m
[ 17%] [32mBuilding C object CMakeFiles/topic_tools_interfaces__rosidl_generator_c.dir/rosidl_generator_c/topic_tools_interfaces/srv/detail/demux_select__type_support.c.o[0m
[ 17%] [32mBuilding C object CMakeFiles/topic_tools_interfaces__rosidl_generator_c.dir/rosidl_generator_c/topic_tools_interfaces/srv/detail/demux_add__description.c.o[0m
[ 17%] [32mBuilding C object CMakeFiles/topic_tools_interfaces__rosidl_generator_c.dir/rosidl_generator_c/topic_tools_interfaces/srv/detail/demux_select__functions.c.o[0m
[ 18%] [32mBuilding C object CMakeFiles/topic_tools_interfaces__rosidl_generator_c.dir/rosidl_generator_c/topic_tools_interfaces/srv/detail/mux_add__type_support.c.o[0m
[ 21%] [32mBuilding C object CMakeFiles/topic_tools_interfaces__rosidl_generator_c.dir/rosidl_generator_c/topic_tools_interfaces/srv/detail/mux_delete__functions.c.o[0m
[ 21%] [32mBuilding C object CMakeFiles/topic_tools_interfaces__rosidl_generator_c.dir/rosidl_generator_c/topic_tools_interfaces/srv/detail/mux_delete__type_support.c.o[0m
[ 21%] [32mBuilding C object CMakeFiles/topic_tools_interfaces__rosidl_generator_c.dir/rosidl_generator_c/topic_tools_interfaces/srv/detail/mux_list__description.c.o[0m
[ 22%] [32mBuilding C object CMakeFiles/topic_tools_interfaces__rosidl_generator_c.dir/rosidl_generator_c/topic_tools_interfaces/srv/detail/mux_list__functions.c.o[0m
[ 25%] [32mBuilding C object CMakeFiles/topic_tools_interfaces__rosidl_generator_c.dir/rosidl_generator_c/topic_tools_interfaces/srv/detail/mux_select__type_support.c.o[0m
[ 25%] [32mBuilding C object CMakeFiles/topic_tools_interfaces__rosidl_generator_c.dir/rosidl_generator_c/topic_tools_interfaces/srv/detail/mux_select__description.c.o[0m
[ 25%] [32mBuilding C object CMakeFiles/topic_tools_interfaces__rosidl_generator_c.dir/rosidl_generator_c/topic_tools_interfaces/srv/detail/mux_list__type_support.c.o[0m
[ 25%] [32mBuilding C object CMakeFiles/topic_tools_interfaces__rosidl_generator_c.dir/rosidl_generator_c/topic_tools_interfaces/srv/detail/mux_select__functions.c.o[0m
[ 26%] [32m[1mLinking C shared library libtopic_tools_interfaces__rosidl_generator_c.so[0m
[ 26%] Built target topic_tools_interfaces__rosidl_generator_c
[ 29%] [34m[1mGenerating C++ type support dispatch for ROS interfaces[0m
[ 29%] [34m[1mGenerating C type support for eProsima Fast-RTPS[0m
[ 29%] [34m[1mGenerating C introspection for ROS interfaces[0m
[ 29%] [34m[1mGenerating C type support dispatch for ROS interfaces[0m
[ 30%] [34m[1mGenerating C++ introspection for ROS interfaces[0m
[ 31%] [34m[1mGenerating C++ type support for eProsima Fast-RTPS[0m
[ 32%] [32mBuilding CXX object CMakeFiles/topic_tools_interfaces__rosidl_typesupport_c.dir/rosidl_typesupport_c/topic_tools_interfaces/srv/mux_delete__type_support.cpp.o[0m
[ 34%] [32mBuilding CXX object CMakeFiles/topic_tools_interfaces__rosidl_typesupport_c.dir/rosidl_typesupport_c/topic_tools_interfaces/srv/demux_list__type_support.cpp.o[0m
[ 34%] [32mBuilding CXX object CMakeFiles/topic_tools_interfaces__rosidl_typesupport_c.dir/rosidl_typesupport_c/topic_tools_interfaces/srv/demux_add__type_support.cpp.o[0m
[ 36%] [32mBuilding CXX object CMakeFiles/topic_tools_interfaces__rosidl_typesupport_c.dir/rosidl_typesupport_c/topic_tools_interfaces/srv/mux_add__type_support.cpp.o[0m
[ 36%] [32mBuilding CXX object CMakeFiles/topic_tools_interfaces__rosidl_typesupport_c.dir/rosidl_typesupport_c/topic_tools_interfaces/srv/demux_delete__type_support.cpp.o[0m
[ 37%] [32mBuilding CXX object CMakeFiles/topic_tools_interfaces__rosidl_typesupport_c.dir/rosidl_typesupport_c/topic_tools_interfaces/srv/mux_list__type_support.cpp.o[0m
[ 38%] [32mBuilding CXX object CMakeFiles/topic_tools_interfaces__rosidl_typesupport_c.dir/rosidl_typesupport_c/topic_tools_interfaces/srv/demux_select__type_support.cpp.o[0m
[ 39%] [32mBuilding CXX object CMakeFiles/topic_tools_interfaces__rosidl_typesupport_c.dir/rosidl_typesupport_c/topic_tools_interfaces/srv/mux_select__type_support.cpp.o[0m
[ 42%] [32mBuilding CXX object CMakeFiles/topic_tools_interfaces__rosidl_typesupport_cpp.dir/rosidl_typesupport_cpp/topic_tools_interfaces/srv/demux_add__type_support.cpp.o[0m
[ 42%] [32mBuilding CXX object CMakeFiles/topic_tools_interfaces__rosidl_typesupport_cpp.dir/rosidl_typesupport_cpp/topic_tools_interfaces/srv/demux_delete__type_support.cpp.o[0m
[ 42%] [32mBuilding CXX object CMakeFiles/topic_tools_interfaces__rosidl_typesupport_cpp.dir/rosidl_typesupport_cpp/topic_tools_interfaces/srv/demux_list__type_support.cpp.o[0m
[ 42%] [32mBuilding CXX object CMakeFiles/topic_tools_interfaces__rosidl_typesupport_cpp.dir/rosidl_typesupport_cpp/topic_tools_interfaces/srv/demux_select__type_support.cpp.o[0m
[ 46%] [32mBuilding CXX object CMakeFiles/topic_tools_interfaces__rosidl_typesupport_cpp.dir/rosidl_typesupport_cpp/topic_tools_interfaces/srv/mux_add__type_support.cpp.o[0m
[ 46%] [32mBuilding CXX object CMakeFiles/topic_tools_interfaces__rosidl_typesupport_cpp.dir/rosidl_typesupport_cpp/topic_tools_interfaces/srv/mux_select__type_support.cpp.o[0m
[ 46%] [32mBuilding CXX object CMakeFiles/topic_tools_interfaces__rosidl_typesupport_cpp.dir/rosidl_typesupport_cpp/topic_tools_interfaces/srv/mux_delete__type_support.cpp.o[0m
[ 46%] [32mBuilding CXX object CMakeFiles/topic_tools_interfaces__rosidl_typesupport_cpp.dir/rosidl_typesupport_cpp/topic_tools_interfaces/srv/mux_list__type_support.cpp.o[0m
[ 47%] [32m[1mLinking CXX shared library libtopic_tools_interfaces__rosidl_typesupport_c.so[0m
[ 47%] Built target topic_tools_interfaces__rosidl_typesupport_c
[ 48%] [32mBuilding CXX object CMakeFiles/topic_tools_interfaces__rosidl_typesupport_introspection_cpp.dir/rosidl_typesupport_introspection_cpp/topic_tools_interfaces/srv/detail/demux_add__type_support.cpp.o[0m
[ 49%] [32mBuilding CXX object CMakeFiles/topic_tools_interfaces__rosidl_typesupport_introspection_cpp.dir/rosidl_typesupport_introspection_cpp/topic_tools_interfaces/srv/detail/demux_delete__type_support.cpp.o[0m
[ 50%] [32mBuilding CXX object CMakeFiles/topic_tools_interfaces__rosidl_typesupport_introspection_cpp.dir/rosidl_typesupport_introspection_cpp/topic_tools_interfaces/srv/detail/demux_list__type_support.cpp.o[0m
[ 51%] [32mBuilding CXX object CMakeFiles/topic_tools_interfaces__rosidl_typesupport_introspection_cpp.dir/rosidl_typesupport_introspection_cpp/topic_tools_interfaces/srv/detail/demux_select__type_support.cpp.o[0m
[ 52%] [32mBuilding CXX object CMakeFiles/topic_tools_interfaces__rosidl_typesupport_introspection_cpp.dir/rosidl_typesupport_introspection_cpp/topic_tools_interfaces/srv/detail/mux_add__type_support.cpp.o[0m
[ 53%] [32mBuilding C object CMakeFiles/topic_tools_interfaces__rosidl_typesupport_introspection_c.dir/rosidl_typesupport_introspection_c/topic_tools_interfaces/srv/detail/demux_add__type_support.c.o[0m
[ 54%] [32mBuilding C object CMakeFiles/topic_tools_interfaces__rosidl_typesupport_introspection_c.dir/rosidl_typesupport_introspection_c/topic_tools_interfaces/srv/detail/demux_delete__type_support.c.o[0m
[ 55%] [32mBuilding C object CMakeFiles/topic_tools_interfaces__rosidl_typesupport_introspection_c.dir/rosidl_typesupport_introspection_c/topic_tools_interfaces/srv/detail/demux_list__type_support.c.o[0m
[ 56%] [32mBuilding CXX object CMakeFiles/topic_tools_interfaces__rosidl_typesupport_introspection_cpp.dir/rosidl_typesupport_introspection_cpp/topic_tools_interfaces/srv/detail/mux_delete__type_support.cpp.o[0m
[ 57%] [32mBuilding C object CMakeFiles/topic_tools_interfaces__rosidl_typesupport_introspection_c.dir/rosidl_typesupport_introspection_c/topic_tools_interfaces/srv/detail/demux_select__type_support.c.o[0m
[ 58%] [32mBuilding C object CMakeFiles/topic_tools_interfaces__rosidl_typesupport_introspection_c.dir/rosidl_typesupport_introspection_c/topic_tools_interfaces/srv/detail/mux_add__type_support.c.o[0m
[ 59%] [32mBuilding C object CMakeFiles/topic_tools_interfaces__rosidl_typesupport_introspection_c.dir/rosidl_typesupport_introspection_c/topic_tools_interfaces/srv/detail/mux_delete__type_support.c.o[0m
[ 60%] [32mBuilding C object CMakeFiles/topic_tools_interfaces__rosidl_typesupport_introspection_c.dir/rosidl_typesupport_introspection_c/topic_tools_interfaces/srv/detail/mux_list__type_support.c.o[0m
[ 61%] [32mBuilding CXX object CMakeFiles/topic_tools_interfaces__rosidl_typesupport_introspection_cpp.dir/rosidl_typesupport_introspection_cpp/topic_tools_interfaces/srv/detail/mux_list__type_support.cpp.o[0m
[ 62%] [32mBuilding CXX object CMakeFiles/topic_tools_interfaces__rosidl_typesupport_introspection_cpp.dir/rosidl_typesupport_introspection_cpp/topic_tools_interfaces/srv/detail/mux_select__type_support.cpp.o[0m
[ 63%] [32mBuilding C object CMakeFiles/topic_tools_interfaces__rosidl_typesupport_introspection_c.dir/rosidl_typesupport_introspection_c/topic_tools_interfaces/srv/detail/mux_select__type_support.c.o[0m
[ 64%] [32m[1mLinking CXX shared library libtopic_tools_interfaces__rosidl_typesupport_cpp.so[0m
[ 65%] [32m[1mLinking C shared library libtopic_tools_interfaces__rosidl_typesupport_introspection_c.so[0m
[ 66%] [32mBuilding CXX object CMakeFiles/topic_tools_interfaces__rosidl_typesupport_fastrtps_cpp.dir/rosidl_typesupport_fastrtps_cpp/topic_tools_interfaces/srv/detail/dds_fastrtps/demux_add__type_support.cpp.o[0m
[ 67%] [32mBuilding CXX object CMakeFiles/topic_tools_interfaces__rosidl_typesupport_fastrtps_cpp.dir/rosidl_typesupport_fastrtps_cpp/topic_tools_interfaces/srv/detail/dds_fastrtps/demux_delete__type_support.cpp.o[0m
[ 69%] [32mBuilding CXX object CMakeFiles/topic_tools_interfaces__rosidl_typesupport_fastrtps_cpp.dir/rosidl_typesupport_fastrtps_cpp/topic_tools_interfaces/srv/detail/dds_fastrtps/mux_add__type_support.cpp.o[0m
[ 69%] [32mBuilding CXX object CMakeFiles/topic_tools_interfaces__rosidl_typesupport_fastrtps_cpp.dir/rosidl_typesupport_fastrtps_cpp/topic_tools_interfaces/srv/detail/dds_fastrtps/demux_select__type_support.cpp.o[0m
[ 69%] Built target topic_tools_interfaces__rosidl_typesupport_introspection_c
[ 70%] [32mBuilding CXX object CMakeFiles/topic_tools_interfaces__rosidl_typesupport_fastrtps_c.dir/rosidl_typesupport_fastrtps_c/topic_tools_interfaces/srv/detail/demux_add__type_support_c.cpp.o[0m
[ 71%] [32mBuilding CXX object CMakeFiles/topic_tools_interfaces__rosidl_typesupport_fastrtps_cpp.dir/rosidl_typesupport_fastrtps_cpp/topic_tools_interfaces/srv/detail/dds_fastrtps/demux_list__type_support.cpp.o[0m
[ 72%] [32mBuilding CXX object CMakeFiles/topic_tools_interfaces__rosidl_typesupport_fastrtps_c.dir/rosidl_typesupport_fastrtps_c/topic_tools_interfaces/srv/detail/demux_delete__type_support_c.cpp.o[0m
[ 73%] [32mBuilding CXX object CMakeFiles/topic_tools_interfaces__rosidl_typesupport_fastrtps_c.dir/rosidl_typesupport_fastrtps_c/topic_tools_interfaces/srv/detail/demux_list__type_support_c.cpp.o[0m
[ 73%] Built target topic_tools_interfaces__rosidl_typesupport_cpp
[ 75%] [32mBuilding CXX object CMakeFiles/topic_tools_interfaces__rosidl_typesupport_fastrtps_cpp.dir/rosidl_typesupport_fastrtps_cpp/topic_tools_interfaces/srv/detail/dds_fastrtps/mux_delete__type_support.cpp.o[0m
[ 75%] [32mBuilding CXX object CMakeFiles/topic_tools_interfaces__rosidl_typesupport_fastrtps_cpp.dir/rosidl_typesupport_fastrtps_cpp/topic_tools_interfaces/srv/detail/dds_fastrtps/mux_list__type_support.cpp.o[0m
[ 76%] [32mBuilding CXX object CMakeFiles/topic_tools_interfaces__rosidl_typesupport_fastrtps_c.dir/rosidl_typesupport_fastrtps_c/topic_tools_interfaces/srv/detail/demux_select__type_support_c.cpp.o[0m
[ 77%] [32mBuilding CXX object CMakeFiles/topic_tools_interfaces__rosidl_typesupport_fastrtps_cpp.dir/rosidl_typesupport_fastrtps_cpp/topic_tools_interfaces/srv/detail/dds_fastrtps/mux_select__type_support.cpp.o[0m
[ 78%] [32mBuilding CXX object CMakeFiles/topic_tools_interfaces__rosidl_typesupport_fastrtps_c.dir/rosidl_typesupport_fastrtps_c/topic_tools_interfaces/srv/detail/mux_add__type_support_c.cpp.o[0m
[ 79%] [32mBuilding CXX object CMakeFiles/topic_tools_interfaces__rosidl_typesupport_fastrtps_c.dir/rosidl_typesupport_fastrtps_c/topic_tools_interfaces/srv/detail/mux_delete__type_support_c.cpp.o[0m
[ 80%] [32mBuilding CXX object CMakeFiles/topic_tools_interfaces__rosidl_typesupport_fastrtps_c.dir/rosidl_typesupport_fastrtps_c/topic_tools_interfaces/srv/detail/mux_list__type_support_c.cpp.o[0m
[ 81%] [32m[1mLinking CXX shared library libtopic_tools_interfaces__rosidl_typesupport_introspection_cpp.so[0m
[ 82%] [32mBuilding CXX object CMakeFiles/topic_tools_interfaces__rosidl_typesupport_fastrtps_c.dir/rosidl_typesupport_fastrtps_c/topic_tools_interfaces/srv/detail/mux_select__type_support_c.cpp.o[0m
[ 82%] Built target topic_tools_interfaces__rosidl_typesupport_introspection_cpp
[ 83%] [32m[1mLinking CXX shared library libtopic_tools_interfaces__rosidl_typesupport_fastrtps_cpp.so[0m
[ 83%] Built target topic_tools_interfaces__rosidl_typesupport_fastrtps_cpp
[ 84%] [32m[1mLinking CXX shared library libtopic_tools_interfaces__rosidl_typesupport_fastrtps_c.so[0m
[ 84%] Built target topic_tools_interfaces__rosidl_typesupport_fastrtps_c
[ 84%] Built target topic_tools_interfaces
[ 85%] [34m[1mGenerating Python code for ROS interfaces[0m
[ 85%] Built target topic_tools_interfaces__py
[ 90%] [32mBuilding C object CMakeFiles/topic_tools_interfaces__rosidl_generator_py.dir/rosidl_generator_py/topic_tools_interfaces/srv/_demux_select_s.c.o[0m
[ 90%] [32mBuilding C object CMakeFiles/topic_tools_interfaces__rosidl_generator_py.dir/rosidl_generator_py/topic_tools_interfaces/srv/_demux_list_s.c.o[0m
[ 90%] [32mBuilding C object CMakeFiles/topic_tools_interfaces__rosidl_generator_py.dir/rosidl_generator_py/topic_tools_interfaces/srv/_demux_delete_s.c.o[0m
[ 90%] [32mBuilding C object CMakeFiles/topic_tools_interfaces__rosidl_generator_py.dir/rosidl_generator_py/topic_tools_interfaces/srv/_mux_delete_s.c.o[0m
[ 90%] [32mBuilding C object CMakeFiles/topic_tools_interfaces__rosidl_generator_py.dir/rosidl_generator_py/topic_tools_interfaces/srv/_mux_list_s.c.o[0m
[ 91%] [32mBuilding C object CMakeFiles/topic_tools_interfaces__rosidl_generator_py.dir/rosidl_generator_py/topic_tools_interfaces/srv/_mux_select_s.c.o[0m
[ 92%] [32mBuilding C object CMakeFiles/topic_tools_interfaces__rosidl_generator_py.dir/rosidl_generator_py/topic_tools_interfaces/srv/_demux_add_s.c.o[0m
[ 93%] [32mBuilding C object CMakeFiles/topic_tools_interfaces__rosidl_generator_py.dir/rosidl_generator_py/topic_tools_interfaces/srv/_mux_add_s.c.o[0m
[ 94%] [32m[1mLinking C shared library libtopic_tools_interfaces__rosidl_generator_py.so[0m
[ 94%] Built target topic_tools_interfaces__rosidl_generator_py
[ 97%] [32mBuilding C object CMakeFiles/topic_tools_interfaces_s__rosidl_typesupport_introspection_c.dir/rosidl_generator_py/topic_tools_interfaces/_topic_tools_interfaces_s.ep.rosidl_typesupport_introspection_c.c.o[0m
[ 97%] [32mBuilding C object CMakeFiles/topic_tools_interfaces_s__rosidl_typesupport_fastrtps_c.dir/rosidl_generator_py/topic_tools_interfaces/_topic_tools_interfaces_s.ep.rosidl_typesupport_fastrtps_c.c.o[0m
[ 97%] [32mBuilding C object CMakeFiles/topic_tools_interfaces_s__rosidl_typesupport_c.dir/rosidl_generator_py/topic_tools_interfaces/_topic_tools_interfaces_s.ep.rosidl_typesupport_c.c.o[0m
[ 98%] [32m[1mLinking C shared module rosidl_generator_py/topic_tools_interfaces/topic_tools_interfaces_s__rosidl_typesupport_introspection_c.so[0m
[ 99%] [32m[1mLinking C shared module rosidl_generator_py/topic_tools_interfaces/topic_tools_interfaces_s__rosidl_typesupport_c.so[0m
[100%] [32m[1mLinking C shared module rosidl_generator_py/topic_tools_interfaces/topic_tools_interfaces_s__rosidl_typesupport_fastrtps_c.so[0m
[100%] Built target topic_tools_interfaces_s__rosidl_typesupport_c
[100%] Built target topic_tools_interfaces_s__rosidl_typesupport_introspection_c
[100%] Built target topic_tools_interfaces_s__rosidl_typesupport_fastrtps_c
-- Install configuration: ""
-- Installing: /home/bgr/bgr_ws/install/topic_tools_interfaces/share/ament_index/resource_index/rosidl_interfaces/topic_tools_interfaces
-- Installing: /home/bgr/bgr_ws/install/topic_tools_interfaces/share/topic_tools_interfaces/srv/DemuxAdd.json
-- Installing: /home/bgr/bgr_ws/install/topic_tools_interfaces/share/topic_tools_interfaces/srv/DemuxDelete.json
-- Installing: /home/bgr/bgr_ws/install/topic_tools_interfaces/share/topic_tools_interfaces/srv/DemuxList.json
-- Installing: /home/bgr/bgr_ws/install/topic_tools_interfaces/share/topic_tools_interfaces/srv/DemuxSelect.json
-- Installing: /home/bgr/bgr_ws/install/topic_tools_interfaces/share/topic_tools_interfaces/srv/MuxAdd.json
-- Installing: /home/bgr/bgr_ws/install/topic_tools_interfaces/share/topic_tools_interfaces/srv/MuxDelete.json
-- Installing: /home/bgr/bgr_ws/install/topic_tools_interfaces/share/topic_tools_interfaces/srv/MuxList.json
-- Installing: /home/bgr/bgr_ws/install/topic_tools_interfaces/share/topic_tools_interfaces/srv/MuxSelect.json
-- Installing: /home/bgr/bgr_ws/install/topic_tools_interfaces/include/topic_tools_interfaces/topic_tools_interfaces
-- Installing: /home/bgr/bgr_ws/install/topic_tools_interfaces/include/topic_tools_interfaces/topic_tools_interfaces/msg
-- Installing: /home/bgr/bgr_ws/install/topic_tools_interfaces/include/topic_tools_interfaces/topic_tools_interfaces/msg/rosidl_generator_c__visibility_control.h
-- Installing: /home/bgr/bgr_ws/install/topic_tools_interfaces/include/topic_tools_interfaces/topic_tools_interfaces/srv
-- Installing: /home/bgr/bgr_ws/install/topic_tools_interfaces/include/topic_tools_interfaces/topic_tools_interfaces/srv/demux_select.h
-- Installing: /home/bgr/bgr_ws/install/topic_tools_interfaces/include/topic_tools_interfaces/topic_tools_interfaces/srv/demux_delete.h
-- Installing: /home/bgr/bgr_ws/install/topic_tools_interfaces/include/topic_tools_interfaces/topic_tools_interfaces/srv/mux_select.h
-- Installing: /home/bgr/bgr_ws/install/topic_tools_interfaces/include/topic_tools_interfaces/topic_tools_interfaces/srv/demux_list.h
-- Installing: /home/bgr/bgr_ws/install/topic_tools_interfaces/include/topic_tools_interfaces/topic_tools_interfaces/srv/mux_add.h
-- Installing: /home/bgr/bgr_ws/install/topic_tools_interfaces/include/topic_tools_interfaces/topic_tools_interfaces/srv/mux_list.h
-- Installing: /home/bgr/bgr_ws/install/topic_tools_interfaces/include/topic_tools_interfaces/topic_tools_interfaces/srv/detail
-- Installing: /home/bgr/bgr_ws/install/topic_tools_interfaces/include/topic_tools_interfaces/topic_tools_interfaces/srv/detail/mux_delete__functions.h
-- Installing: /home/bgr/bgr_ws/install/topic_tools_interfaces/include/topic_tools_interfaces/topic_tools_interfaces/srv/detail/mux_select__functions.h
-- Installing: /home/bgr/bgr_ws/install/topic_tools_interfaces/include/topic_tools_interfaces/topic_tools_interfaces/srv/detail/mux_add__type_support.c
-- Installing: /home/bgr/bgr_ws/install/topic_tools_interfaces/include/topic_tools_interfaces/topic_tools_interfaces/srv/detail/demux_list__type_support.h
-- Installing: /home/bgr/bgr_ws/install/topic_tools_interfaces/include/topic_tools_interfaces/topic_tools_interfaces/srv/detail/demux_add__description.c
-- Installing: /home/bgr/bgr_ws/install/topic_tools_interfaces/include/topic_tools_interfaces/topic_tools_interfaces/srv/detail/demux_list__struct.h
-- Installing: /home/bgr/bgr_ws/install/topic_tools_interfaces/include/topic_tools_interfaces/topic_tools_interfaces/srv/detail/mux_delete__description.c
-- Installing: /home/bgr/bgr_ws/install/topic_tools_interfaces/include/topic_tools_interfaces/topic_tools_interfaces/srv/detail/mux_delete__type_support.c
-- Installing: /home/bgr/bgr_ws/install/topic_tools_interfaces/include/topic_tools_interfaces/topic_tools_interfaces/srv/detail/mux_add__struct.h
-- Installing: /home/bgr/bgr_ws/install/topic_tools_interfaces/include/topic_tools_interfaces/topic_tools_interfaces/srv/detail/demux_delete__struct.h
-- Installing: /home/bgr/bgr_ws/install/topic_tools_interfaces/include/topic_tools_interfaces/topic_tools_interfaces/srv/detail/demux_select__functions.h
-- Installing: /home/bgr/bgr_ws/install/topic_tools_interfaces/include/topic_tools_interfaces/topic_tools_interfaces/srv/detail/demux_delete__description.c
-- Installing: /home/bgr/bgr_ws/install/topic_tools_interfaces/include/topic_tools_interfaces/topic_tools_interfaces/srv/detail/demux_delete__functions.h
-- Installing: /home/bgr/bgr_ws/install/topic_tools_interfaces/include/topic_tools_interfaces/topic_tools_interfaces/srv/detail/mux_add__functions.c
-- Installing: /home/bgr/bgr_ws/install/topic_tools_interfaces/include/topic_tools_interfaces/topic_tools_interfaces/srv/detail/mux_select__type_support.c
-- Installing: /home/bgr/bgr_ws/install/topic_tools_interfaces/include/topic_tools_interfaces/topic_tools_interfaces/srv/detail/mux_select__functions.c
-- Installing: /home/bgr/bgr_ws/install/topic_tools_interfaces/include/topic_tools_interfaces/topic_tools_interfaces/srv/detail/demux_delete__type_support.c
-- Installing: /home/bgr/bgr_ws/install/topic_tools_interfaces/include/topic_tools_interfaces/topic_tools_interfaces/srv/detail/mux_list__struct.h
-- Installing: /home/bgr/bgr_ws/install/topic_tools_interfaces/include/topic_tools_interfaces/topic_tools_interfaces/srv/detail/demux_delete__type_support.h
-- Installing: /home/bgr/bgr_ws/install/topic_tools_interfaces/include/topic_tools_interfaces/topic_tools_interfaces/srv/detail/mux_select__description.c
-- Installing: /home/bgr/bgr_ws/install/topic_tools_interfaces/include/topic_tools_interfaces/topic_tools_interfaces/srv/detail/demux_list__type_support.c
-- Installing: /home/bgr/bgr_ws/install/topic_tools_interfaces/include/topic_tools_interfaces/topic_tools_interfaces/srv/detail/demux_select__functions.c
-- Installing: /home/bgr/bgr_ws/install/topic_tools_interfaces/include/topic_tools_interfaces/topic_tools_interfaces/srv/detail/mux_list__type_support.c
-- Installing: /home/bgr/bgr_ws/install/topic_tools_interfaces/include/topic_tools_interfaces/topic_tools_interfaces/srv/detail/mux_list__functions.h
-- Installing: /home/bgr/bgr_ws/install/topic_tools_interfaces/include/topic_tools_interfaces/topic_tools_interfaces/srv/detail/demux_add__functions.c
-- Installing: /home/bgr/bgr_ws/install/topic_tools_interfaces/include/topic_tools_interfaces/topic_tools_interfaces/srv/detail/mux_delete__type_support.h
-- Installing: /home/bgr/bgr_ws/install/topic_tools_interfaces/include/topic_tools_interfaces/topic_tools_interfaces/srv/detail/demux_list__functions.c
-- Installing: /home/bgr/bgr_ws/install/topic_tools_interfaces/include/topic_tools_interfaces/topic_tools_interfaces/srv/detail/mux_list__description.c
-- Installing: /home/bgr/bgr_ws/install/topic_tools_interfaces/include/topic_tools_interfaces/topic_tools_interfaces/srv/detail/demux_select__struct.h
-- Installing: /home/bgr/bgr_ws/install/topic_tools_interfaces/include/topic_tools_interfaces/topic_tools_interfaces/srv/detail/mux_list__type_support.h
-- Installing: /home/bgr/bgr_ws/install/topic_tools_interfaces/include/topic_tools_interfaces/topic_tools_interfaces/srv/detail/demux_add__type_support.h
-- Installing: /home/bgr/bgr_ws/install/topic_tools_interfaces/include/topic_tools_interfaces/topic_tools_interfaces/srv/detail/demux_list__description.c
-- Installing: /home/bgr/bgr_ws/install/topic_tools_interfaces/include/topic_tools_interfaces/topic_tools_interfaces/srv/detail/demux_select__description.c
-- Installing: /home/bgr/bgr_ws/install/topic_tools_interfaces/include/topic_tools_interfaces/topic_tools_interfaces/srv/detail/demux_list__functions.h
-- Installing: /home/bgr/bgr_ws/install/topic_tools_interfaces/include/topic_tools_interfaces/topic_tools_interfaces/srv/detail/mux_delete__struct.h
-- Installing: /home/bgr/bgr_ws/install/topic_tools_interfaces/include/topic_tools_interfaces/topic_tools_interfaces/srv/detail/demux_add__struct.h
-- Installing: /home/bgr/bgr_ws/install/topic_tools_interfaces/include/topic_tools_interfaces/topic_tools_interfaces/srv/detail/demux_add__type_support.c
-- Installing: /home/bgr/bgr_ws/install/topic_tools_interfaces/include/topic_tools_interfaces/topic_tools_interfaces/srv/detail/mux_add__type_support.h
-- Installing: /home/bgr/bgr_ws/install/topic_tools_interfaces/include/topic_tools_interfaces/topic_tools_interfaces/srv/detail/mux_select__type_support.h
-- Installing: /home/bgr/bgr_ws/install/topic_tools_interfaces/include/topic_tools_interfaces/topic_tools_interfaces/srv/detail/mux_add__description.c
-- Installing: /home/bgr/bgr_ws/install/topic_tools_interfaces/include/topic_tools_interfaces/topic_tools_interfaces/srv/detail/demux_select__type_support.c
-- Installing: /home/bgr/bgr_ws/install/topic_tools_interfaces/include/topic_tools_interfaces/topic_tools_interfaces/srv/detail/mux_select__struct.h
-- Installing: /home/bgr/bgr_ws/install/topic_tools_interfaces/include/topic_tools_interfaces/topic_tools_interfaces/srv/detail/demux_select__type_support.h
-- Installing: /home/bgr/bgr_ws/install/topic_tools_interfaces/include/topic_tools_interfaces/topic_tools_interfaces/srv/detail/demux_delete__functions.c
-- Installing: /home/bgr/bgr_ws/install/topic_tools_interfaces/include/topic_tools_interfaces/topic_tools_interfaces/srv/detail/mux_list__functions.c
-- Installing: /home/bgr/bgr_ws/install/topic_tools_interfaces/include/topic_tools_interfaces/topic_tools_interfaces/srv/detail/mux_delete__functions.c
-- Installing: /home/bgr/bgr_ws/install/topic_tools_interfaces/include/topic_tools_interfaces/topic_tools_interfaces/srv/detail/mux_add__functions.h
-- Installing: /home/bgr/bgr_ws/install/topic_tools_interfaces/include/topic_tools_interfaces/topic_tools_interfaces/srv/detail/demux_add__functions.h
-- Installing: /home/bgr/bgr_ws/install/topic_tools_interfaces/include/topic_tools_interfaces/topic_tools_interfaces/srv/demux_add.h
-- Installing: /home/bgr/bgr_ws/install/topic_tools_interfaces/include/topic_tools_interfaces/topic_tools_interfaces/srv/mux_delete.h
-- Installing: /home/bgr/bgr_ws/install/topic_tools_interfaces/share/topic_tools_interfaces/environment/library_path.sh
-- Installing: /home/bgr/bgr_ws/install/topic_tools_interfaces/share/topic_tools_interfaces/environment/library_path.dsv
-- Installing: /home/bgr/bgr_ws/install/topic_tools_interfaces/lib/libtopic_tools_interfaces__rosidl_generator_c.so
-- Set non-toolchain portion of runtime path of "/home/bgr/bgr_ws/install/topic_tools_interfaces/lib/libtopic_tools_interfaces__rosidl_generator_c.so" to ""
-- Up-to-date: /home/bgr/bgr_ws/install/topic_tools_interfaces/include/topic_tools_interfaces/topic_tools_interfaces
-- Up-to-date: /home/bgr/bgr_ws/install/topic_tools_interfaces/include/topic_tools_interfaces/topic_tools_interfaces/msg
-- Installing: /home/bgr/bgr_ws/install/topic_tools_interfaces/include/topic_tools_interfaces/topic_tools_interfaces/msg/rosidl_typesupport_fastrtps_c__visibility_control.h
-- Up-to-date: /home/bgr/bgr_ws/install/topic_tools_interfaces/include/topic_tools_interfaces/topic_tools_interfaces/srv
-- Up-to-date: /home/bgr/bgr_ws/install/topic_tools_interfaces/include/topic_tools_interfaces/topic_tools_interfaces/srv/detail
-- Installing: /home/bgr/bgr_ws/install/topic_tools_interfaces/include/topic_tools_interfaces/topic_tools_interfaces/srv/detail/demux_add__rosidl_typesupport_fastrtps_c.h
-- Installing: /home/bgr/bgr_ws/install/topic_tools_interfaces/include/topic_tools_interfaces/topic_tools_interfaces/srv/detail/mux_delete__rosidl_typesupport_fastrtps_c.h
-- Installing: /home/bgr/bgr_ws/install/topic_tools_interfaces/include/topic_tools_interfaces/topic_tools_interfaces/srv/detail/mux_add__rosidl_typesupport_fastrtps_c.h
-- Installing: /home/bgr/bgr_ws/install/topic_tools_interfaces/include/topic_tools_interfaces/topic_tools_interfaces/srv/detail/demux_list__rosidl_typesupport_fastrtps_c.h
-- Installing: /home/bgr/bgr_ws/install/topic_tools_interfaces/include/topic_tools_interfaces/topic_tools_interfaces/srv/detail/mux_list__rosidl_typesupport_fastrtps_c.h
-- Installing: /home/bgr/bgr_ws/install/topic_tools_interfaces/include/topic_tools_interfaces/topic_tools_interfaces/srv/detail/mux_select__rosidl_typesupport_fastrtps_c.h
-- Installing: /home/bgr/bgr_ws/install/topic_tools_interfaces/include/topic_tools_interfaces/topic_tools_interfaces/srv/detail/demux_select__rosidl_typesupport_fastrtps_c.h
-- Installing: /home/bgr/bgr_ws/install/topic_tools_interfaces/include/topic_tools_interfaces/topic_tools_interfaces/srv/detail/demux_delete__rosidl_typesupport_fastrtps_c.h
-- Installing: /home/bgr/bgr_ws/install/topic_tools_interfaces/lib/libtopic_tools_interfaces__rosidl_typesupport_fastrtps_c.so
-- Set non-toolchain portion of runtime path of "/home/bgr/bgr_ws/install/topic_tools_interfaces/lib/libtopic_tools_interfaces__rosidl_typesupport_fastrtps_c.so" to ""
-- Up-to-date: /home/bgr/bgr_ws/install/topic_tools_interfaces/include/topic_tools_interfaces/topic_tools_interfaces
-- Up-to-date: /home/bgr/bgr_ws/install/topic_tools_interfaces/include/topic_tools_interfaces/topic_tools_interfaces/msg
-- Installing: /home/bgr/bgr_ws/install/topic_tools_interfaces/include/topic_tools_interfaces/topic_tools_interfaces/msg/rosidl_typesupport_introspection_c__visibility_control.h
-- Up-to-date: /home/bgr/bgr_ws/install/topic_tools_interfaces/include/topic_tools_interfaces/topic_tools_interfaces/srv
-- Up-to-date: /home/bgr/bgr_ws/install/topic_tools_interfaces/include/topic_tools_interfaces/topic_tools_interfaces/srv/detail
-- Installing: /home/bgr/bgr_ws/install/topic_tools_interfaces/include/topic_tools_interfaces/topic_tools_interfaces/srv/detail/mux_add__type_support.c
-- Installing: /home/bgr/bgr_ws/install/topic_tools_interfaces/include/topic_tools_interfaces/topic_tools_interfaces/srv/detail/mux_delete__type_support.c
-- Installing: /home/bgr/bgr_ws/install/topic_tools_interfaces/include/topic_tools_interfaces/topic_tools_interfaces/srv/detail/demux_list__rosidl_typesupport_introspection_c.h
-- Installing: /home/bgr/bgr_ws/install/topic_tools_interfaces/include/topic_tools_interfaces/topic_tools_interfaces/srv/detail/mux_list__rosidl_typesupport_introspection_c.h
-- Installing: /home/bgr/bgr_ws/install/topic_tools_interfaces/include/topic_tools_interfaces/topic_tools_interfaces/srv/detail/mux_select__type_support.c
-- Installing: /home/bgr/bgr_ws/install/topic_tools_interfaces/include/topic_tools_interfaces/topic_tools_interfaces/srv/detail/demux_delete__type_support.c
-- Installing: /home/bgr/bgr_ws/install/topic_tools_interfaces/include/topic_tools_interfaces/topic_tools_interfaces/srv/detail/mux_select__rosidl_typesupport_introspection_c.h
-- Installing: /home/bgr/bgr_ws/install/topic_tools_interfaces/include/topic_tools_interfaces/topic_tools_interfaces/srv/detail/demux_delete__rosidl_typesupport_introspection_c.h
-- Installing: /home/bgr/bgr_ws/install/topic_tools_interfaces/include/topic_tools_interfaces/topic_tools_interfaces/srv/detail/demux_list__type_support.c
-- Installing: /home/bgr/bgr_ws/install/topic_tools_interfaces/include/topic_tools_interfaces/topic_tools_interfaces/srv/detail/mux_list__type_support.c
-- Installing: /home/bgr/bgr_ws/install/topic_tools_interfaces/include/topic_tools_interfaces/topic_tools_interfaces/srv/detail/demux_add__type_support.c
-- Installing: /home/bgr/bgr_ws/install/topic_tools_interfaces/include/topic_tools_interfaces/topic_tools_interfaces/srv/detail/demux_add__rosidl_typesupport_introspection_c.h
-- Installing: /home/bgr/bgr_ws/install/topic_tools_interfaces/include/topic_tools_interfaces/topic_tools_interfaces/srv/detail/demux_select__rosidl_typesupport_introspection_c.h
-- Installing: /home/bgr/bgr_ws/install/topic_tools_interfaces/include/topic_tools_interfaces/topic_tools_interfaces/srv/detail/demux_select__type_support.c
-- Installing: /home/bgr/bgr_ws/install/topic_tools_interfaces/include/topic_tools_interfaces/topic_tools_interfaces/srv/detail/mux_add__rosidl_typesupport_introspection_c.h
-- Installing: /home/bgr/bgr_ws/install/topic_tools_interfaces/include/topic_tools_interfaces/topic_tools_interfaces/srv/detail/mux_delete__rosidl_typesupport_introspection_c.h
-- Installing: /home/bgr/bgr_ws/install/topic_tools_interfaces/lib/libtopic_tools_interfaces__rosidl_typesupport_introspection_c.so
-- Set non-toolchain portion of runtime path of "/home/bgr/bgr_ws/install/topic_tools_interfaces/lib/libtopic_tools_interfaces__rosidl_typesupport_introspection_c.so" to ""
-- Installing: /home/bgr/bgr_ws/install/topic_tools_interfaces/lib/libtopic_tools_interfaces__rosidl_typesupport_c.so
-- Set non-toolchain portion of runtime path of "/home/bgr/bgr_ws/install/topic_tools_interfaces/lib/libtopic_tools_interfaces__rosidl_typesupport_c.so" to ""
-- Up-to-date: /home/bgr/bgr_ws/install/topic_tools_interfaces/include/topic_tools_interfaces/topic_tools_interfaces
-- Up-to-date: /home/bgr/bgr_ws/install/topic_tools_interfaces/include/topic_tools_interfaces/topic_tools_interfaces/msg
-- Installing: /home/bgr/bgr_ws/install/topic_tools_interfaces/include/topic_tools_interfaces/topic_tools_interfaces/msg/rosidl_generator_cpp__visibility_control.hpp
-- Up-to-date: /home/bgr/bgr_ws/install/topic_tools_interfaces/include/topic_tools_interfaces/topic_tools_interfaces/srv
-- Installing: /home/bgr/bgr_ws/install/topic_tools_interfaces/include/topic_tools_interfaces/topic_tools_interfaces/srv/mux_list.hpp
-- Installing: /home/bgr/bgr_ws/install/topic_tools_interfaces/include/topic_tools_interfaces/topic_tools_interfaces/srv/demux_list.hpp
-- Installing: /home/bgr/bgr_ws/install/topic_tools_interfaces/include/topic_tools_interfaces/topic_tools_interfaces/srv/mux_delete.hpp
-- Installing: /home/bgr/bgr_ws/install/topic_tools_interfaces/include/topic_tools_interfaces/topic_tools_interfaces/srv/mux_select.hpp
-- Up-to-date: /home/bgr/bgr_ws/install/topic_tools_interfaces/include/topic_tools_interfaces/topic_tools_interfaces/srv/detail
-- Installing: /home/bgr/bgr_ws/install/topic_tools_interfaces/include/topic_tools_interfaces/topic_tools_interfaces/srv/detail/mux_delete__struct.hpp
-- Installing: /home/bgr/bgr_ws/install/topic_tools_interfaces/include/topic_tools_interfaces/topic_tools_interfaces/srv/detail/demux_delete__struct.hpp
-- Installing: /home/bgr/bgr_ws/install/topic_tools_interfaces/include/topic_tools_interfaces/topic_tools_interfaces/srv/detail/demux_list__struct.hpp
-- Installing: /home/bgr/bgr_ws/install/topic_tools_interfaces/include/topic_tools_interfaces/topic_tools_interfaces/srv/detail/demux_delete__builder.hpp
-- Installing: /home/bgr/bgr_ws/install/topic_tools_interfaces/include/topic_tools_interfaces/topic_tools_interfaces/srv/detail/demux_list__builder.hpp
-- Installing: /home/bgr/bgr_ws/install/topic_tools_interfaces/include/topic_tools_interfaces/topic_tools_interfaces/srv/detail/demux_delete__traits.hpp
-- Installing: /home/bgr/bgr_ws/install/topic_tools_interfaces/include/topic_tools_interfaces/topic_tools_interfaces/srv/detail/demux_add__builder.hpp
-- Installing: /home/bgr/bgr_ws/install/topic_tools_interfaces/include/topic_tools_interfaces/topic_tools_interfaces/srv/detail/mux_add__struct.hpp
-- Installing: /home/bgr/bgr_ws/install/topic_tools_interfaces/include/topic_tools_interfaces/topic_tools_interfaces/srv/detail/mux_select__struct.hpp
-- Installing: /home/bgr/bgr_ws/install/topic_tools_interfaces/include/topic_tools_interfaces/topic_tools_interfaces/srv/detail/demux_add__struct.hpp
-- Installing: /home/bgr/bgr_ws/install/topic_tools_interfaces/include/topic_tools_interfaces/topic_tools_interfaces/srv/detail/demux_select__builder.hpp
-- Installing: /home/bgr/bgr_ws/install/topic_tools_interfaces/include/topic_tools_interfaces/topic_tools_interfaces/srv/detail/mux_list__traits.hpp
-- Installing: /home/bgr/bgr_ws/install/topic_tools_interfaces/include/topic_tools_interfaces/topic_tools_interfaces/srv/detail/demux_add__type_support.hpp
-- Installing: /home/bgr/bgr_ws/install/topic_tools_interfaces/include/topic_tools_interfaces/topic_tools_interfaces/srv/detail/demux_add__traits.hpp
-- Installing: /home/bgr/bgr_ws/install/topic_tools_interfaces/include/topic_tools_interfaces/topic_tools_interfaces/srv/detail/demux_select__type_support.hpp
-- Installing: /home/bgr/bgr_ws/install/topic_tools_interfaces/include/topic_tools_interfaces/topic_tools_interfaces/srv/detail/mux_select__traits.hpp
-- Installing: /home/bgr/bgr_ws/install/topic_tools_interfaces/include/topic_tools_interfaces/topic_tools_interfaces/srv/detail/mux_add__builder.hpp
-- Installing: /home/bgr/bgr_ws/install/topic_tools_interfaces/include/topic_tools_interfaces/topic_tools_interfaces/srv/detail/mux_add__traits.hpp
-- Installing: /home/bgr/bgr_ws/install/topic_tools_interfaces/include/topic_tools_interfaces/topic_tools_interfaces/srv/detail/demux_list__traits.hpp
-- Installing: /home/bgr/bgr_ws/install/topic_tools_interfaces/include/topic_tools_interfaces/topic_tools_interfaces/srv/detail/mux_delete__traits.hpp
-- Installing: /home/bgr/bgr_ws/install/topic_tools_interfaces/include/topic_tools_interfaces/topic_tools_interfaces/srv/detail/mux_select__builder.hpp
-- Installing: /home/bgr/bgr_ws/install/topic_tools_interfaces/include/topic_tools_interfaces/topic_tools_interfaces/srv/detail/mux_select__type_support.hpp
-- Installing: /home/bgr/bgr_ws/install/topic_tools_interfaces/include/topic_tools_interfaces/topic_tools_interfaces/srv/detail/mux_delete__builder.hpp
-- Installing: /home/bgr/bgr_ws/install/topic_tools_interfaces/include/topic_tools_interfaces/topic_tools_interfaces/srv/detail/demux_list__type_support.hpp
-- Installing: /home/bgr/bgr_ws/install/topic_tools_interfaces/include/topic_tools_interfaces/topic_tools_interfaces/srv/detail/mux_list__builder.hpp
-- Installing: /home/bgr/bgr_ws/install/topic_tools_interfaces/include/topic_tools_interfaces/topic_tools_interfaces/srv/detail/mux_add__type_support.hpp
-- Installing: /home/bgr/bgr_ws/install/topic_tools_interfaces/include/topic_tools_interfaces/topic_tools_interfaces/srv/detail/mux_list__struct.hpp
-- Installing: /home/bgr/bgr_ws/install/topic_tools_interfaces/include/topic_tools_interfaces/topic_tools_interfaces/srv/detail/mux_delete__type_support.hpp
-- Installing: /home/bgr/bgr_ws/install/topic_tools_interfaces/include/topic_tools_interfaces/topic_tools_interfaces/srv/detail/demux_select__struct.hpp
-- Installing: /home/bgr/bgr_ws/install/topic_tools_interfaces/include/topic_tools_interfaces/topic_tools_interfaces/srv/detail/demux_delete__type_support.hpp
-- Installing: /home/bgr/bgr_ws/install/topic_tools_interfaces/include/topic_tools_interfaces/topic_tools_interfaces/srv/detail/demux_select__traits.hpp
-- Installing: /home/bgr/bgr_ws/install/topic_tools_interfaces/include/topic_tools_interfaces/topic_tools_interfaces/srv/detail/mux_list__type_support.hpp
-- Installing: /home/bgr/bgr_ws/install/topic_tools_interfaces/include/topic_tools_interfaces/topic_tools_interfaces/srv/mux_add.hpp
-- Installing: /home/bgr/bgr_ws/install/topic_tools_interfaces/include/topic_tools_interfaces/topic_tools_interfaces/srv/demux_select.hpp
-- Installing: /home/bgr/bgr_ws/install/topic_tools_interfaces/include/topic_tools_interfaces/topic_tools_interfaces/srv/demux_add.hpp
-- Installing: /home/bgr/bgr_ws/install/topic_tools_interfaces/include/topic_tools_interfaces/topic_tools_interfaces/srv/demux_delete.hpp
-- Up-to-date: /home/bgr/bgr_ws/install/topic_tools_interfaces/include/topic_tools_interfaces/topic_tools_interfaces
-- Up-to-date: /home/bgr/bgr_ws/install/topic_tools_interfaces/include/topic_tools_interfaces/topic_tools_interfaces/msg
-- Installing: /home/bgr/bgr_ws/install/topic_tools_interfaces/include/topic_tools_interfaces/topic_tools_interfaces/msg/rosidl_typesupport_fastrtps_cpp__visibility_control.h
-- Up-to-date: /home/bgr/bgr_ws/install/topic_tools_interfaces/include/topic_tools_interfaces/topic_tools_interfaces/srv
-- Up-to-date: /home/bgr/bgr_ws/install/topic_tools_interfaces/include/topic_tools_interfaces/topic_tools_interfaces/srv/detail
-- Installing: /home/bgr/bgr_ws/install/topic_tools_interfaces/include/topic_tools_interfaces/topic_tools_interfaces/srv/detail/demux_delete__rosidl_typesupport_fastrtps_cpp.hpp
-- Installing: /home/bgr/bgr_ws/install/topic_tools_interfaces/include/topic_tools_interfaces/topic_tools_interfaces/srv/detail/mux_add__rosidl_typesupport_fastrtps_cpp.hpp
-- Installing: /home/bgr/bgr_ws/install/topic_tools_interfaces/include/topic_tools_interfaces/topic_tools_interfaces/srv/detail/mux_delete__rosidl_typesupport_fastrtps_cpp.hpp
-- Installing: /home/bgr/bgr_ws/install/topic_tools_interfaces/include/topic_tools_interfaces/topic_tools_interfaces/srv/detail/mux_list__rosidl_typesupport_fastrtps_cpp.hpp
-- Installing: /home/bgr/bgr_ws/install/topic_tools_interfaces/include/topic_tools_interfaces/topic_tools_interfaces/srv/detail/mux_select__rosidl_typesupport_fastrtps_cpp.hpp
-- Installing: /home/bgr/bgr_ws/install/topic_tools_interfaces/include/topic_tools_interfaces/topic_tools_interfaces/srv/detail/demux_select__rosidl_typesupport_fastrtps_cpp.hpp
-- Installing: /home/bgr/bgr_ws/install/topic_tools_interfaces/include/topic_tools_interfaces/topic_tools_interfaces/srv/detail/demux_list__rosidl_typesupport_fastrtps_cpp.hpp
-- Installing: /home/bgr/bgr_ws/install/topic_tools_interfaces/include/topic_tools_interfaces/topic_tools_interfaces/srv/detail/dds_fastrtps
-- Installing: /home/bgr/bgr_ws/install/topic_tools_interfaces/include/topic_tools_interfaces/topic_tools_interfaces/srv/detail/demux_add__rosidl_typesupport_fastrtps_cpp.hpp
-- Installing: /home/bgr/bgr_ws/install/topic_tools_interfaces/lib/libtopic_tools_interfaces__rosidl_typesupport_fastrtps_cpp.so
-- Set non-toolchain portion of runtime path of "/home/bgr/bgr_ws/install/topic_tools_interfaces/lib/libtopic_tools_interfaces__rosidl_typesupport_fastrtps_cpp.so" to ""
-- Up-to-date: /home/bgr/bgr_ws/install/topic_tools_interfaces/include/topic_tools_interfaces/topic_tools_interfaces
-- Up-to-date: /home/bgr/bgr_ws/install/topic_tools_interfaces/include/topic_tools_interfaces/topic_tools_interfaces/srv
-- Up-to-date: /home/bgr/bgr_ws/install/topic_tools_interfaces/include/topic_tools_interfaces/topic_tools_interfaces/srv/detail
-- Installing: /home/bgr/bgr_ws/install/topic_tools_interfaces/include/topic_tools_interfaces/topic_tools_interfaces/srv/detail/demux_add__type_support.cpp
-- Installing: /home/bgr/bgr_ws/install/topic_tools_interfaces/include/topic_tools_interfaces/topic_tools_interfaces/srv/detail/demux_list__rosidl_typesupport_introspection_cpp.hpp
-- Installing: /home/bgr/bgr_ws/install/topic_tools_interfaces/include/topic_tools_interfaces/topic_tools_interfaces/srv/detail/demux_delete__type_support.cpp
-- Installing: /home/bgr/bgr_ws/install/topic_tools_interfaces/include/topic_tools_interfaces/topic_tools_interfaces/srv/detail/mux_select__type_support.cpp
-- Installing: /home/bgr/bgr_ws/install/topic_tools_interfaces/include/topic_tools_interfaces/topic_tools_interfaces/srv/detail/mux_list__type_support.cpp
-- Installing: /home/bgr/bgr_ws/install/topic_tools_interfaces/include/topic_tools_interfaces/topic_tools_interfaces/srv/detail/demux_list__type_support.cpp
-- Installing: /home/bgr/bgr_ws/install/topic_tools_interfaces/include/topic_tools_interfaces/topic_tools_interfaces/srv/detail/demux_delete__rosidl_typesupport_introspection_cpp.hpp
-- Installing: /home/bgr/bgr_ws/install/topic_tools_interfaces/include/topic_tools_interfaces/topic_tools_interfaces/srv/detail/mux_add__type_support.cpp
-- Installing: /home/bgr/bgr_ws/install/topic_tools_interfaces/include/topic_tools_interfaces/topic_tools_interfaces/srv/detail/mux_delete__type_support.cpp
-- Installing: /home/bgr/bgr_ws/install/topic_tools_interfaces/include/topic_tools_interfaces/topic_tools_interfaces/srv/detail/demux_add__rosidl_typesupport_introspection_cpp.hpp
-- Installing: /home/bgr/bgr_ws/install/topic_tools_interfaces/include/topic_tools_interfaces/topic_tools_interfaces/srv/detail/demux_select__type_support.cpp
-- Installing: /home/bgr/bgr_ws/install/topic_tools_interfaces/include/topic_tools_interfaces/topic_tools_interfaces/srv/detail/mux_select__rosidl_typesupport_introspection_cpp.hpp
-- Installing: /home/bgr/bgr_ws/install/topic_tools_interfaces/include/topic_tools_interfaces/topic_tools_interfaces/srv/detail/demux_select__rosidl_typesupport_introspection_cpp.hpp
-- Installing: /home/bgr/bgr_ws/install/topic_tools_interfaces/include/topic_tools_interfaces/topic_tools_interfaces/srv/detail/mux_add__rosidl_typesupport_introspection_cpp.hpp
-- Installing: /home/bgr/bgr_ws/install/topic_tools_interfaces/include/topic_tools_interfaces/topic_tools_interfaces/srv/detail/mux_list__rosidl_typesupport_introspection_cpp.hpp
-- Installing: /home/bgr/bgr_ws/install/topic_tools_interfaces/include/topic_tools_interfaces/topic_tools_interfaces/srv/detail/mux_delete__rosidl_typesupport_introspection_cpp.hpp
-- Installing: /home/bgr/bgr_ws/install/topic_tools_interfaces/lib/libtopic_tools_interfaces__rosidl_typesupport_introspection_cpp.so
-- Set non-toolchain portion of runtime path of "/home/bgr/bgr_ws/install/topic_tools_interfaces/lib/libtopic_tools_interfaces__rosidl_typesupport_introspection_cpp.so" to ""
-- Installing: /home/bgr/bgr_ws/install/topic_tools_interfaces/lib/libtopic_tools_interfaces__rosidl_typesupport_cpp.so
-- Set non-toolchain portion of runtime path of "/home/bgr/bgr_ws/install/topic_tools_interfaces/lib/libtopic_tools_interfaces__rosidl_typesupport_cpp.so" to ""
-- Installing: /home/bgr/bgr_ws/install/topic_tools_interfaces/share/topic_tools_interfaces/environment/pythonpath.sh
-- Installing: /home/bgr/bgr_ws/install/topic_tools_interfaces/share/topic_tools_interfaces/environment/pythonpath.dsv
-- Installing: /home/bgr/bgr_ws/install/topic_tools_interfaces/lib/python3.12/site-packages/topic_tools_interfaces-1.4.3-py3.12.egg-info
-- Installing: /home/bgr/bgr_ws/install/topic_tools_interfaces/lib/python3.12/site-packages/topic_tools_interfaces-1.4.3-py3.12.egg-info/PKG-INFO
-- Installing: /home/bgr/bgr_ws/install/topic_tools_interfaces/lib/python3.12/site-packages/topic_tools_interfaces-1.4.3-py3.12.egg-info/dependency_links.txt
-- Installing: /home/bgr/bgr_ws/install/topic_tools_interfaces/lib/python3.12/site-packages/topic_tools_interfaces-1.4.3-py3.12.egg-info/SOURCES.txt
-- Installing: /home/bgr/bgr_ws/install/topic_tools_interfaces/lib/python3.12/site-packages/topic_tools_interfaces-1.4.3-py3.12.egg-info/top_level.txt
-- Installing: /home/bgr/bgr_ws/install/topic_tools_interfaces/lib/python3.12/site-packages/topic_tools_interfaces
-- Installing: /home/bgr/bgr_ws/install/topic_tools_interfaces/lib/python3.12/site-packages/topic_tools_interfaces/_topic_tools_interfaces_s.ep.rosidl_typesupport_introspection_c.c
-- Installing: /home/bgr/bgr_ws/install/topic_tools_interfaces/lib/python3.12/site-packages/topic_tools_interfaces/_topic_tools_interfaces_s.ep.rosidl_typesupport_fastrtps_c.c
-- Installing: /home/bgr/bgr_ws/install/topic_tools_interfaces/lib/python3.12/site-packages/topic_tools_interfaces/_topic_tools_interfaces_s.ep.rosidl_typesupport_c.c
-- Installing: /home/bgr/bgr_ws/install/topic_tools_interfaces/lib/python3.12/site-packages/topic_tools_interfaces/topic_tools_interfaces_s__rosidl_typesupport_introspection_c.so
-- Installing: /home/bgr/bgr_ws/install/topic_tools_interfaces/lib/python3.12/site-packages/topic_tools_interfaces/srv
-- Installing: /home/bgr/bgr_ws/install/topic_tools_interfaces/lib/python3.12/site-packages/topic_tools_interfaces/srv/_demux_select.py
-- Installing: /home/bgr/bgr_ws/install/topic_tools_interfaces/lib/python3.12/site-packages/topic_tools_interfaces/srv/_demux_add_s.c
-- Installing: /home/bgr/bgr_ws/install/topic_tools_interfaces/lib/python3.12/site-packages/topic_tools_interfaces/srv/_demux_add.py
-- Installing: /home/bgr/bgr_ws/install/topic_tools_interfaces/lib/python3.12/site-packages/topic_tools_interfaces/srv/_mux_delete_s.c
-- Installing: /home/bgr/bgr_ws/install/topic_tools_interfaces/lib/python3.12/site-packages/topic_tools_interfaces/srv/_mux_select.py
-- Installing: /home/bgr/bgr_ws/install/topic_tools_interfaces/lib/python3.12/site-packages/topic_tools_interfaces/srv/_mux_add.py
-- Installing: /home/bgr/bgr_ws/install/topic_tools_interfaces/lib/python3.12/site-packages/topic_tools_interfaces/srv/_demux_list.py
-- Installing: /home/bgr/bgr_ws/install/topic_tools_interfaces/lib/python3.12/site-packages/topic_tools_interfaces/srv/_demux_delete_s.c
-- Installing: /home/bgr/bgr_ws/install/topic_tools_interfaces/lib/python3.12/site-packages/topic_tools_interfaces/srv/_mux_select_s.c
-- Installing: /home/bgr/bgr_ws/install/topic_tools_interfaces/lib/python3.12/site-packages/topic_tools_interfaces/srv/_demux_select_s.c
-- Installing: /home/bgr/bgr_ws/install/topic_tools_interfaces/lib/python3.12/site-packages/topic_tools_interfaces/srv/_mux_list_s.c
-- Installing: /home/bgr/bgr_ws/install/topic_tools_interfaces/lib/python3.12/site-packages/topic_tools_interfaces/srv/_demux_delete.py
-- Installing: /home/bgr/bgr_ws/install/topic_tools_interfaces/lib/python3.12/site-packages/topic_tools_interfaces/srv/_mux_delete.py
-- Installing: /home/bgr/bgr_ws/install/topic_tools_interfaces/lib/python3.12/site-packages/topic_tools_interfaces/srv/_mux_add_s.c
-- Installing: /home/bgr/bgr_ws/install/topic_tools_interfaces/lib/python3.12/site-packages/topic_tools_interfaces/srv/_demux_list_s.c
-- Installing: /home/bgr/bgr_ws/install/topic_tools_interfaces/lib/python3.12/site-packages/topic_tools_interfaces/srv/_mux_list.py
-- Installing: /home/bgr/bgr_ws/install/topic_tools_interfaces/lib/python3.12/site-packages/topic_tools_interfaces/srv/__init__.py
-- Installing: /home/bgr/bgr_ws/install/topic_tools_interfaces/lib/python3.12/site-packages/topic_tools_interfaces/topic_tools_interfaces_s__rosidl_typesupport_c.so
-- Installing: /home/bgr/bgr_ws/install/topic_tools_interfaces/lib/python3.12/site-packages/topic_tools_interfaces/topic_tools_interfaces_s__rosidl_typesupport_fastrtps_c.so
-- Installing: /home/bgr/bgr_ws/install/topic_tools_interfaces/lib/python3.12/site-packages/topic_tools_interfaces/__init__.py
Listing '/home/bgr/bgr_ws/install/topic_tools_interfaces/lib/python3.12/site-packages/topic_tools_interfaces'...
Compiling '/home/bgr/bgr_ws/install/topic_tools_interfaces/lib/python3.12/site-packages/topic_tools_interfaces/__init__.py'...
Listing '/home/bgr/bgr_ws/install/topic_tools_interfaces/lib/python3.12/site-packages/topic_tools_interfaces/srv'...
Compiling '/home/bgr/bgr_ws/install/topic_tools_interfaces/lib/python3.12/site-packages/topic_tools_interfaces/srv/__init__.py'...
Compiling '/home/bgr/bgr_ws/install/topic_tools_interfaces/lib/python3.12/site-packages/topic_tools_interfaces/srv/_demux_add.py'...
Compiling '/home/bgr/bgr_ws/install/topic_tools_interfaces/lib/python3.12/site-packages/topic_tools_interfaces/srv/_demux_delete.py'...
Compiling '/home/bgr/bgr_ws/install/topic_tools_interfaces/lib/python3.12/site-packages/topic_tools_interfaces/srv/_demux_list.py'...
Compiling '/home/bgr/bgr_ws/install/topic_tools_interfaces/lib/python3.12/site-packages/topic_tools_interfaces/srv/_demux_select.py'...
Compiling '/home/bgr/bgr_ws/install/topic_tools_interfaces/lib/python3.12/site-packages/topic_tools_interfaces/srv/_mux_add.py'...
Compiling '/home/bgr/bgr_ws/install/topic_tools_interfaces/lib/python3.12/site-packages/topic_tools_interfaces/srv/_mux_delete.py'...
Compiling '/home/bgr/bgr_ws/install/topic_tools_interfaces/lib/python3.12/site-packages/topic_tools_interfaces/srv/_mux_list.py'...
Compiling '/home/bgr/bgr_ws/install/topic_tools_interfaces/lib/python3.12/site-packages/topic_tools_interfaces/srv/_mux_select.py'...
-- Installing: /home/bgr/bgr_ws/install/topic_tools_interfaces/lib/python3.12/site-packages/topic_tools_interfaces/topic_tools_interfaces_s__rosidl_typesupport_fastrtps_c.so
-- Set non-toolchain portion of runtime path of "/home/bgr/bgr_ws/install/topic_tools_interfaces/lib/python3.12/site-packages/topic_tools_interfaces/topic_tools_interfaces_s__rosidl_typesupport_fastrtps_c.so" to ""
-- Installing: /home/bgr/bgr_ws/install/topic_tools_interfaces/lib/python3.12/site-packages/topic_tools_interfaces/topic_tools_interfaces_s__rosidl_typesupport_introspection_c.so
-- Set non-toolchain portion of runtime path of "/home/bgr/bgr_ws/install/topic_tools_interfaces/lib/python3.12/site-packages/topic_tools_interfaces/topic_tools_interfaces_s__rosidl_typesupport_introspection_c.so" to ""
-- Installing: /home/bgr/bgr_ws/install/topic_tools_interfaces/lib/python3.12/site-packages/topic_tools_interfaces/topic_tools_interfaces_s__rosidl_typesupport_c.so
-- Set non-toolchain portion of runtime path of "/home/bgr/bgr_ws/install/topic_tools_interfaces/lib/python3.12/site-packages/topic_tools_interfaces/topic_tools_interfaces_s__rosidl_typesupport_c.so" to ""
-- Installing: /home/bgr/bgr_ws/install/topic_tools_interfaces/lib/libtopic_tools_interfaces__rosidl_generator_py.so
-- Set non-toolchain portion of runtime path of "/home/bgr/bgr_ws/install/topic_tools_interfaces/lib/libtopic_tools_interfaces__rosidl_generator_py.so" to ""
-- Installing: /home/bgr/bgr_ws/install/topic_tools_interfaces/share/topic_tools_interfaces/srv/DemuxAdd.idl
-- Installing: /home/bgr/bgr_ws/install/topic_tools_interfaces/share/topic_tools_interfaces/srv/DemuxDelete.idl
-- Installing: /home/bgr/bgr_ws/install/topic_tools_interfaces/share/topic_tools_interfaces/srv/DemuxList.idl
-- Installing: /home/bgr/bgr_ws/install/topic_tools_interfaces/share/topic_tools_interfaces/srv/DemuxSelect.idl
-- Installing: /home/bgr/bgr_ws/install/topic_tools_interfaces/share/topic_tools_interfaces/srv/MuxAdd.idl
-- Installing: /home/bgr/bgr_ws/install/topic_tools_interfaces/share/topic_tools_interfaces/srv/MuxDelete.idl
-- Installing: /home/bgr/bgr_ws/install/topic_tools_interfaces/share/topic_tools_interfaces/srv/MuxList.idl
-- Installing: /home/bgr/bgr_ws/install/topic_tools_interfaces/share/topic_tools_interfaces/srv/MuxSelect.idl
-- Installing: /home/bgr/bgr_ws/install/topic_tools_interfaces/share/topic_tools_interfaces/srv/DemuxAdd.srv
-- Installing: /home/bgr/bgr_ws/install/topic_tools_interfaces/share/topic_tools_interfaces/srv/DemuxDelete.srv
-- Installing: /home/bgr/bgr_ws/install/topic_tools_interfaces/share/topic_tools_interfaces/srv/DemuxList.srv
-- Installing: /home/bgr/bgr_ws/install/topic_tools_interfaces/share/topic_tools_interfaces/srv/DemuxSelect.srv
-- Installing: /home/bgr/bgr_ws/install/topic_tools_interfaces/share/topic_tools_interfaces/srv/MuxAdd.srv
-- Installing: /home/bgr/bgr_ws/install/topic_tools_interfaces/share/topic_tools_interfaces/srv/MuxDelete.srv
-- Installing: /home/bgr/bgr_ws/install/topic_tools_interfaces/share/topic_tools_interfaces/srv/MuxList.srv
-- Installing: /home/bgr/bgr_ws/install/topic_tools_interfaces/share/topic_tools_interfaces/srv/MuxSelect.srv
-- Installing: /home/bgr/bgr_ws/install/topic_tools_interfaces/share/ament_index/resource_index/package_run_dependencies/topic_tools_interfaces
-- Installing: /home/bgr/bgr_ws/install/topic_tools_interfaces/share/ament_index/resource_index/parent_prefix_path/topic_tools_interfaces
-- Installing: /home/bgr/bgr_ws/install/topic_tools_interfaces/share/topic_tools_interfaces/environment/ament_prefix_path.sh
-- Installing: /home/bgr/bgr_ws/install/topic_tools_interfaces/share/topic_tools_interfaces/environment/ament_prefix_path.dsv
-- Installing: /home/bgr/bgr_ws/install/topic_tools_interfaces/share/topic_tools_interfaces/environment/path.sh
-- Installing: /home/bgr/bgr_ws/install/topic_tools_interfaces/share/topic_tools_interfaces/environment/path.dsv
-- Installing: /home/bgr/bgr_ws/install/topic_tools_interfaces/share/topic_tools_interfaces/local_setup.bash
-- Installing: /home/bgr/bgr_ws/install/topic_tools_interfaces/share/topic_tools_interfaces/local_setup.sh
-- Installing: /home/bgr/bgr_ws/install/topic_tools_interfaces/share/topic_tools_interfaces/local_setup.zsh
-- Installing: /home/bgr/bgr_ws/install/topic_tools_interfaces/share/topic_tools_interfaces/local_setup.dsv
-- Installing: /home/bgr/bgr_ws/install/topic_tools_interfaces/share/topic_tools_interfaces/package.dsv
-- Installing: /home/bgr/bgr_ws/install/topic_tools_interfaces/share/ament_index/resource_index/packages/topic_tools_interfaces
-- Installing: /home/bgr/bgr_ws/install/topic_tools_interfaces/share/topic_tools_interfaces/cmake/export_topic_tools_interfaces__rosidl_generator_cExport.cmake
-- Installing: /home/bgr/bgr_ws/install/topic_tools_interfaces/share/topic_tools_interfaces/cmake/export_topic_tools_interfaces__rosidl_generator_cExport-noconfig.cmake
-- Installing: /home/bgr/bgr_ws/install/topic_tools_interfaces/share/topic_tools_interfaces/cmake/export_topic_tools_interfaces__rosidl_typesupport_fastrtps_cExport.cmake
-- Installing: /home/bgr/bgr_ws/install/topic_tools_interfaces/share/topic_tools_interfaces/cmake/export_topic_tools_interfaces__rosidl_typesupport_fastrtps_cExport-noconfig.cmake
-- Installing: /home/bgr/bgr_ws/install/topic_tools_interfaces/share/topic_tools_interfaces/cmake/topic_tools_interfaces__rosidl_typesupport_introspection_cExport.cmake
-- Installing: /home/bgr/bgr_ws/install/topic_tools_interfaces/share/topic_tools_interfaces/cmake/topic_tools_interfaces__rosidl_typesupport_introspection_cExport-noconfig.cmake
-- Installing: /home/bgr/bgr_ws/install/topic_tools_interfaces/share/topic_tools_interfaces/cmake/topic_tools_interfaces__rosidl_typesupport_cExport.cmake
-- Installing: /home/bgr/bgr_ws/install/topic_tools_interfaces/share/topic_tools_interfaces/cmake/topic_tools_interfaces__rosidl_typesupport_cExport-noconfig.cmake
-- Installing: /home/bgr/bgr_ws/install/topic_tools_interfaces/share/topic_tools_interfaces/cmake/export_topic_tools_interfaces__rosidl_generator_cppExport.cmake
-- Installing: /home/bgr/bgr_ws/install/topic_tools_interfaces/share/topic_tools_interfaces/cmake/export_topic_tools_interfaces__rosidl_typesupport_fastrtps_cppExport.cmake
-- Installing: /home/bgr/bgr_ws/install/topic_tools_interfaces/share/topic_tools_interfaces/cmake/export_topic_tools_interfaces__rosidl_typesupport_fastrtps_cppExport-noconfig.cmake
-- Installing: /home/bgr/bgr_ws/install/topic_tools_interfaces/share/topic_tools_interfaces/cmake/topic_tools_interfaces__rosidl_typesupport_introspection_cppExport.cmake
-- Installing: /home/bgr/bgr_ws/install/topic_tools_interfaces/share/topic_tools_interfaces/cmake/topic_tools_interfaces__rosidl_typesupport_introspection_cppExport-noconfig.cmake
-- Installing: /home/bgr/bgr_ws/install/topic_tools_interfaces/share/topic_tools_interfaces/cmake/topic_tools_interfaces__rosidl_typesupport_cppExport.cmake
-- Installing: /home/bgr/bgr_ws/install/topic_tools_interfaces/share/topic_tools_interfaces/cmake/topic_tools_interfaces__rosidl_typesupport_cppExport-noconfig.cmake
-- Installing: /home/bgr/bgr_ws/install/topic_tools_interfaces/share/topic_tools_interfaces/cmake/export_topic_tools_interfaces__rosidl_generator_pyExport.cmake
-- Installing: /home/bgr/bgr_ws/install/topic_tools_interfaces/share/topic_tools_interfaces/cmake/export_topic_tools_interfaces__rosidl_generator_pyExport-noconfig.cmake
-- Installing: /home/bgr/bgr_ws/install/topic_tools_interfaces/share/topic_tools_interfaces/cmake/rosidl_cmake-extras.cmake
-- Installing: /home/bgr/bgr_ws/install/topic_tools_interfaces/share/topic_tools_interfaces/cmake/ament_cmake_export_dependencies-extras.cmake
-- Installing: /home/bgr/bgr_ws/install/topic_tools_interfaces/share/topic_tools_interfaces/cmake/ament_cmake_export_include_directories-extras.cmake
-- Installing: /home/bgr/bgr_ws/install/topic_tools_interfaces/share/topic_tools_interfaces/cmake/ament_cmake_export_libraries-extras.cmake
-- Installing: /home/bgr/bgr_ws/install/topic_tools_interfaces/share/topic_tools_interfaces/cmake/ament_cmake_export_targets-extras.cmake
-- Installing: /home/bgr/bgr_ws/install/topic_tools_interfaces/share/topic_tools_interfaces/cmake/rosidl_cmake_export_typesupport_targets-extras.cmake
-- Installing: /home/bgr/bgr_ws/install/topic_tools_interfaces/share/topic_tools_interfaces/cmake/rosidl_cmake_export_typesupport_libraries-extras.cmake
-- Installing: /home/bgr/bgr_ws/install/topic_tools_interfaces/share/topic_tools_interfaces/cmake/topic_tools_interfacesConfig.cmake
-- Installing: /home/bgr/bgr_ws/install/topic_tools_interfaces/share/topic_tools_interfaces/cmake/topic_tools_interfacesConfig-version.cmake
-- Installing: /home/bgr/bgr_ws/install/topic_tools_interfaces/share/topic_tools_interfaces/package.xml
